[2026-02-09 13:49:43.956] Client 3 started
[2026-02-09 13:49:43.958] No know primary
[2026-02-09 13:49:43.996] Heartbeat sent
[2026-02-09 13:49:43.998] New primary found, switching
[2026-02-09 13:49:44.502] Heartbeat sent
[2026-02-09 13:49:44.502] Heartbeat acknowledged
[2026-02-09 13:49:45.005] Heartbeat sent
[2026-02-09 13:49:45.006] Heartbeat acknowledged
[2026-02-09 13:49:45.508] Heartbeat sent
[2026-02-09 13:49:45.510] Heartbeat acknowledged
[2026-02-09 13:49:46.011] Heartbeat sent
[2026-02-09 13:49:46.013] Heartbeat acknowledged
[2026-02-09 13:49:46.514] Heartbeat sent
[2026-02-09 13:49:46.515] Heartbeat acknowledged
[2026-02-09 13:49:47.016] Heartbeat sent
[2026-02-09 13:49:47.018] Heartbeat acknowledged
[2026-02-09 13:49:47.521] Heartbeat sent
[2026-02-09 13:49:47.522] Heartbeat acknowledged
[2026-02-09 13:49:48.024] Heartbeat sent
[2026-02-09 13:49:48.025] Heartbeat acknowledged
[2026-02-09 13:49:48.527] Heartbeat sent
[2026-02-09 13:49:48.528] Heartbeat acknowledged
[2026-02-09 13:49:48.961] Sent 57
[2026-02-09 13:49:49.030] Heartbeat sent
[2026-02-09 13:49:49.032] Heartbeat acknowledged
[2026-02-09 13:49:49.533] Heartbeat sent
[2026-02-09 13:49:49.535] Heartbeat acknowledged
[2026-02-09 13:49:50.037] Heartbeat sent
[2026-02-09 13:49:50.039] Heartbeat acknowledged
[2026-02-09 13:49:50.541] Heartbeat sent
[2026-02-09 13:49:50.542] Heartbeat acknowledged
[2026-02-09 13:49:51.044] Heartbeat sent
[2026-02-09 13:49:51.045] Heartbeat acknowledged
[2026-02-09 13:49:51.550] Heartbeat sent
[2026-02-09 13:49:51.553] Heartbeat acknowledged
[2026-02-09 13:49:52.055] Heartbeat sent
[2026-02-09 13:49:52.056] Heartbeat acknowledged
[2026-02-09 13:49:52.559] Heartbeat sent
[2026-02-09 13:49:52.561] Heartbeat acknowledged
[2026-02-09 13:49:53.061] Heartbeat sent
[2026-02-09 13:49:53.061] Heartbeat acknowledged
[2026-02-09 13:49:53.563] Heartbeat sent
[2026-02-09 13:49:53.565] Heartbeat acknowledged
[2026-02-09 13:49:53.968] Sent 10
[2026-02-09 13:49:54.067] Heartbeat sent
[2026-02-09 13:49:54.068] Heartbeat acknowledged
[2026-02-09 13:49:54.569] Heartbeat sent
[2026-02-09 13:49:54.569] Heartbeat acknowledged
[2026-02-09 13:49:55.071] Heartbeat sent
[2026-02-09 13:49:55.071] Heartbeat acknowledged
[2026-02-09 13:49:55.574] Heartbeat sent
[2026-02-09 13:49:55.575] Heartbeat acknowledged
[2026-02-09 13:49:56.076] Heartbeat sent
[2026-02-09 13:49:56.076] Heartbeat acknowledged
[2026-02-09 13:49:56.579] Heartbeat sent
[2026-02-09 13:49:56.579] Heartbeat acknowledged
[2026-02-09 13:49:57.082] Heartbeat sent
[2026-02-09 13:49:57.083] Heartbeat acknowledged
[2026-02-09 13:49:57.585] Heartbeat sent
[2026-02-09 13:49:57.585] Heartbeat acknowledged
[2026-02-09 13:49:58.088] Heartbeat sent
[2026-02-09 13:49:58.088] Heartbeat acknowledged
[2026-02-09 13:49:58.591] Heartbeat sent
[2026-02-09 13:49:58.634] Heartbeat failed: No line found
[2026-02-09 13:49:58.972] Sent 48
[2026-02-09 13:49:59.138] Heartbeat failed: Connection refused: connect
