[2026-02-09 13:49:42.951] Client 2 started
[2026-02-09 13:49:42.952] No know primary
[2026-02-09 13:49:42.987] Heartbeat sent
[2026-02-09 13:49:42.990] New primary found, switching
[2026-02-09 13:49:43.494] Heartbeat sent
[2026-02-09 13:49:43.495] Heartbeat acknowledged
[2026-02-09 13:49:43.997] Heartbeat sent
[2026-02-09 13:49:43.997] Heartbeat acknowledged
[2026-02-09 13:49:44.498] Heartbeat sent
[2026-02-09 13:49:44.499] Heartbeat acknowledged
[2026-02-09 13:49:45.002] Heartbeat sent
[2026-02-09 13:49:45.003] Heartbeat acknowledged
[2026-02-09 13:49:45.503] Heartbeat sent
[2026-02-09 13:49:45.503] Heartbeat acknowledged
[2026-02-09 13:49:46.007] Heartbeat sent
[2026-02-09 13:49:46.008] Heartbeat acknowledged
[2026-02-09 13:49:46.511] Heartbeat sent
[2026-02-09 13:49:46.513] Heartbeat acknowledged
[2026-02-09 13:49:47.014] Heartbeat sent
[2026-02-09 13:49:47.015] Heartbeat acknowledged
[2026-02-09 13:49:47.517] Heartbeat sent
[2026-02-09 13:49:47.518] Heartbeat acknowledged
[2026-02-09 13:49:47.954] Sent 14
[2026-02-09 13:49:48.020] Heartbeat sent
[2026-02-09 13:49:48.021] Heartbeat acknowledged
[2026-02-09 13:49:48.524] Heartbeat sent
[2026-02-09 13:49:48.525] Heartbeat acknowledged
[2026-02-09 13:49:49.026] Heartbeat sent
[2026-02-09 13:49:49.027] Heartbeat acknowledged
[2026-02-09 13:49:49.529] Heartbeat sent
[2026-02-09 13:49:49.529] Heartbeat acknowledged
[2026-02-09 13:49:50.032] Heartbeat sent
[2026-02-09 13:49:50.032] Heartbeat acknowledged
[2026-02-09 13:49:50.534] Heartbeat sent
[2026-02-09 13:49:50.535] Heartbeat acknowledged
[2026-02-09 13:49:51.036] Heartbeat sent
[2026-02-09 13:49:51.038] Heartbeat acknowledged
[2026-02-09 13:49:51.539] Heartbeat sent
[2026-02-09 13:49:51.540] Heartbeat acknowledged
[2026-02-09 13:49:52.041] Heartbeat sent
[2026-02-09 13:49:52.041] Heartbeat acknowledged
[2026-02-09 13:49:52.544] Heartbeat sent
[2026-02-09 13:49:52.545] Heartbeat acknowledged
[2026-02-09 13:49:52.960] Sent 93
[2026-02-09 13:49:53.047] Heartbeat sent
[2026-02-09 13:49:53.047] Heartbeat acknowledged
[2026-02-09 13:49:53.549] Heartbeat sent
[2026-02-09 13:49:53.550] Heartbeat acknowledged
[2026-02-09 13:49:54.052] Heartbeat sent
[2026-02-09 13:49:54.052] Heartbeat acknowledged
[2026-02-09 13:49:54.554] Heartbeat sent
[2026-02-09 13:49:54.554] Heartbeat acknowledged
[2026-02-09 13:49:55.057] Heartbeat sent
[2026-02-09 13:49:55.058] Heartbeat acknowledged
[2026-02-09 13:49:55.559] Heartbeat sent
[2026-02-09 13:49:55.559] Heartbeat acknowledged
[2026-02-09 13:49:56.062] Heartbeat sent
[2026-02-09 13:49:56.063] Heartbeat acknowledged
[2026-02-09 13:49:56.565] Heartbeat sent
[2026-02-09 13:49:56.565] Heartbeat acknowledged
[2026-02-09 13:49:57.066] Heartbeat sent
[2026-02-09 13:49:57.067] Heartbeat acknowledged
[2026-02-09 13:49:57.569] Heartbeat sent
[2026-02-09 13:49:57.569] Heartbeat acknowledged
[2026-02-09 13:49:57.963] Sent 88
[2026-02-09 13:49:58.071] Heartbeat sent
[2026-02-09 13:49:58.071] Heartbeat acknowledged
[2026-02-09 13:49:58.574] Heartbeat sent
[2026-02-09 13:49:58.634] Heartbeat failed: No line found
[2026-02-09 13:49:59.141] Heartbeat failed: Connection refused: connect
