[2026-02-09 13:49:41.947] Client 1 started
[2026-02-09 13:49:41.948] No know primary
[2026-02-09 13:49:41.987] Heartbeat sent
[2026-02-09 13:49:41.992] New primary found, switching
[2026-02-09 13:49:42.495] Heartbeat sent
[2026-02-09 13:49:42.496] Heartbeat acknowledged
[2026-02-09 13:49:42.998] Heartbeat sent
[2026-02-09 13:49:42.998] Heartbeat acknowledged
[2026-02-09 13:49:43.501] Heartbeat sent
[2026-02-09 13:49:43.502] Heartbeat acknowledged
[2026-02-09 13:49:44.005] Heartbeat sent
[2026-02-09 13:49:44.005] Heartbeat acknowledged
[2026-02-09 13:49:44.507] Heartbeat sent
[2026-02-09 13:49:44.508] Heartbeat acknowledged
[2026-02-09 13:49:45.011] Heartbeat sent
[2026-02-09 13:49:45.011] Heartbeat acknowledged
[2026-02-09 13:49:45.514] Heartbeat sent
[2026-02-09 13:49:45.514] Heartbeat acknowledged
[2026-02-09 13:49:46.016] Heartbeat sent
[2026-02-09 13:49:46.017] Heartbeat acknowledged
[2026-02-09 13:49:46.519] Heartbeat sent
[2026-02-09 13:49:46.520] Heartbeat acknowledged
[2026-02-09 13:49:46.951] Sent 13
[2026-02-09 13:49:47.022] Heartbeat sent
[2026-02-09 13:49:47.023] Heartbeat acknowledged
[2026-02-09 13:49:47.524] Heartbeat sent
[2026-02-09 13:49:47.525] Heartbeat acknowledged
[2026-02-09 13:49:48.027] Heartbeat sent
[2026-02-09 13:49:48.028] Heartbeat acknowledged
[2026-02-09 13:49:48.529] Heartbeat sent
[2026-02-09 13:49:48.530] Heartbeat acknowledged
[2026-02-09 13:49:49.032] Heartbeat sent
[2026-02-09 13:49:49.032] Heartbeat acknowledged
[2026-02-09 13:49:49.535] Heartbeat sent
[2026-02-09 13:49:49.535] Heartbeat acknowledged
[2026-02-09 13:49:50.037] Heartbeat sent
[2026-02-09 13:49:50.039] Heartbeat acknowledged
[2026-02-09 13:49:50.541] Heartbeat sent
[2026-02-09 13:49:50.542] Heartbeat acknowledged
[2026-02-09 13:49:51.043] Heartbeat sent
[2026-02-09 13:49:51.044] Heartbeat acknowledged
[2026-02-09 13:49:51.548] Heartbeat sent
[2026-02-09 13:49:51.553] Heartbeat acknowledged
[2026-02-09 13:49:51.960] Sent 27
[2026-02-09 13:49:52.055] Heartbeat sent
[2026-02-09 13:49:52.056] Heartbeat acknowledged
[2026-02-09 13:49:52.559] Heartbeat sent
[2026-02-09 13:49:52.559] Heartbeat acknowledged
[2026-02-09 13:49:53.061] Heartbeat sent
[2026-02-09 13:49:53.061] Heartbeat acknowledged
[2026-02-09 13:49:53.563] Heartbeat sent
[2026-02-09 13:49:53.564] Heartbeat acknowledged
[2026-02-09 13:49:54.067] Heartbeat sent
[2026-02-09 13:49:54.068] Heartbeat acknowledged
[2026-02-09 13:49:54.569] Heartbeat sent
[2026-02-09 13:49:54.570] Heartbeat acknowledged
[2026-02-09 13:49:55.072] Heartbeat sent
[2026-02-09 13:49:55.072] Heartbeat acknowledged
[2026-02-09 13:49:55.575] Heartbeat sent
[2026-02-09 13:49:55.576] Heartbeat acknowledged
[2026-02-09 13:49:56.078] Heartbeat sent
[2026-02-09 13:49:56.078] Heartbeat acknowledged
[2026-02-09 13:49:56.580] Heartbeat sent
[2026-02-09 13:49:56.580] Heartbeat acknowledged
[2026-02-09 13:49:56.962] Sent 42
[2026-02-09 13:49:57.082] Heartbeat sent
[2026-02-09 13:49:57.083] Heartbeat acknowledged
[2026-02-09 13:49:57.585] Heartbeat sent
[2026-02-09 13:49:57.585] Heartbeat acknowledged
[2026-02-09 13:49:58.088] Heartbeat sent
[2026-02-09 13:49:58.088] Heartbeat acknowledged
[2026-02-09 13:49:58.591] Heartbeat sent
[2026-02-09 13:49:58.634] Heartbeat failed: No line found
[2026-02-09 13:49:59.138] Heartbeat failed: Connection refused: connect
