[2026-02-09 13:49:38.952] Server 2001 started
[2026-02-09 13:49:38.962] Heartbeat sent
[2026-02-09 13:49:38.966] Server promoted to primary
[2026-02-09 13:49:38.966] Server promoted to PRIMARY
[2026-02-09 13:49:39.469] Heartbeat sent
[2026-02-09 13:49:39.470] Heartbeat acknowledged
[2026-02-09 13:49:39.974] Heartbeat sent
[2026-02-09 13:49:39.974] Heartbeat acknowledged
[2026-02-09 13:49:40.475] Heartbeat sent
[2026-02-09 13:49:40.478] Heartbeat acknowledged
[2026-02-09 13:49:40.979] Heartbeat sent
[2026-02-09 13:49:40.980] Heartbeat acknowledged
[2026-02-09 13:49:41.483] Heartbeat sent
[2026-02-09 13:49:41.484] Heartbeat acknowledged
[2026-02-09 13:49:41.985] Heartbeat sent
[2026-02-09 13:49:41.989] Heartbeat acknowledged
[2026-02-09 13:49:42.492] Heartbeat sent
[2026-02-09 13:49:42.494] Heartbeat acknowledged
[2026-02-09 13:49:42.996] Heartbeat sent
[2026-02-09 13:49:42.997] Heartbeat acknowledged
[2026-02-09 13:49:43.498] Heartbeat sent
[2026-02-09 13:49:43.499] Heartbeat acknowledged
[2026-02-09 13:49:44.001] Heartbeat sent
[2026-02-09 13:49:44.002] Heartbeat acknowledged
[2026-02-09 13:49:44.504] Heartbeat sent
[2026-02-09 13:49:44.505] Heartbeat acknowledged
[2026-02-09 13:49:45.007] Heartbeat sent
[2026-02-09 13:49:45.008] Heartbeat acknowledged
[2026-02-09 13:49:45.508] Heartbeat sent
[2026-02-09 13:49:45.510] Heartbeat acknowledged
[2026-02-09 13:49:46.011] Heartbeat sent
[2026-02-09 13:49:46.013] Heartbeat acknowledged
[2026-02-09 13:49:46.514] Heartbeat sent
[2026-02-09 13:49:46.516] Heartbeat acknowledged
[2026-02-09 13:49:46.953] Recieved 13
[2026-02-09 13:49:46.954] Sum updated to 13
[2026-02-09 13:49:47.018] Heartbeat sent
[2026-02-09 13:49:47.020] Heartbeat acknowledged
[2026-02-09 13:49:47.521] Heartbeat sent
[2026-02-09 13:49:47.522] Heartbeat acknowledged
[2026-02-09 13:49:47.954] Recieved 14
[2026-02-09 13:49:47.954] Sum updated to 27
[2026-02-09 13:49:48.024] Heartbeat sent
[2026-02-09 13:49:48.025] Heartbeat acknowledged
[2026-02-09 13:49:48.527] Heartbeat sent
[2026-02-09 13:49:48.528] Heartbeat acknowledged
[2026-02-09 13:49:48.961] Recieved 57
[2026-02-09 13:49:48.961] Sum updated to 84
[2026-02-09 13:49:49.030] Heartbeat sent
[2026-02-09 13:49:49.032] Heartbeat acknowledged
[2026-02-09 13:49:49.534] Heartbeat sent
[2026-02-09 13:49:49.535] Heartbeat acknowledged
[2026-02-09 13:49:50.037] Heartbeat sent
[2026-02-09 13:49:50.039] Heartbeat acknowledged
[2026-02-09 13:49:50.541] Heartbeat sent
[2026-02-09 13:49:50.542] Heartbeat acknowledged
[2026-02-09 13:49:51.044] Heartbeat sent
[2026-02-09 13:49:51.045] Heartbeat acknowledged
[2026-02-09 13:49:51.551] Heartbeat sent
[2026-02-09 13:49:51.553] Heartbeat acknowledged
[2026-02-09 13:49:51.960] Recieved 27
[2026-02-09 13:49:51.960] Sum updated to 111
[2026-02-09 13:49:52.057] Heartbeat sent
[2026-02-09 13:49:52.058] Heartbeat acknowledged
[2026-02-09 13:49:52.561] Heartbeat sent
[2026-02-09 13:49:52.562] Heartbeat acknowledged
[2026-02-09 13:49:52.960] Recieved 93
[2026-02-09 13:49:52.960] Sum updated to 204
[2026-02-09 13:49:53.064] Heartbeat sent
[2026-02-09 13:49:53.066] Heartbeat acknowledged
[2026-02-09 13:49:53.567] Heartbeat sent
[2026-02-09 13:49:53.568] Heartbeat acknowledged
[2026-02-09 13:49:53.968] Recieved 10
[2026-02-09 13:49:53.968] Sum updated to 214
[2026-02-09 13:49:54.071] Heartbeat sent
[2026-02-09 13:49:54.072] Heartbeat acknowledged
[2026-02-09 13:49:54.574] Heartbeat sent
[2026-02-09 13:49:54.575] Heartbeat acknowledged
[2026-02-09 13:49:55.076] Heartbeat sent
[2026-02-09 13:49:55.077] Heartbeat acknowledged
[2026-02-09 13:49:55.578] Heartbeat sent
[2026-02-09 13:49:55.580] Heartbeat acknowledged
[2026-02-09 13:49:56.080] Heartbeat sent
[2026-02-09 13:49:56.080] Heartbeat acknowledged
[2026-02-09 13:49:56.583] Heartbeat sent
[2026-02-09 13:49:56.583] Heartbeat acknowledged
[2026-02-09 13:49:56.962] Recieved 42
[2026-02-09 13:49:56.962] Sum updated to 256
[2026-02-09 13:49:57.087] Heartbeat sent
[2026-02-09 13:49:57.088] Heartbeat acknowledged
[2026-02-09 13:49:57.590] Heartbeat sent
[2026-02-09 13:49:57.590] Heartbeat acknowledged
[2026-02-09 13:49:57.963] Recieved 88
[2026-02-09 13:49:57.963] Sum updated to 344
[2026-02-09 13:49:58.092] Heartbeat sent
[2026-02-09 13:49:58.092] Heartbeat acknowledged
[2026-02-09 13:49:58.594] Heartbeat sent
[2026-02-09 13:49:58.635] Heartbeat failed: No line found
[2026-02-09 13:49:58.972] Recieved 48
[2026-02-09 13:49:58.972] Sum updated to 392
[2026-02-09 13:49:59.140] Heartbeat failed: Connection refused: connect
