[2026-02-09 13:49:40.967] Server 2003 started
[2026-02-09 13:49:40.977] Heartbeat sent
[2026-02-09 13:49:40.980] Heartbeat acknowledged.
[2026-02-09 13:49:41.484] Heartbeat sent
[2026-02-09 13:49:41.486] Heartbeat acknowledged.
[2026-02-09 13:49:41.988] Heartbeat sent
[2026-02-09 13:49:41.992] Heartbeat acknowledged.
[2026-02-09 13:49:42.493] Heartbeat sent
[2026-02-09 13:49:42.495] Heartbeat acknowledged.
[2026-02-09 13:49:42.997] Heartbeat sent
[2026-02-09 13:49:42.997] Heartbeat acknowledged.
[2026-02-09 13:49:43.499] Heartbeat sent
[2026-02-09 13:49:43.501] Heartbeat acknowledged.
[2026-02-09 13:49:44.002] Heartbeat sent
[2026-02-09 13:49:44.003] Heartbeat acknowledged.
[2026-02-09 13:49:44.505] Heartbeat sent
[2026-02-09 13:49:44.506] Heartbeat acknowledged.
[2026-02-09 13:49:45.010] Heartbeat sent
[2026-02-09 13:49:45.011] Heartbeat acknowledged.
[2026-02-09 13:49:45.511] Heartbeat sent
[2026-02-09 13:49:45.511] Heartbeat acknowledged.
[2026-02-09 13:49:46.014] Heartbeat sent
[2026-02-09 13:49:46.016] Heartbeat acknowledged.
[2026-02-09 13:49:46.517] Heartbeat sent
[2026-02-09 13:49:46.518] Heartbeat acknowledged.
[2026-02-09 13:49:47.020] Heartbeat sent
[2026-02-09 13:49:47.021] Sum set to 13
[2026-02-09 13:49:47.021] Heartbeat acknowledged.
[2026-02-09 13:49:47.524] Heartbeat sent
[2026-02-09 13:49:47.525] Heartbeat acknowledged.
[2026-02-09 13:49:48.027] Heartbeat sent
[2026-02-09 13:49:48.028] Sum set to 27
[2026-02-09 13:49:48.028] Heartbeat acknowledged.
[2026-02-09 13:49:48.530] Heartbeat sent
[2026-02-09 13:49:48.531] Heartbeat acknowledged.
[2026-02-09 13:49:49.033] Heartbeat sent
[2026-02-09 13:49:49.035] Sum set to 84
[2026-02-09 13:49:49.035] Heartbeat acknowledged.
[2026-02-09 13:49:49.536] Heartbeat sent
[2026-02-09 13:49:49.538] Heartbeat acknowledged.
[2026-02-09 13:49:50.039] Heartbeat sent
[2026-02-09 13:49:50.039] Heartbeat acknowledged.
[2026-02-09 13:49:50.542] Heartbeat sent
[2026-02-09 13:49:50.543] Heartbeat acknowledged.
[2026-02-09 13:49:51.045] Heartbeat sent
[2026-02-09 13:49:51.045] Heartbeat acknowledged.
[2026-02-09 13:49:51.550] Heartbeat sent
[2026-02-09 13:49:51.553] Heartbeat acknowledged.
[2026-02-09 13:49:52.057] Heartbeat sent
[2026-02-09 13:49:52.058] Sum set to 111
[2026-02-09 13:49:52.058] Heartbeat acknowledged.
[2026-02-09 13:49:52.561] Heartbeat sent
[2026-02-09 13:49:52.563] Heartbeat acknowledged.
[2026-02-09 13:49:53.064] Heartbeat sent
[2026-02-09 13:49:53.064] Heartbeat acknowledged.
[2026-02-09 13:49:53.567] Heartbeat sent
[2026-02-09 13:49:53.568] Sum set to 204
[2026-02-09 13:49:53.568] Heartbeat acknowledged.
[2026-02-09 13:49:54.071] Heartbeat sent
[2026-02-09 13:49:54.072] Sum set to 214
[2026-02-09 13:49:54.072] Heartbeat acknowledged.
[2026-02-09 13:49:54.574] Heartbeat sent
[2026-02-09 13:49:54.574] Heartbeat acknowledged.
[2026-02-09 13:49:55.076] Heartbeat sent
[2026-02-09 13:49:55.077] Heartbeat acknowledged.
[2026-02-09 13:49:55.580] Heartbeat sent
[2026-02-09 13:49:55.581] Heartbeat acknowledged.
[2026-02-09 13:49:56.082] Heartbeat sent
[2026-02-09 13:49:56.082] Heartbeat acknowledged.
[2026-02-09 13:49:56.585] Heartbeat sent
[2026-02-09 13:49:56.585] Heartbeat acknowledged.
[2026-02-09 13:49:57.088] Heartbeat sent
[2026-02-09 13:49:57.090] Sum set to 256
[2026-02-09 13:49:57.090] Heartbeat acknowledged.
[2026-02-09 13:49:57.592] Heartbeat sent
[2026-02-09 13:49:57.592] Heartbeat acknowledged.
[2026-02-09 13:49:58.094] Heartbeat sent
[2026-02-09 13:49:58.095] Sum set to 344
[2026-02-09 13:49:58.095] Heartbeat acknowledged.
[2026-02-09 13:49:58.597] Heartbeat sent
[2026-02-09 13:49:58.635] Heartbeat failed: No line found
[2026-02-09 13:49:59.140] Heartbeat failed: Connection refused: connect
