[2026-02-09 13:49:39.957] Server 2002 started
[2026-02-09 13:49:39.969] Heartbeat sent
[2026-02-09 13:49:39.970] Heartbeat acknowledged.
[2026-02-09 13:49:40.474] Heartbeat sent
[2026-02-09 13:49:40.477] Heartbeat acknowledged.
[2026-02-09 13:49:40.980] Heartbeat sent
[2026-02-09 13:49:40.982] Heartbeat acknowledged.
[2026-02-09 13:49:41.484] Heartbeat sent
[2026-02-09 13:49:41.486] Heartbeat acknowledged.
[2026-02-09 13:49:41.987] Heartbeat sent
[2026-02-09 13:49:41.991] Heartbeat acknowledged.
[2026-02-09 13:49:42.493] Heartbeat sent
[2026-02-09 13:49:42.496] Heartbeat acknowledged.
[2026-02-09 13:49:43.000] Heartbeat sent
[2026-02-09 13:49:43.001] Heartbeat acknowledged.
[2026-02-09 13:49:43.504] Heartbeat sent
[2026-02-09 13:49:43.505] Heartbeat acknowledged.
[2026-02-09 13:49:44.006] Heartbeat sent
[2026-02-09 13:49:44.008] Heartbeat acknowledged.
[2026-02-09 13:49:44.510] Heartbeat sent
[2026-02-09 13:49:44.512] Heartbeat acknowledged.
[2026-02-09 13:49:45.013] Heartbeat sent
[2026-02-09 13:49:45.013] Heartbeat acknowledged.
[2026-02-09 13:49:45.514] Heartbeat sent
[2026-02-09 13:49:45.516] Heartbeat acknowledged.
[2026-02-09 13:49:46.017] Heartbeat sent
[2026-02-09 13:49:46.018] Heartbeat acknowledged.
[2026-02-09 13:49:46.520] Heartbeat sent
[2026-02-09 13:49:46.522] Heartbeat acknowledged.
[2026-02-09 13:49:47.023] Heartbeat sent
[2026-02-09 13:49:47.024] Sum set to 13
[2026-02-09 13:49:47.024] Heartbeat acknowledged.
[2026-02-09 13:49:47.527] Heartbeat sent
[2026-02-09 13:49:47.528] Heartbeat acknowledged.
[2026-02-09 13:49:48.030] Heartbeat sent
[2026-02-09 13:49:48.031] Sum set to 27
[2026-02-09 13:49:48.031] Heartbeat acknowledged.
[2026-02-09 13:49:48.533] Heartbeat sent
[2026-02-09 13:49:48.535] Heartbeat acknowledged.
[2026-02-09 13:49:49.037] Heartbeat sent
[2026-02-09 13:49:49.038] Sum set to 84
[2026-02-09 13:49:49.038] Heartbeat acknowledged.
[2026-02-09 13:49:49.540] Heartbeat sent
[2026-02-09 13:49:49.541] Heartbeat acknowledged.
[2026-02-09 13:49:50.042] Heartbeat sent
[2026-02-09 13:49:50.044] Heartbeat acknowledged.
[2026-02-09 13:49:50.545] Heartbeat sent
[2026-02-09 13:49:50.546] Heartbeat acknowledged.
[2026-02-09 13:49:51.047] Heartbeat sent
[2026-02-09 13:49:51.049] Heartbeat acknowledged.
[2026-02-09 13:49:51.551] Heartbeat sent
[2026-02-09 13:49:51.553] Heartbeat acknowledged.
[2026-02-09 13:49:52.057] Heartbeat sent
[2026-02-09 13:49:52.058] Sum set to 111
[2026-02-09 13:49:52.058] Heartbeat acknowledged.
[2026-02-09 13:49:52.561] Heartbeat sent
[2026-02-09 13:49:52.563] Heartbeat acknowledged.
[2026-02-09 13:49:53.064] Heartbeat sent
[2026-02-09 13:49:53.066] Sum set to 204
[2026-02-09 13:49:53.066] Heartbeat acknowledged.
[2026-02-09 13:49:53.568] Heartbeat sent
[2026-02-09 13:49:53.570] Heartbeat acknowledged.
[2026-02-09 13:49:54.072] Heartbeat sent
[2026-02-09 13:49:54.073] Sum set to 214
[2026-02-09 13:49:54.073] Heartbeat acknowledged.
[2026-02-09 13:49:54.575] Heartbeat sent
[2026-02-09 13:49:54.575] Heartbeat acknowledged.
[2026-02-09 13:49:55.078] Heartbeat sent
[2026-02-09 13:49:55.079] Heartbeat acknowledged.
[2026-02-09 13:49:55.581] Heartbeat sent
[2026-02-09 13:49:55.582] Heartbeat acknowledged.
[2026-02-09 13:49:56.084] Heartbeat sent
[2026-02-09 13:49:56.085] Heartbeat acknowledged.
[2026-02-09 13:49:56.587] Heartbeat sent
[2026-02-09 13:49:56.587] Heartbeat acknowledged.
[2026-02-09 13:49:57.091] Heartbeat sent
[2026-02-09 13:49:57.091] Sum set to 256
[2026-02-09 13:49:57.093] Heartbeat acknowledged.
[2026-02-09 13:49:57.595] Heartbeat sent
[2026-02-09 13:49:57.595] Heartbeat acknowledged.
[2026-02-09 13:49:58.096] Heartbeat sent
[2026-02-09 13:49:58.096] Sum set to 344
[2026-02-09 13:49:58.098] Heartbeat acknowledged.
[2026-02-09 13:49:58.600] Heartbeat sent
[2026-02-09 13:49:58.635] Heartbeat failed: No line found
[2026-02-09 13:49:59.138] Heartbeat failed: Connection refused: connect
