[2026-02-09 14:33:49.178] Client 3 started
[2026-02-09 14:33:49.179] No know primary
[2026-02-09 14:33:49.218] Heartbeat sent
[2026-02-09 14:33:49.219] New primary found, switching
[2026-02-09 14:33:49.724] Heartbeat sent
[2026-02-09 14:33:49.725] Heartbeat acknowledged
[2026-02-09 14:33:50.227] Heartbeat sent
[2026-02-09 14:33:50.228] Heartbeat acknowledged
[2026-02-09 14:33:50.732] Heartbeat sent
[2026-02-09 14:33:50.732] Heartbeat acknowledged
[2026-02-09 14:33:51.235] Heartbeat sent
[2026-02-09 14:33:51.237] Heartbeat acknowledged
[2026-02-09 14:33:51.742] Heartbeat sent
[2026-02-09 14:33:51.743] Heartbeat acknowledged
[2026-02-09 14:33:52.246] Heartbeat sent
[2026-02-09 14:33:52.247] Heartbeat acknowledged
[2026-02-09 14:33:52.749] Heartbeat sent
[2026-02-09 14:33:52.751] Heartbeat acknowledged
[2026-02-09 14:33:53.251] Heartbeat sent
[2026-02-09 14:33:53.251] Heartbeat acknowledged
[2026-02-09 14:33:53.754] Heartbeat sent
[2026-02-09 14:33:53.755] Heartbeat acknowledged
[2026-02-09 14:33:54.180] Sent 51
[2026-02-09 14:33:54.257] Heartbeat sent
[2026-02-09 14:33:54.257] Heartbeat acknowledged
[2026-02-09 14:33:54.760] Heartbeat sent
[2026-02-09 14:33:54.761] Heartbeat acknowledged
[2026-02-09 14:33:55.263] Heartbeat sent
[2026-02-09 14:33:55.265] Heartbeat acknowledged
[2026-02-09 14:33:55.767] Heartbeat sent
[2026-02-09 14:33:55.768] Heartbeat acknowledged
[2026-02-09 14:33:56.269] Heartbeat sent
[2026-02-09 14:33:56.269] Heartbeat acknowledged
[2026-02-09 14:33:56.772] Heartbeat sent
[2026-02-09 14:33:56.773] Heartbeat acknowledged
[2026-02-09 14:33:57.275] Heartbeat sent
[2026-02-09 14:33:57.277] Heartbeat acknowledged
[2026-02-09 14:33:57.780] Heartbeat sent
[2026-02-09 14:33:57.780] Heartbeat acknowledged
[2026-02-09 14:33:58.282] Heartbeat sent
[2026-02-09 14:33:58.283] Heartbeat acknowledged
[2026-02-09 14:33:58.784] Heartbeat sent
[2026-02-09 14:33:58.784] Heartbeat acknowledged
[2026-02-09 14:33:59.186] Sent 86
[2026-02-09 14:33:59.286] Heartbeat sent
[2026-02-09 14:33:59.287] Heartbeat acknowledged
[2026-02-09 14:33:59.789] Heartbeat sent
[2026-02-09 14:33:59.791] Heartbeat acknowledged
[2026-02-09 14:34:00.292] Heartbeat sent
[2026-02-09 14:34:00.293] Heartbeat acknowledged
[2026-02-09 14:34:00.795] Heartbeat sent
[2026-02-09 14:34:00.795] Heartbeat acknowledged
[2026-02-09 14:34:01.297] Heartbeat sent
[2026-02-09 14:34:01.298] Heartbeat acknowledged
[2026-02-09 14:34:01.799] Heartbeat sent
[2026-02-09 14:34:01.800] Heartbeat acknowledged
[2026-02-09 14:34:02.302] Heartbeat sent
[2026-02-09 14:34:02.303] Heartbeat acknowledged
[2026-02-09 14:34:02.805] Heartbeat sent
[2026-02-09 14:34:02.805] Heartbeat acknowledged
[2026-02-09 14:34:03.307] Heartbeat sent
[2026-02-09 14:34:03.308] Heartbeat acknowledged
[2026-02-09 14:34:03.810] Heartbeat sent
[2026-02-09 14:34:03.810] Heartbeat acknowledged
[2026-02-09 14:34:04.189] Sent 10
[2026-02-09 14:34:04.312] Heartbeat sent
[2026-02-09 14:34:04.312] Heartbeat acknowledged
[2026-02-09 14:34:04.813] Heartbeat sent
[2026-02-09 14:34:04.814] Heartbeat acknowledged
[2026-02-09 14:34:05.316] Heartbeat sent
[2026-02-09 14:34:05.316] Heartbeat acknowledged
[2026-02-09 14:34:05.819] Heartbeat sent
[2026-02-09 14:34:05.819] Heartbeat acknowledged
[2026-02-09 14:34:06.321] Heartbeat sent
[2026-02-09 14:34:06.321] Heartbeat acknowledged
[2026-02-09 14:34:06.824] Heartbeat sent
[2026-02-09 14:34:06.824] Heartbeat acknowledged
[2026-02-09 14:34:07.328] Heartbeat sent
[2026-02-09 14:34:07.329] Heartbeat acknowledged
[2026-02-09 14:34:07.831] Heartbeat sent
[2026-02-09 14:34:07.832] Heartbeat acknowledged
[2026-02-09 14:34:08.333] Heartbeat sent
[2026-02-09 14:34:08.333] Heartbeat acknowledged
[2026-02-09 14:34:08.835] Heartbeat sent
[2026-02-09 14:34:08.837] Heartbeat acknowledged
[2026-02-09 14:34:09.192] Sent 90
[2026-02-09 14:34:09.339] Heartbeat sent
[2026-02-09 14:34:09.341] Heartbeat acknowledged
[2026-02-09 14:34:09.842] Heartbeat sent
[2026-02-09 14:34:09.843] Heartbeat acknowledged
[2026-02-09 14:34:10.344] Heartbeat sent
[2026-02-09 14:34:10.345] Heartbeat acknowledged
[2026-02-09 14:34:10.849] Heartbeat sent
[2026-02-09 14:34:10.850] Heartbeat acknowledged
[2026-02-09 14:34:11.353] Heartbeat sent
[2026-02-09 14:34:11.353] Heartbeat acknowledged
[2026-02-09 14:34:11.854] Heartbeat sent
[2026-02-09 14:34:11.854] Heartbeat acknowledged
[2026-02-09 14:34:12.357] Heartbeat sent
[2026-02-09 14:34:12.358] Heartbeat acknowledged
[2026-02-09 14:34:12.860] Heartbeat sent
[2026-02-09 14:34:12.861] Heartbeat acknowledged
[2026-02-09 14:34:13.363] Heartbeat sent
[2026-02-09 14:34:13.364] Heartbeat acknowledged
[2026-02-09 14:34:13.865] Heartbeat sent
[2026-02-09 14:34:13.865] Heartbeat acknowledged
[2026-02-09 14:34:14.196] Sent 63
[2026-02-09 14:34:14.368] Heartbeat sent
[2026-02-09 14:34:14.369] Heartbeat acknowledged
[2026-02-09 14:34:14.870] Heartbeat sent
[2026-02-09 14:34:14.871] Heartbeat acknowledged
[2026-02-09 14:34:15.373] Heartbeat sent
[2026-02-09 14:34:15.422] Heartbeat failed: No line found
[2026-02-09 14:34:15.929] Heartbeat failed: Connection refused: connect
[2026-02-09 14:34:16.431] Heartbeat failed: Connection refused: connect
