[2026-02-09 14:33:48.173] Client 2 started
[2026-02-09 14:33:48.175] No know primary
[2026-02-09 14:33:48.212] Heartbeat sent
[2026-02-09 14:33:48.216] New primary found, switching
[2026-02-09 14:33:48.718] Heartbeat sent
[2026-02-09 14:33:48.719] Heartbeat acknowledged
[2026-02-09 14:33:49.221] Heartbeat sent
[2026-02-09 14:33:49.222] Heartbeat acknowledged
[2026-02-09 14:33:49.724] Heartbeat sent
[2026-02-09 14:33:49.724] Heartbeat acknowledged
[2026-02-09 14:33:50.227] Heartbeat sent
[2026-02-09 14:33:50.228] Heartbeat acknowledged
[2026-02-09 14:33:50.730] Heartbeat sent
[2026-02-09 14:33:50.732] Heartbeat acknowledged
[2026-02-09 14:33:51.233] Heartbeat sent
[2026-02-09 14:33:51.235] Heartbeat acknowledged
[2026-02-09 14:33:51.740] Heartbeat sent
[2026-02-09 14:33:51.741] Heartbeat acknowledged
[2026-02-09 14:33:52.244] Heartbeat sent
[2026-02-09 14:33:52.244] Heartbeat acknowledged
[2026-02-09 14:33:52.746] Heartbeat sent
[2026-02-09 14:33:52.746] Heartbeat acknowledged
[2026-02-09 14:33:53.177] Sent 65
[2026-02-09 14:33:53.248] Heartbeat sent
[2026-02-09 14:33:53.248] Heartbeat acknowledged
[2026-02-09 14:33:53.751] Heartbeat sent
[2026-02-09 14:33:53.753] Heartbeat acknowledged
[2026-02-09 14:33:54.253] Heartbeat sent
[2026-02-09 14:33:54.253] Heartbeat acknowledged
[2026-02-09 14:33:54.755] Heartbeat sent
[2026-02-09 14:33:54.756] Heartbeat acknowledged
[2026-02-09 14:33:55.259] Heartbeat sent
[2026-02-09 14:33:55.259] Heartbeat acknowledged
[2026-02-09 14:33:55.761] Heartbeat sent
[2026-02-09 14:33:55.762] Heartbeat acknowledged
[2026-02-09 14:33:56.263] Heartbeat sent
[2026-02-09 14:33:56.265] Heartbeat acknowledged
[2026-02-09 14:33:56.768] Heartbeat sent
[2026-02-09 14:33:56.768] Heartbeat acknowledged
[2026-02-09 14:33:57.271] Heartbeat sent
[2026-02-09 14:33:57.271] Heartbeat acknowledged
[2026-02-09 14:33:57.774] Heartbeat sent
[2026-02-09 14:33:57.775] Heartbeat acknowledged
[2026-02-09 14:33:58.183] Sent 57
[2026-02-09 14:33:58.277] Heartbeat sent
[2026-02-09 14:33:58.277] Heartbeat acknowledged
[2026-02-09 14:33:58.779] Heartbeat sent
[2026-02-09 14:33:58.779] Heartbeat acknowledged
[2026-02-09 14:33:59.283] Heartbeat sent
[2026-02-09 14:33:59.283] Heartbeat acknowledged
[2026-02-09 14:33:59.785] Heartbeat sent
[2026-02-09 14:33:59.785] Heartbeat acknowledged
[2026-02-09 14:34:00.287] Heartbeat sent
[2026-02-09 14:34:00.288] Heartbeat acknowledged
[2026-02-09 14:34:00.789] Heartbeat sent
[2026-02-09 14:34:00.790] Heartbeat acknowledged
[2026-02-09 14:34:01.291] Heartbeat sent
[2026-02-09 14:34:01.292] Heartbeat acknowledged
[2026-02-09 14:34:01.794] Heartbeat sent
[2026-02-09 14:34:01.794] Heartbeat acknowledged
[2026-02-09 14:34:02.297] Heartbeat sent
[2026-02-09 14:34:02.299] Heartbeat acknowledged
[2026-02-09 14:34:02.800] Heartbeat sent
[2026-02-09 14:34:02.802] Heartbeat acknowledged
[2026-02-09 14:34:03.187] Sent 61
[2026-02-09 14:34:03.303] Heartbeat sent
[2026-02-09 14:34:03.305] Heartbeat acknowledged
[2026-02-09 14:34:03.805] Heartbeat sent
[2026-02-09 14:34:03.805] Heartbeat acknowledged
[2026-02-09 14:34:04.308] Heartbeat sent
[2026-02-09 14:34:04.308] Heartbeat acknowledged
[2026-02-09 14:34:04.809] Heartbeat sent
[2026-02-09 14:34:04.811] Heartbeat acknowledged
[2026-02-09 14:34:05.313] Heartbeat sent
[2026-02-09 14:34:05.313] Heartbeat acknowledged
[2026-02-09 14:34:05.815] Heartbeat sent
[2026-02-09 14:34:05.815] Heartbeat acknowledged
[2026-02-09 14:34:06.318] Heartbeat sent
[2026-02-09 14:34:06.318] Heartbeat acknowledged
[2026-02-09 14:34:06.821] Heartbeat sent
[2026-02-09 14:34:06.821] Heartbeat acknowledged
[2026-02-09 14:34:07.324] Heartbeat sent
[2026-02-09 14:34:07.326] Heartbeat acknowledged
[2026-02-09 14:34:07.828] Heartbeat sent
[2026-02-09 14:34:07.829] Heartbeat acknowledged
[2026-02-09 14:34:08.189] Sent 27
[2026-02-09 14:34:08.331] Heartbeat sent
[2026-02-09 14:34:08.331] Heartbeat acknowledged
[2026-02-09 14:34:08.834] Heartbeat sent
[2026-02-09 14:34:08.837] Heartbeat acknowledged
[2026-02-09 14:34:09.339] Heartbeat sent
[2026-02-09 14:34:09.341] Heartbeat acknowledged
[2026-02-09 14:34:09.842] Heartbeat sent
[2026-02-09 14:34:09.843] Heartbeat acknowledged
[2026-02-09 14:34:10.344] Heartbeat sent
[2026-02-09 14:34:10.346] Heartbeat acknowledged
[2026-02-09 14:34:10.849] Heartbeat sent
[2026-02-09 14:34:10.850] Heartbeat acknowledged
[2026-02-09 14:34:11.351] Heartbeat sent
[2026-02-09 14:34:11.351] Heartbeat acknowledged
[2026-02-09 14:34:11.854] Heartbeat sent
[2026-02-09 14:34:11.856] Heartbeat acknowledged
[2026-02-09 14:34:12.357] Heartbeat sent
[2026-02-09 14:34:12.358] Heartbeat acknowledged
[2026-02-09 14:34:12.861] Heartbeat sent
[2026-02-09 14:34:12.861] Heartbeat acknowledged
[2026-02-09 14:34:13.193] Sent 45
[2026-02-09 14:34:13.363] Heartbeat sent
[2026-02-09 14:34:13.364] Heartbeat acknowledged
[2026-02-09 14:34:13.865] Heartbeat sent
[2026-02-09 14:34:13.867] Heartbeat acknowledged
[2026-02-09 14:34:14.368] Heartbeat sent
[2026-02-09 14:34:14.369] Heartbeat acknowledged
[2026-02-09 14:34:14.870] Heartbeat sent
[2026-02-09 14:34:14.871] Heartbeat acknowledged
[2026-02-09 14:34:15.373] Heartbeat sent
[2026-02-09 14:34:15.422] Heartbeat failed: No line found
[2026-02-09 14:34:15.929] Heartbeat failed: Connection refused: connect
[2026-02-09 14:34:16.431] Heartbeat failed: Connection refused: connect
