[2026-02-09 14:33:47.169] Client 1 started
[2026-02-09 14:33:47.170] No know primary
[2026-02-09 14:33:47.209] Heartbeat sent
[2026-02-09 14:33:47.212] New primary found, switching
[2026-02-09 14:33:47.715] Heartbeat sent
[2026-02-09 14:33:47.717] Heartbeat acknowledged
[2026-02-09 14:33:48.217] Heartbeat sent
[2026-02-09 14:33:48.217] Heartbeat acknowledged
[2026-02-09 14:33:48.719] Heartbeat sent
[2026-02-09 14:33:48.721] Heartbeat acknowledged
[2026-02-09 14:33:49.222] Heartbeat sent
[2026-02-09 14:33:49.222] Heartbeat acknowledged
[2026-02-09 14:33:49.726] Heartbeat sent
[2026-02-09 14:33:49.727] Heartbeat acknowledged
[2026-02-09 14:33:50.230] Heartbeat sent
[2026-02-09 14:33:50.231] Heartbeat acknowledged
[2026-02-09 14:33:50.734] Heartbeat sent
[2026-02-09 14:33:50.735] Heartbeat acknowledged
[2026-02-09 14:33:51.238] Heartbeat sent
[2026-02-09 14:33:51.239] Heartbeat acknowledged
[2026-02-09 14:33:51.740] Heartbeat sent
[2026-02-09 14:33:51.742] Heartbeat acknowledged
[2026-02-09 14:33:52.172] Sent 63
[2026-02-09 14:33:52.246] Heartbeat sent
[2026-02-09 14:33:52.247] Heartbeat acknowledged
[2026-02-09 14:33:52.747] Heartbeat sent
[2026-02-09 14:33:52.749] Heartbeat acknowledged
[2026-02-09 14:33:53.250] Heartbeat sent
[2026-02-09 14:33:53.250] Heartbeat acknowledged
[2026-02-09 14:33:53.753] Heartbeat sent
[2026-02-09 14:33:53.754] Heartbeat acknowledged
[2026-02-09 14:33:54.255] Heartbeat sent
[2026-02-09 14:33:54.255] Heartbeat acknowledged
[2026-02-09 14:33:54.757] Heartbeat sent
[2026-02-09 14:33:54.758] Heartbeat acknowledged
[2026-02-09 14:33:55.261] Heartbeat sent
[2026-02-09 14:33:55.261] Heartbeat acknowledged
[2026-02-09 14:33:55.762] Heartbeat sent
[2026-02-09 14:33:55.763] Heartbeat acknowledged
[2026-02-09 14:33:56.265] Heartbeat sent
[2026-02-09 14:33:56.266] Heartbeat acknowledged
[2026-02-09 14:33:56.768] Heartbeat sent
[2026-02-09 14:33:56.769] Heartbeat acknowledged
[2026-02-09 14:33:57.186] Sent 74
[2026-02-09 14:33:57.271] Heartbeat sent
[2026-02-09 14:33:57.272] Heartbeat acknowledged
[2026-02-09 14:33:57.774] Heartbeat sent
[2026-02-09 14:33:57.775] Heartbeat acknowledged
[2026-02-09 14:33:58.277] Heartbeat sent
[2026-02-09 14:33:58.278] Heartbeat acknowledged
[2026-02-09 14:33:58.779] Heartbeat sent
[2026-02-09 14:33:58.779] Heartbeat acknowledged
[2026-02-09 14:33:59.282] Heartbeat sent
[2026-02-09 14:33:59.283] Heartbeat acknowledged
[2026-02-09 14:33:59.785] Heartbeat sent
[2026-02-09 14:33:59.785] Heartbeat acknowledged
[2026-02-09 14:34:00.287] Heartbeat sent
[2026-02-09 14:34:00.288] Heartbeat acknowledged
[2026-02-09 14:34:00.790] Heartbeat sent
[2026-02-09 14:34:00.790] Heartbeat acknowledged
[2026-02-09 14:34:01.291] Heartbeat sent
[2026-02-09 14:34:01.292] Heartbeat acknowledged
[2026-02-09 14:34:01.794] Heartbeat sent
[2026-02-09 14:34:01.794] Heartbeat acknowledged
[2026-02-09 14:34:02.189] Sent 50
[2026-02-09 14:34:02.297] Heartbeat sent
[2026-02-09 14:34:02.298] Heartbeat acknowledged
[2026-02-09 14:34:02.800] Heartbeat sent
[2026-02-09 14:34:02.800] Heartbeat acknowledged
[2026-02-09 14:34:03.302] Heartbeat sent
[2026-02-09 14:34:03.303] Heartbeat acknowledged
[2026-02-09 14:34:03.804] Heartbeat sent
[2026-02-09 14:34:03.805] Heartbeat acknowledged
[2026-02-09 14:34:04.308] Heartbeat sent
[2026-02-09 14:34:04.308] Heartbeat acknowledged
[2026-02-09 14:34:04.809] Heartbeat sent
[2026-02-09 14:34:04.811] Heartbeat acknowledged
[2026-02-09 14:34:05.313] Heartbeat sent
[2026-02-09 14:34:05.314] Heartbeat acknowledged
[2026-02-09 14:34:05.815] Heartbeat sent
[2026-02-09 14:34:05.817] Heartbeat acknowledged
[2026-02-09 14:34:06.318] Heartbeat sent
[2026-02-09 14:34:06.320] Heartbeat acknowledged
[2026-02-09 14:34:06.821] Heartbeat sent
[2026-02-09 14:34:06.821] Heartbeat acknowledged
[2026-02-09 14:34:07.194] Sent 94
[2026-02-09 14:34:07.324] Heartbeat sent
[2026-02-09 14:34:07.326] Heartbeat acknowledged
[2026-02-09 14:34:07.828] Heartbeat sent
[2026-02-09 14:34:07.829] Heartbeat acknowledged
[2026-02-09 14:34:08.331] Heartbeat sent
[2026-02-09 14:34:08.331] Heartbeat acknowledged
[2026-02-09 14:34:08.833] Heartbeat sent
[2026-02-09 14:34:08.837] Heartbeat acknowledged
[2026-02-09 14:34:09.339] Heartbeat sent
[2026-02-09 14:34:09.339] Heartbeat acknowledged
[2026-02-09 14:34:09.842] Heartbeat sent
[2026-02-09 14:34:09.842] Heartbeat acknowledged
[2026-02-09 14:34:10.344] Heartbeat sent
[2026-02-09 14:34:10.345] Heartbeat acknowledged
[2026-02-09 14:34:10.849] Heartbeat sent
[2026-02-09 14:34:10.850] Heartbeat acknowledged
[2026-02-09 14:34:11.351] Heartbeat sent
[2026-02-09 14:34:11.351] Heartbeat acknowledged
[2026-02-09 14:34:11.853] Heartbeat sent
[2026-02-09 14:34:11.853] Heartbeat acknowledged
[2026-02-09 14:34:12.197] Sent 66
[2026-02-09 14:34:12.355] Heartbeat sent
[2026-02-09 14:34:12.355] Heartbeat acknowledged
[2026-02-09 14:34:12.858] Heartbeat sent
[2026-02-09 14:34:12.858] Heartbeat acknowledged
[2026-02-09 14:34:13.360] Heartbeat sent
[2026-02-09 14:34:13.360] Heartbeat acknowledged
[2026-02-09 14:34:13.862] Heartbeat sent
[2026-02-09 14:34:13.863] Heartbeat acknowledged
[2026-02-09 14:34:14.364] Heartbeat sent
[2026-02-09 14:34:14.364] Heartbeat acknowledged
[2026-02-09 14:34:14.867] Heartbeat sent
[2026-02-09 14:34:14.868] Heartbeat acknowledged
[2026-02-09 14:34:15.371] Heartbeat sent
[2026-02-09 14:34:15.422] Heartbeat failed: No line found
[2026-02-09 14:34:15.930] Heartbeat failed: Connection refused: connect
[2026-02-09 14:34:16.431] Heartbeat failed: Connection refused: connect
