[2026-02-09 14:33:46.183] Server 2003 started
[2026-02-09 14:33:46.193] Heartbeat sent
[2026-02-09 14:33:46.196] Heartbeat acknowledged.
[2026-02-09 14:33:46.701] Heartbeat sent
[2026-02-09 14:33:46.703] Heartbeat acknowledged.
[2026-02-09 14:33:47.204] Heartbeat sent
[2026-02-09 14:33:47.206] Heartbeat acknowledged.
[2026-02-09 14:33:47.710] Heartbeat sent
[2026-02-09 14:33:47.711] Heartbeat acknowledged.
[2026-02-09 14:33:48.212] Heartbeat sent
[2026-02-09 14:33:48.214] Heartbeat acknowledged.
[2026-02-09 14:33:48.716] Heartbeat sent
[2026-02-09 14:33:48.716] Heartbeat acknowledged.
[2026-02-09 14:33:49.221] Heartbeat sent
[2026-02-09 14:33:49.222] Heartbeat acknowledged.
[2026-02-09 14:33:49.724] Heartbeat sent
[2026-02-09 14:33:49.726] Heartbeat acknowledged.
[2026-02-09 14:33:50.228] Heartbeat sent
[2026-02-09 14:33:50.230] Heartbeat acknowledged.
[2026-02-09 14:33:50.732] Heartbeat sent
[2026-02-09 14:33:50.732] Heartbeat acknowledged.
[2026-02-09 14:33:51.235] Heartbeat sent
[2026-02-09 14:33:51.237] Heartbeat acknowledged.
[2026-02-09 14:33:51.741] Heartbeat sent
[2026-02-09 14:33:51.743] Heartbeat acknowledged.
[2026-02-09 14:33:52.244] Heartbeat sent
[2026-02-09 14:33:52.246] Sum set to 63
[2026-02-09 14:33:52.246] Heartbeat acknowledged.
[2026-02-09 14:33:52.747] Heartbeat sent
[2026-02-09 14:33:52.749] Heartbeat acknowledged.
[2026-02-09 14:33:53.251] Heartbeat sent
[2026-02-09 14:33:53.251] Sum set to 128
[2026-02-09 14:33:53.253] Heartbeat acknowledged.
[2026-02-09 14:33:53.754] Heartbeat sent
[2026-02-09 14:33:53.755] Heartbeat acknowledged.
[2026-02-09 14:33:54.257] Heartbeat sent
[2026-02-09 14:33:54.257] Sum set to 179
[2026-02-09 14:33:54.258] Heartbeat acknowledged.
[2026-02-09 14:33:54.760] Heartbeat sent
[2026-02-09 14:33:54.761] Heartbeat acknowledged.
[2026-02-09 14:33:55.263] Heartbeat sent
[2026-02-09 14:33:55.265] Heartbeat acknowledged.
[2026-02-09 14:33:55.768] Heartbeat sent
[2026-02-09 14:33:55.769] Heartbeat acknowledged.
[2026-02-09 14:33:56.269] Heartbeat sent
[2026-02-09 14:33:56.271] Heartbeat acknowledged.
[2026-02-09 14:33:56.772] Heartbeat sent
[2026-02-09 14:33:56.773] Heartbeat acknowledged.
[2026-02-09 14:33:57.275] Heartbeat sent
[2026-02-09 14:33:57.277] Sum set to 253
[2026-02-09 14:33:57.277] Heartbeat acknowledged.
[2026-02-09 14:33:57.778] Heartbeat sent
[2026-02-09 14:33:57.778] Heartbeat acknowledged.
[2026-02-09 14:33:58.280] Heartbeat sent
[2026-02-09 14:33:58.281] Sum set to 310
[2026-02-09 14:33:58.281] Heartbeat acknowledged.
[2026-02-09 14:33:58.784] Heartbeat sent
[2026-02-09 14:33:58.785] Heartbeat acknowledged.
[2026-02-09 14:33:59.286] Heartbeat sent
[2026-02-09 14:33:59.288] Sum set to 396
[2026-02-09 14:33:59.288] Heartbeat acknowledged.
[2026-02-09 14:33:59.789] Heartbeat sent
[2026-02-09 14:33:59.791] Heartbeat acknowledged.
[2026-02-09 14:34:00.293] Heartbeat sent
[2026-02-09 14:34:00.293] Heartbeat acknowledged.
[2026-02-09 14:34:00.796] Heartbeat sent
[2026-02-09 14:34:00.797] Heartbeat acknowledged.
[2026-02-09 14:34:01.298] Heartbeat sent
[2026-02-09 14:34:01.299] Heartbeat acknowledged.
[2026-02-09 14:34:01.802] Heartbeat sent
[2026-02-09 14:34:01.802] Heartbeat acknowledged.
[2026-02-09 14:34:02.303] Heartbeat sent
[2026-02-09 14:34:02.303] Sum set to 446
[2026-02-09 14:34:02.305] Heartbeat acknowledged.
[2026-02-09 14:34:02.807] Heartbeat sent
[2026-02-09 14:34:02.808] Heartbeat acknowledged.
[2026-02-09 14:34:03.310] Heartbeat sent
[2026-02-09 14:34:03.311] Sum set to 507
[2026-02-09 14:34:03.311] Heartbeat acknowledged.
[2026-02-09 14:34:03.813] Heartbeat sent
[2026-02-09 14:34:03.814] Heartbeat acknowledged.
[2026-02-09 14:34:04.316] Heartbeat sent
[2026-02-09 14:34:04.316] Sum set to 517
[2026-02-09 14:34:04.317] Heartbeat acknowledged.
[2026-02-09 14:34:04.819] Heartbeat sent
[2026-02-09 14:34:04.820] Heartbeat acknowledged.
[2026-02-09 14:34:05.321] Heartbeat sent
[2026-02-09 14:34:05.322] Heartbeat acknowledged.
[2026-02-09 14:34:05.823] Heartbeat sent
[2026-02-09 14:34:05.823] Heartbeat acknowledged.
[2026-02-09 14:34:06.326] Heartbeat sent
[2026-02-09 14:34:06.327] Heartbeat acknowledged.
[2026-02-09 14:34:06.829] Heartbeat sent
[2026-02-09 14:34:06.831] Heartbeat acknowledged.
[2026-02-09 14:34:07.332] Heartbeat sent
[2026-02-09 14:34:07.332] Sum set to 611
[2026-02-09 14:34:07.334] Heartbeat acknowledged.
[2026-02-09 14:34:07.836] Heartbeat sent
[2026-02-09 14:34:07.836] Heartbeat acknowledged.
[2026-02-09 14:34:08.337] Heartbeat sent
[2026-02-09 14:34:08.337] Sum set to 638
[2026-02-09 14:34:08.339] Heartbeat acknowledged.
[2026-02-09 14:34:08.841] Heartbeat sent
[2026-02-09 14:34:08.842] Heartbeat acknowledged.
[2026-02-09 14:34:09.344] Heartbeat sent
[2026-02-09 14:34:09.345] Sum set to 728
[2026-02-09 14:34:09.346] Heartbeat acknowledged.
[2026-02-09 14:34:09.847] Heartbeat sent
[2026-02-09 14:34:09.848] Heartbeat acknowledged.
[2026-02-09 14:34:10.350] Heartbeat sent
[2026-02-09 14:34:10.350] Heartbeat acknowledged.
[2026-02-09 14:34:10.853] Heartbeat sent
[2026-02-09 14:34:10.853] Heartbeat acknowledged.
[2026-02-09 14:34:11.356] Heartbeat sent
[2026-02-09 14:34:11.356] Heartbeat acknowledged.
[2026-02-09 14:34:11.859] Heartbeat sent
[2026-02-09 14:34:11.859] Heartbeat acknowledged.
[2026-02-09 14:34:12.362] Heartbeat sent
[2026-02-09 14:34:12.362] Sum set to 794
[2026-02-09 14:34:12.362] Heartbeat acknowledged.
[2026-02-09 14:34:12.868] Heartbeat sent
[2026-02-09 14:34:12.868] Heartbeat acknowledged.
[2026-02-09 14:34:13.370] Heartbeat sent
[2026-02-09 14:34:13.371] Sum set to 839
[2026-02-09 14:34:13.371] Heartbeat acknowledged.
[2026-02-09 14:34:13.872] Heartbeat sent
[2026-02-09 14:34:13.873] Heartbeat acknowledged.
[2026-02-09 14:34:14.374] Heartbeat sent
[2026-02-09 14:34:14.374] Sum set to 902
[2026-02-09 14:34:14.376] Heartbeat acknowledged.
[2026-02-09 14:34:14.877] Heartbeat sent
[2026-02-09 14:34:14.877] Heartbeat acknowledged.
[2026-02-09 14:34:15.379] Heartbeat sent
[2026-02-09 14:34:15.424] Heartbeat failed: No line found
[2026-02-09 14:34:15.931] Heartbeat failed: Connection refused: connect
[2026-02-09 14:34:16.435] Heartbeat failed: Connection refused: connect
