[2026-02-09 15:56:07.498] Client 1 started
[2026-02-09 15:56:07.500] No know primary
[2026-02-09 15:56:07.542] Heartbeat sent
[2026-02-09 15:56:07.544] New primary found, switching
[2026-02-09 15:56:08.048] Heartbeat sent
[2026-02-09 15:56:08.049] Heartbeat acknowledged
[2026-02-09 15:56:08.550] Heartbeat sent
[2026-02-09 15:56:08.554] Heartbeat acknowledged
[2026-02-09 15:56:09.056] Heartbeat sent
[2026-02-09 15:56:09.057] Heartbeat acknowledged
[2026-02-09 15:56:09.558] Heartbeat sent
[2026-02-09 15:56:09.559] Heartbeat acknowledged
[2026-02-09 15:56:10.061] Heartbeat sent
[2026-02-09 15:56:10.061] Heartbeat acknowledged
[2026-02-09 15:56:10.563] Heartbeat sent
[2026-02-09 15:56:10.563] Heartbeat acknowledged
[2026-02-09 15:56:11.068] Heartbeat sent
[2026-02-09 15:56:11.069] Heartbeat acknowledged
[2026-02-09 15:56:11.572] Heartbeat sent
[2026-02-09 15:56:11.573] Heartbeat acknowledged
[2026-02-09 15:56:12.075] Heartbeat sent
[2026-02-09 15:56:12.077] Heartbeat acknowledged
[2026-02-09 15:56:12.503] Sent 37
[2026-02-09 15:56:12.578] Heartbeat sent
[2026-02-09 15:56:12.579] Heartbeat acknowledged
[2026-02-09 15:56:13.081] Heartbeat sent
[2026-02-09 15:56:13.081] Heartbeat acknowledged
[2026-02-09 15:56:13.584] Heartbeat sent
[2026-02-09 15:56:13.585] Heartbeat acknowledged
[2026-02-09 15:56:14.100] Heartbeat sent
[2026-02-09 15:56:14.103] Heartbeat acknowledged
[2026-02-09 15:56:14.606] Heartbeat sent
[2026-02-09 15:56:14.609] Heartbeat acknowledged
[2026-02-09 15:56:15.112] Heartbeat sent
[2026-02-09 15:56:15.114] Heartbeat acknowledged
[2026-02-09 15:56:15.615] Heartbeat sent
[2026-02-09 15:56:15.618] Heartbeat acknowledged
[2026-02-09 15:56:16.123] Heartbeat sent
[2026-02-09 15:56:16.124] Heartbeat acknowledged
[2026-02-09 15:56:16.626] Heartbeat sent
[2026-02-09 15:56:16.631] Heartbeat acknowledged
[2026-02-09 15:56:17.134] Heartbeat sent
[2026-02-09 15:56:17.137] Heartbeat acknowledged
[2026-02-09 15:56:17.513] Sent 80
[2026-02-09 15:56:17.641] Heartbeat sent
[2026-02-09 15:56:17.645] Heartbeat acknowledged
[2026-02-09 15:56:18.146] Heartbeat sent
[2026-02-09 15:56:18.147] Heartbeat acknowledged
[2026-02-09 15:56:18.648] Heartbeat sent
[2026-02-09 15:56:18.649] Heartbeat acknowledged
[2026-02-09 15:56:19.150] Heartbeat sent
[2026-02-09 15:56:19.151] Heartbeat acknowledged
[2026-02-09 15:56:19.652] Heartbeat sent
[2026-02-09 15:56:19.652] Heartbeat acknowledged
[2026-02-09 15:56:20.154] Heartbeat sent
[2026-02-09 15:56:20.155] Heartbeat acknowledged
[2026-02-09 15:56:20.656] Heartbeat sent
[2026-02-09 15:56:20.656] Heartbeat acknowledged
[2026-02-09 15:56:21.158] Heartbeat sent
[2026-02-09 15:56:21.158] Heartbeat acknowledged
[2026-02-09 15:56:21.660] Heartbeat sent
[2026-02-09 15:56:21.660] Heartbeat acknowledged
[2026-02-09 15:56:22.163] Heartbeat sent
[2026-02-09 15:56:22.165] New primary found, switching
[2026-02-09 15:56:22.517] Sent 46
[2026-02-09 15:56:22.668] Heartbeat sent
[2026-02-09 15:56:22.668] Heartbeat acknowledged
[2026-02-09 15:56:23.168] Heartbeat sent
[2026-02-09 15:56:23.169] Heartbeat acknowledged
[2026-02-09 15:56:23.672] Heartbeat sent
[2026-02-09 15:56:23.672] Heartbeat acknowledged
[2026-02-09 15:56:24.175] Heartbeat sent
[2026-02-09 15:56:24.175] Heartbeat acknowledged
[2026-02-09 15:56:24.677] Heartbeat sent
[2026-02-09 15:56:24.677] Heartbeat acknowledged
[2026-02-09 15:56:25.179] Heartbeat sent
[2026-02-09 15:56:25.179] Heartbeat acknowledged
[2026-02-09 15:56:25.681] Heartbeat sent
[2026-02-09 15:56:25.681] Heartbeat acknowledged
[2026-02-09 15:56:26.184] Heartbeat sent
[2026-02-09 15:56:26.186] Heartbeat acknowledged
[2026-02-09 15:56:26.689] Heartbeat sent
[2026-02-09 15:56:26.689] Heartbeat acknowledged
[2026-02-09 15:56:27.191] Heartbeat sent
[2026-02-09 15:56:27.191] Heartbeat acknowledged
[2026-02-09 15:56:27.523] Sent 66
[2026-02-09 15:56:27.694] Heartbeat sent
[2026-02-09 15:56:27.694] Heartbeat acknowledged
[2026-02-09 15:56:28.196] Heartbeat sent
[2026-02-09 15:56:28.196] Heartbeat acknowledged
[2026-02-09 15:56:28.698] Heartbeat sent
[2026-02-09 15:56:28.699] Heartbeat acknowledged
[2026-02-09 15:56:29.200] Heartbeat sent
[2026-02-09 15:56:29.201] Heartbeat acknowledged
[2026-02-09 15:56:29.703] Heartbeat sent
[2026-02-09 15:56:29.703] Heartbeat acknowledged
[2026-02-09 15:56:30.204] Heartbeat sent
[2026-02-09 15:56:30.207] Heartbeat acknowledged
[2026-02-09 15:56:30.709] Heartbeat sent
[2026-02-09 15:56:30.711] Heartbeat acknowledged
[2026-02-09 15:56:31.212] Heartbeat sent
[2026-02-09 15:56:31.212] Heartbeat acknowledged
[2026-02-09 15:56:31.715] Heartbeat sent
[2026-02-09 15:56:31.715] Heartbeat acknowledged
[2026-02-09 15:56:32.217] Heartbeat sent
[2026-02-09 15:56:32.218] Heartbeat acknowledged
[2026-02-09 15:56:32.525] Sent 83
[2026-02-09 15:56:32.719] Heartbeat sent
[2026-02-09 15:56:32.719] Heartbeat acknowledged
[2026-02-09 15:56:33.221] Heartbeat sent
[2026-02-09 15:56:33.221] Heartbeat acknowledged
[2026-02-09 15:56:33.723] Heartbeat sent
[2026-02-09 15:56:33.724] Heartbeat acknowledged
[2026-02-09 15:56:34.229] Heartbeat failed: Connection refused: connect
[2026-02-09 15:56:34.731] Heartbeat failed: Connection refused: connect
