[2026-02-09 15:56:08.516] Client 2 started
[2026-02-09 15:56:08.521] No know primary
[2026-02-09 15:56:08.569] Heartbeat sent
[2026-02-09 15:56:08.573] New primary found, switching
[2026-02-09 15:56:09.077] Heartbeat sent
[2026-02-09 15:56:09.078] Heartbeat acknowledged
[2026-02-09 15:56:09.580] Heartbeat sent
[2026-02-09 15:56:09.580] Heartbeat acknowledged
[2026-02-09 15:56:10.083] Heartbeat sent
[2026-02-09 15:56:10.084] Heartbeat acknowledged
[2026-02-09 15:56:10.586] Heartbeat sent
[2026-02-09 15:56:10.588] Heartbeat acknowledged
[2026-02-09 15:56:11.092] Heartbeat sent
[2026-02-09 15:56:11.092] Heartbeat acknowledged
[2026-02-09 15:56:11.593] Heartbeat sent
[2026-02-09 15:56:11.594] Heartbeat acknowledged
[2026-02-09 15:56:12.096] Heartbeat sent
[2026-02-09 15:56:12.096] Heartbeat acknowledged
[2026-02-09 15:56:12.598] Heartbeat sent
[2026-02-09 15:56:12.599] Heartbeat acknowledged
[2026-02-09 15:56:13.100] Heartbeat sent
[2026-02-09 15:56:13.101] Heartbeat acknowledged
[2026-02-09 15:56:13.524] Sent 94
[2026-02-09 15:56:13.603] Heartbeat sent
[2026-02-09 15:56:13.603] Heartbeat acknowledged
[2026-02-09 15:56:14.105] Heartbeat sent
[2026-02-09 15:56:14.106] Heartbeat acknowledged
[2026-02-09 15:56:14.607] Heartbeat sent
[2026-02-09 15:56:14.609] Heartbeat acknowledged
[2026-02-09 15:56:15.112] Heartbeat sent
[2026-02-09 15:56:15.113] Heartbeat acknowledged
[2026-02-09 15:56:15.616] Heartbeat sent
[2026-02-09 15:56:15.618] Heartbeat acknowledged
[2026-02-09 15:56:16.121] Heartbeat sent
[2026-02-09 15:56:16.124] Heartbeat acknowledged
[2026-02-09 15:56:16.626] Heartbeat sent
[2026-02-09 15:56:16.631] Heartbeat acknowledged
[2026-02-09 15:56:17.132] Heartbeat sent
[2026-02-09 15:56:17.135] Heartbeat acknowledged
[2026-02-09 15:56:17.637] Heartbeat sent
[2026-02-09 15:56:17.639] Heartbeat acknowledged
[2026-02-09 15:56:18.140] Heartbeat sent
[2026-02-09 15:56:18.141] Heartbeat acknowledged
[2026-02-09 15:56:18.530] Sent 73
[2026-02-09 15:56:18.643] Heartbeat sent
[2026-02-09 15:56:18.643] Heartbeat acknowledged
[2026-02-09 15:56:19.146] Heartbeat sent
[2026-02-09 15:56:19.146] Heartbeat acknowledged
[2026-02-09 15:56:19.648] Heartbeat sent
[2026-02-09 15:56:19.649] Heartbeat acknowledged
[2026-02-09 15:56:20.151] Heartbeat sent
[2026-02-09 15:56:20.151] Heartbeat acknowledged
[2026-02-09 15:56:20.653] Heartbeat sent
[2026-02-09 15:56:20.653] Heartbeat acknowledged
[2026-02-09 15:56:21.156] Heartbeat sent
[2026-02-09 15:56:21.156] Heartbeat acknowledged
[2026-02-09 15:56:21.658] Heartbeat sent
[2026-02-09 15:56:21.659] Heartbeat acknowledged
[2026-02-09 15:56:22.160] Heartbeat sent
[2026-02-09 15:56:22.160] New primary found, switching
[2026-02-09 15:56:22.662] Heartbeat sent
[2026-02-09 15:56:22.662] Heartbeat acknowledged
[2026-02-09 15:56:23.165] Heartbeat sent
[2026-02-09 15:56:23.167] Heartbeat acknowledged
[2026-02-09 15:56:23.533] Sent 36
[2026-02-09 15:56:23.669] Heartbeat sent
[2026-02-09 15:56:23.670] Heartbeat acknowledged
[2026-02-09 15:56:24.171] Heartbeat sent
[2026-02-09 15:56:24.171] Heartbeat acknowledged
[2026-02-09 15:56:24.673] Heartbeat sent
[2026-02-09 15:56:24.674] Heartbeat acknowledged
[2026-02-09 15:56:25.175] Heartbeat sent
[2026-02-09 15:56:25.176] Heartbeat acknowledged
[2026-02-09 15:56:25.678] Heartbeat sent
[2026-02-09 15:56:25.678] Heartbeat acknowledged
[2026-02-09 15:56:26.180] Heartbeat sent
[2026-02-09 15:56:26.180] Heartbeat acknowledged
[2026-02-09 15:56:26.682] Heartbeat sent
[2026-02-09 15:56:26.683] Heartbeat acknowledged
[2026-02-09 15:56:27.185] Heartbeat sent
[2026-02-09 15:56:27.185] Heartbeat acknowledged
[2026-02-09 15:56:27.688] Heartbeat sent
[2026-02-09 15:56:27.689] Heartbeat acknowledged
[2026-02-09 15:56:28.190] Heartbeat sent
[2026-02-09 15:56:28.191] Heartbeat acknowledged
[2026-02-09 15:56:28.536] Sent 38
[2026-02-09 15:56:28.693] Heartbeat sent
[2026-02-09 15:56:28.694] Heartbeat acknowledged
[2026-02-09 15:56:29.196] Heartbeat sent
[2026-02-09 15:56:29.196] Heartbeat acknowledged
[2026-02-09 15:56:29.698] Heartbeat sent
[2026-02-09 15:56:29.698] Heartbeat acknowledged
[2026-02-09 15:56:30.201] Heartbeat sent
[2026-02-09 15:56:30.201] Heartbeat acknowledged
[2026-02-09 15:56:30.703] Heartbeat sent
[2026-02-09 15:56:30.703] Heartbeat acknowledged
[2026-02-09 15:56:31.205] Heartbeat sent
[2026-02-09 15:56:31.206] Heartbeat acknowledged
[2026-02-09 15:56:31.708] Heartbeat sent
[2026-02-09 15:56:31.709] Heartbeat acknowledged
[2026-02-09 15:56:32.210] Heartbeat sent
[2026-02-09 15:56:32.212] Heartbeat acknowledged
[2026-02-09 15:56:32.714] Heartbeat sent
[2026-02-09 15:56:32.714] Heartbeat acknowledged
[2026-02-09 15:56:33.216] Heartbeat sent
[2026-02-09 15:56:33.216] Heartbeat acknowledged
[2026-02-09 15:56:33.540] Sent 96
[2026-02-09 15:56:33.719] Heartbeat sent
[2026-02-09 15:56:33.720] Heartbeat acknowledged
[2026-02-09 15:56:34.223] Heartbeat failed: Connection refused: connect
[2026-02-09 15:56:34.724] Heartbeat failed: Connection refused: connect
