[2026-02-09 15:56:09.507] Client 3 started
[2026-02-09 15:56:09.508] No know primary
[2026-02-09 15:56:09.546] Heartbeat sent
[2026-02-09 15:56:09.549] New primary found, switching
[2026-02-09 15:56:10.051] Heartbeat sent
[2026-02-09 15:56:10.051] Heartbeat acknowledged
[2026-02-09 15:56:10.553] Heartbeat sent
[2026-02-09 15:56:10.553] Heartbeat acknowledged
[2026-02-09 15:56:11.057] Heartbeat sent
[2026-02-09 15:56:11.057] Heartbeat acknowledged
[2026-02-09 15:56:11.559] Heartbeat sent
[2026-02-09 15:56:11.560] Heartbeat acknowledged
[2026-02-09 15:56:12.061] Heartbeat sent
[2026-02-09 15:56:12.061] Heartbeat acknowledged
[2026-02-09 15:56:12.563] Heartbeat sent
[2026-02-09 15:56:12.565] Heartbeat acknowledged
[2026-02-09 15:56:13.067] Heartbeat sent
[2026-02-09 15:56:13.067] Heartbeat acknowledged
[2026-02-09 15:56:13.569] Heartbeat sent
[2026-02-09 15:56:13.569] Heartbeat acknowledged
[2026-02-09 15:56:14.071] Heartbeat sent
[2026-02-09 15:56:14.071] Heartbeat acknowledged
[2026-02-09 15:56:14.511] Sent 9
[2026-02-09 15:56:14.573] Heartbeat sent
[2026-02-09 15:56:14.573] Heartbeat acknowledged
[2026-02-09 15:56:15.077] Heartbeat sent
[2026-02-09 15:56:15.077] Heartbeat acknowledged
[2026-02-09 15:56:15.578] Heartbeat sent
[2026-02-09 15:56:15.580] Heartbeat acknowledged
[2026-02-09 15:56:16.081] Heartbeat sent
[2026-02-09 15:56:16.082] Heartbeat acknowledged
[2026-02-09 15:56:16.583] Heartbeat sent
[2026-02-09 15:56:16.583] Heartbeat acknowledged
[2026-02-09 15:56:17.086] Heartbeat sent
[2026-02-09 15:56:17.087] Heartbeat acknowledged
[2026-02-09 15:56:17.588] Heartbeat sent
[2026-02-09 15:56:17.588] Heartbeat acknowledged
[2026-02-09 15:56:18.091] Heartbeat sent
[2026-02-09 15:56:18.092] Heartbeat acknowledged
[2026-02-09 15:56:18.594] Heartbeat sent
[2026-02-09 15:56:18.596] Heartbeat acknowledged
[2026-02-09 15:56:19.098] Heartbeat sent
[2026-02-09 15:56:19.098] Heartbeat acknowledged
[2026-02-09 15:56:19.516] Sent 85
[2026-02-09 15:56:19.601] Heartbeat sent
[2026-02-09 15:56:19.601] Heartbeat acknowledged
[2026-02-09 15:56:20.103] Heartbeat sent
[2026-02-09 15:56:20.103] Heartbeat acknowledged
[2026-02-09 15:56:20.606] Heartbeat sent
[2026-02-09 15:56:20.607] Heartbeat acknowledged
[2026-02-09 15:56:21.109] Heartbeat sent
[2026-02-09 15:56:21.109] Heartbeat acknowledged
[2026-02-09 15:56:21.612] Heartbeat sent
[2026-02-09 15:56:21.612] Heartbeat acknowledged
[2026-02-09 15:56:22.113] Heartbeat sent
[2026-02-09 15:56:22.114] New primary found, switching
[2026-02-09 15:56:22.616] Heartbeat sent
[2026-02-09 15:56:22.617] Heartbeat acknowledged
[2026-02-09 15:56:23.119] Heartbeat sent
[2026-02-09 15:56:23.120] Heartbeat acknowledged
[2026-02-09 15:56:23.622] Heartbeat sent
[2026-02-09 15:56:23.622] Heartbeat acknowledged
[2026-02-09 15:56:24.124] Heartbeat sent
[2026-02-09 15:56:24.124] Heartbeat acknowledged
[2026-02-09 15:56:24.518] Sent 86
[2026-02-09 15:56:24.629] Heartbeat sent
[2026-02-09 15:56:24.629] Heartbeat acknowledged
[2026-02-09 15:56:25.130] Heartbeat sent
[2026-02-09 15:56:25.130] Heartbeat acknowledged
[2026-02-09 15:56:25.632] Heartbeat sent
[2026-02-09 15:56:25.632] Heartbeat acknowledged
[2026-02-09 15:56:26.136] Heartbeat sent
[2026-02-09 15:56:26.137] Heartbeat acknowledged
[2026-02-09 15:56:26.638] Heartbeat sent
[2026-02-09 15:56:26.639] Heartbeat acknowledged
[2026-02-09 15:56:27.141] Heartbeat sent
[2026-02-09 15:56:27.141] Heartbeat acknowledged
[2026-02-09 15:56:27.643] Heartbeat sent
[2026-02-09 15:56:27.643] Heartbeat acknowledged
[2026-02-09 15:56:28.146] Heartbeat sent
[2026-02-09 15:56:28.146] Heartbeat acknowledged
[2026-02-09 15:56:28.648] Heartbeat sent
[2026-02-09 15:56:28.649] Heartbeat acknowledged
[2026-02-09 15:56:29.150] Heartbeat sent
[2026-02-09 15:56:29.152] Heartbeat acknowledged
[2026-02-09 15:56:29.520] Sent 67
[2026-02-09 15:56:29.653] Heartbeat sent
[2026-02-09 15:56:29.653] Heartbeat acknowledged
[2026-02-09 15:56:30.156] Heartbeat sent
[2026-02-09 15:56:30.156] Heartbeat acknowledged
[2026-02-09 15:56:30.659] Heartbeat sent
[2026-02-09 15:56:30.660] Heartbeat acknowledged
[2026-02-09 15:56:31.161] Heartbeat sent
[2026-02-09 15:56:31.161] Heartbeat acknowledged
[2026-02-09 15:56:31.664] Heartbeat sent
[2026-02-09 15:56:31.665] Heartbeat acknowledged
[2026-02-09 15:56:32.167] Heartbeat sent
[2026-02-09 15:56:32.168] Heartbeat acknowledged
[2026-02-09 15:56:32.670] Heartbeat sent
[2026-02-09 15:56:32.670] Heartbeat acknowledged
[2026-02-09 15:56:33.172] Heartbeat sent
[2026-02-09 15:56:33.172] Heartbeat acknowledged
[2026-02-09 15:56:33.674] Heartbeat sent
[2026-02-09 15:56:33.674] Heartbeat acknowledged
[2026-02-09 15:56:34.179] Heartbeat failed: Connection refused: connect
[2026-02-09 15:56:34.526] Sent 60
[2026-02-09 15:56:34.680] Heartbeat failed: Connection refused: connect
