[2026-02-09 15:56:06.523] Server 2003 started
[2026-02-09 15:56:06.535] Heartbeat sent
[2026-02-09 15:56:06.539] Heartbeat acknowledged.
[2026-02-09 15:56:07.042] Heartbeat sent
[2026-02-09 15:56:07.043] Heartbeat acknowledged.
[2026-02-09 15:56:07.545] Heartbeat sent
[2026-02-09 15:56:07.548] Heartbeat acknowledged.
[2026-02-09 15:56:08.049] Heartbeat sent
[2026-02-09 15:56:08.049] Heartbeat acknowledged.
[2026-02-09 15:56:08.553] Heartbeat sent
[2026-02-09 15:56:08.555] Heartbeat acknowledged.
[2026-02-09 15:56:09.057] Heartbeat sent
[2026-02-09 15:56:09.058] Heartbeat acknowledged.
[2026-02-09 15:56:09.560] Heartbeat sent
[2026-02-09 15:56:09.561] Heartbeat acknowledged.
[2026-02-09 15:56:10.063] Heartbeat sent
[2026-02-09 15:56:10.064] Heartbeat acknowledged.
[2026-02-09 15:56:10.564] Heartbeat sent
[2026-02-09 15:56:10.566] Heartbeat acknowledged.
[2026-02-09 15:56:11.068] Heartbeat sent
[2026-02-09 15:56:11.069] Heartbeat acknowledged.
[2026-02-09 15:56:11.573] Heartbeat sent
[2026-02-09 15:56:11.575] Heartbeat acknowledged.
[2026-02-09 15:56:12.077] Heartbeat sent
[2026-02-09 15:56:12.078] Heartbeat acknowledged.
[2026-02-09 15:56:12.579] Heartbeat sent
[2026-02-09 15:56:12.580] Heartbeat acknowledged.
[2026-02-09 15:56:13.081] Heartbeat sent
[2026-02-09 15:56:13.082] Sum set to 37
[2026-02-09 15:56:13.082] Heartbeat acknowledged.
[2026-02-09 15:56:13.584] Heartbeat sent
[2026-02-09 15:56:13.586] Heartbeat acknowledged.
[2026-02-09 15:56:14.092] Heartbeat sent
[2026-02-09 15:56:14.102] Sum set to 131
[2026-02-09 15:56:14.103] Heartbeat acknowledged.
[2026-02-09 15:56:14.604] Heartbeat sent
[2026-02-09 15:56:14.605] Heartbeat acknowledged.
[2026-02-09 15:56:15.107] Heartbeat sent
[2026-02-09 15:56:15.110] Sum set to 140
[2026-02-09 15:56:15.112] Heartbeat acknowledged.
[2026-02-09 15:56:15.617] Heartbeat sent
[2026-02-09 15:56:15.619] Heartbeat acknowledged.
[2026-02-09 15:56:16.121] Heartbeat sent
[2026-02-09 15:56:16.124] Heartbeat acknowledged.
[2026-02-09 15:56:16.626] Heartbeat sent
[2026-02-09 15:56:16.631] Heartbeat acknowledged.
[2026-02-09 15:56:17.134] Heartbeat sent
[2026-02-09 15:56:17.137] Heartbeat acknowledged.
[2026-02-09 15:56:17.642] Heartbeat sent
[2026-02-09 15:56:17.647] Sum set to 220
[2026-02-09 15:56:17.647] Heartbeat acknowledged.
[2026-02-09 15:56:18.149] Heartbeat sent
[2026-02-09 15:56:18.150] Heartbeat acknowledged.
[2026-02-09 15:56:18.653] Heartbeat sent
[2026-02-09 15:56:18.653] Sum set to 293
[2026-02-09 15:56:18.653] Heartbeat acknowledged.
[2026-02-09 15:56:19.155] Heartbeat sent
[2026-02-09 15:56:19.156] Heartbeat acknowledged.
[2026-02-09 15:56:19.658] Heartbeat sent
[2026-02-09 15:56:19.659] Sum set to 378
[2026-02-09 15:56:19.659] Heartbeat acknowledged.
[2026-02-09 15:56:20.163] Heartbeat sent
[2026-02-09 15:56:20.166] Heartbeat acknowledged.
[2026-02-09 15:56:20.668] Heartbeat sent
[2026-02-09 15:56:20.669] Heartbeat acknowledged.
[2026-02-09 15:56:21.170] Heartbeat sent
[2026-02-09 15:56:21.171] Heartbeat acknowledged.
[2026-02-09 15:56:21.673] Heartbeat sent
[2026-02-09 15:56:21.674] Heartbeat acknowledged.
[2026-02-09 15:56:22.176] Heartbeat sent
[2026-02-09 15:56:22.176] Server promoted to primary
[2026-02-09 15:56:22.176] Server promoted to PRIMARY
[2026-02-09 15:56:22.521] Recieved 46
[2026-02-09 15:56:22.521] Sum updated to 424
[2026-02-09 15:56:22.678] Heartbeat sent
[2026-02-09 15:56:22.678] Heartbeat acknowledged
[2026-02-09 15:56:23.180] Heartbeat sent
[2026-02-09 15:56:23.182] Heartbeat acknowledged
[2026-02-09 15:56:23.533] Recieved 36
[2026-02-09 15:56:23.533] Sum updated to 460
[2026-02-09 15:56:23.684] Heartbeat sent
[2026-02-09 15:56:23.685] Heartbeat acknowledged
[2026-02-09 15:56:24.187] Heartbeat sent
[2026-02-09 15:56:24.187] Heartbeat acknowledged
[2026-02-09 15:56:24.519] Recieved 86
[2026-02-09 15:56:24.519] Sum updated to 546
[2026-02-09 15:56:24.691] Heartbeat sent
[2026-02-09 15:56:24.691] Heartbeat acknowledged
[2026-02-09 15:56:25.192] Heartbeat sent
[2026-02-09 15:56:25.192] Heartbeat acknowledged
[2026-02-09 15:56:25.694] Heartbeat sent
[2026-02-09 15:56:25.696] Heartbeat acknowledged
[2026-02-09 15:56:26.198] Heartbeat sent
[2026-02-09 15:56:26.198] Heartbeat acknowledged
[2026-02-09 15:56:26.700] Heartbeat sent
[2026-02-09 15:56:26.700] Heartbeat acknowledged
[2026-02-09 15:56:27.202] Heartbeat sent
[2026-02-09 15:56:27.204] Heartbeat acknowledged
[2026-02-09 15:56:27.523] Recieved 66
[2026-02-09 15:56:27.523] Sum updated to 612
[2026-02-09 15:56:27.706] Heartbeat sent
[2026-02-09 15:56:27.707] Heartbeat acknowledged
[2026-02-09 15:56:28.208] Heartbeat sent
[2026-02-09 15:56:28.208] Heartbeat acknowledged
[2026-02-09 15:56:28.536] Recieved 38
[2026-02-09 15:56:28.538] Sum updated to 650
[2026-02-09 15:56:28.711] Heartbeat sent
[2026-02-09 15:56:28.711] Heartbeat acknowledged
[2026-02-09 15:56:29.214] Heartbeat sent
[2026-02-09 15:56:29.214] Heartbeat acknowledged
[2026-02-09 15:56:29.520] Recieved 67
[2026-02-09 15:56:29.520] Sum updated to 717
[2026-02-09 15:56:29.716] Heartbeat sent
[2026-02-09 15:56:29.716] Heartbeat acknowledged
[2026-02-09 15:56:30.218] Heartbeat sent
[2026-02-09 15:56:30.218] Heartbeat acknowledged
[2026-02-09 15:56:30.721] Heartbeat sent
[2026-02-09 15:56:30.721] Heartbeat acknowledged
[2026-02-09 15:56:31.224] Heartbeat sent
[2026-02-09 15:56:31.224] Heartbeat acknowledged
[2026-02-09 15:56:31.727] Heartbeat sent
[2026-02-09 15:56:31.727] Heartbeat acknowledged
[2026-02-09 15:56:32.230] Heartbeat sent
[2026-02-09 15:56:32.230] Heartbeat acknowledged
[2026-02-09 15:56:32.525] Recieved 83
[2026-02-09 15:56:32.526] Sum updated to 800
[2026-02-09 15:56:32.732] Heartbeat sent
[2026-02-09 15:56:32.733] Heartbeat acknowledged
[2026-02-09 15:56:33.234] Heartbeat sent
[2026-02-09 15:56:33.235] Heartbeat acknowledged
[2026-02-09 15:56:33.540] Recieved 96
[2026-02-09 15:56:33.540] Sum updated to 896
[2026-02-09 15:56:33.737] Heartbeat sent
[2026-02-09 15:56:33.738] Heartbeat acknowledged
[2026-02-09 15:56:34.242] Heartbeat failed: Connection refused: connect
[2026-02-09 15:56:34.526] Recieved 60
[2026-02-09 15:56:34.526] Sum updated to 956
[2026-02-09 15:56:34.745] Heartbeat failed: Connection refused: connect
