[2026-02-09 15:56:04.516] Server 2001 started
[2026-02-09 15:56:04.532] Heartbeat sent
[2026-02-09 15:56:04.536] Server promoted to primary
[2026-02-09 15:56:04.536] Server promoted to PRIMARY
[2026-02-09 15:56:05.039] Heartbeat sent
[2026-02-09 15:56:05.039] Heartbeat acknowledged
[2026-02-09 15:56:05.543] Heartbeat sent
[2026-02-09 15:56:05.544] Heartbeat acknowledged
[2026-02-09 15:56:06.045] Heartbeat sent
[2026-02-09 15:56:06.046] Heartbeat acknowledged
[2026-02-09 15:56:06.550] Heartbeat sent
[2026-02-09 15:56:06.550] Heartbeat acknowledged
[2026-02-09 15:56:07.052] Heartbeat sent
[2026-02-09 15:56:07.054] Heartbeat acknowledged
[2026-02-09 15:56:07.556] Heartbeat sent
[2026-02-09 15:56:07.557] Heartbeat acknowledged
[2026-02-09 15:56:08.060] Heartbeat sent
[2026-02-09 15:56:08.061] Heartbeat acknowledged
[2026-02-09 15:56:08.563] Heartbeat sent
[2026-02-09 15:56:08.565] Heartbeat acknowledged
[2026-02-09 15:56:09.066] Heartbeat sent
[2026-02-09 15:56:09.071] Heartbeat acknowledged
[2026-02-09 15:56:09.574] Heartbeat sent
[2026-02-09 15:56:09.574] Heartbeat acknowledged
[2026-02-09 15:56:10.076] Heartbeat sent
[2026-02-09 15:56:10.077] Heartbeat acknowledged
[2026-02-09 15:56:10.579] Heartbeat sent
[2026-02-09 15:56:10.580] Heartbeat acknowledged
[2026-02-09 15:56:11.081] Heartbeat sent
[2026-02-09 15:56:11.082] Heartbeat acknowledged
[2026-02-09 15:56:11.584] Heartbeat sent
[2026-02-09 15:56:11.585] Heartbeat acknowledged
[2026-02-09 15:56:12.086] Heartbeat sent
[2026-02-09 15:56:12.087] Heartbeat acknowledged
[2026-02-09 15:56:12.507] Recieved 37
[2026-02-09 15:56:12.508] Sum updated to 37
[2026-02-09 15:56:12.591] Heartbeat sent
[2026-02-09 15:56:12.592] Heartbeat acknowledged
[2026-02-09 15:56:13.094] Heartbeat sent
[2026-02-09 15:56:13.095] Heartbeat acknowledged
[2026-02-09 15:56:13.524] Recieved 94
[2026-02-09 15:56:13.524] Sum updated to 131
[2026-02-09 15:56:13.596] Heartbeat sent
[2026-02-09 15:56:13.597] Heartbeat acknowledged
[2026-02-09 15:56:14.097] Heartbeat sent
[2026-02-09 15:56:14.103] Heartbeat acknowledged
[2026-02-09 15:56:14.512] Recieved 9
[2026-02-09 15:56:14.512] Sum updated to 140
[2026-02-09 15:56:14.606] Heartbeat sent
[2026-02-09 15:56:14.610] Heartbeat acknowledged
[2026-02-09 15:56:15.112] Heartbeat sent
[2026-02-09 15:56:15.114] Heartbeat acknowledged
[2026-02-09 15:56:15.615] Heartbeat sent
[2026-02-09 15:56:15.619] Heartbeat acknowledged
[2026-02-09 15:56:16.121] Heartbeat sent
[2026-02-09 15:56:16.124] Heartbeat acknowledged
[2026-02-09 15:56:16.627] Heartbeat sent
[2026-02-09 15:56:16.631] Heartbeat acknowledged
[2026-02-09 15:56:17.135] Heartbeat sent
[2026-02-09 15:56:17.137] Heartbeat acknowledged
[2026-02-09 15:56:17.514] Recieved 80
[2026-02-09 15:56:17.514] Sum updated to 220
[2026-02-09 15:56:17.640] Heartbeat sent
[2026-02-09 15:56:17.646] Heartbeat acknowledged
[2026-02-09 15:56:18.149] Heartbeat sent
[2026-02-09 15:56:18.150] Heartbeat acknowledged
[2026-02-09 15:56:18.530] Recieved 73
[2026-02-09 15:56:18.530] Sum updated to 293
[2026-02-09 15:56:18.652] Heartbeat sent
[2026-02-09 15:56:18.653] Heartbeat acknowledged
[2026-02-09 15:56:19.154] Heartbeat sent
[2026-02-09 15:56:19.156] Heartbeat acknowledged
[2026-02-09 15:56:19.516] Recieved 85
[2026-02-09 15:56:19.516] Sum updated to 378
[2026-02-09 15:56:19.658] Heartbeat sent
[2026-02-09 15:56:19.659] Heartbeat acknowledged
[2026-02-09 15:56:20.161] Heartbeat sent
[2026-02-09 15:56:20.161] Heartbeat acknowledged
