[2026-02-09 17:06:32.612] Client 3 started
[2026-02-09 17:06:32.614] No know primary
[2026-02-09 17:06:32.652] Heartbeat sent
[2026-02-09 17:06:32.656] New primary found, switching
[2026-02-09 17:06:33.159] Heartbeat sent
[2026-02-09 17:06:33.160] Heartbeat acknowledged
[2026-02-09 17:06:33.663] Heartbeat sent
[2026-02-09 17:06:33.663] Heartbeat acknowledged
[2026-02-09 17:06:34.165] Heartbeat sent
[2026-02-09 17:06:34.166] Heartbeat acknowledged
[2026-02-09 17:06:34.667] Heartbeat sent
[2026-02-09 17:06:34.668] Heartbeat acknowledged
[2026-02-09 17:06:35.171] Heartbeat sent
[2026-02-09 17:06:35.172] Heartbeat acknowledged
[2026-02-09 17:06:35.673] Heartbeat sent
[2026-02-09 17:06:35.673] Heartbeat acknowledged
[2026-02-09 17:06:36.175] Heartbeat sent
[2026-02-09 17:06:36.177] Heartbeat acknowledged
[2026-02-09 17:06:36.679] Heartbeat sent
[2026-02-09 17:06:36.680] Heartbeat acknowledged
[2026-02-09 17:06:37.182] Heartbeat sent
[2026-02-09 17:06:37.183] Heartbeat acknowledged
[2026-02-09 17:06:37.615] Sent 18
[2026-02-09 17:06:37.685] Heartbeat sent
[2026-02-09 17:06:37.686] Heartbeat acknowledged
[2026-02-09 17:06:38.187] Heartbeat sent
[2026-02-09 17:06:38.188] Heartbeat acknowledged
[2026-02-09 17:06:38.690] Heartbeat sent
[2026-02-09 17:06:38.690] Heartbeat acknowledged
[2026-02-09 17:06:39.191] Heartbeat sent
[2026-02-09 17:06:39.191] Heartbeat acknowledged
[2026-02-09 17:06:39.694] Heartbeat sent
[2026-02-09 17:06:39.694] Heartbeat acknowledged
[2026-02-09 17:06:40.197] Heartbeat sent
[2026-02-09 17:06:40.198] Heartbeat acknowledged
[2026-02-09 17:06:40.700] Heartbeat sent
[2026-02-09 17:06:40.702] Heartbeat acknowledged
[2026-02-09 17:06:41.204] Heartbeat sent
[2026-02-09 17:06:41.205] Heartbeat acknowledged
[2026-02-09 17:06:41.709] Heartbeat sent
[2026-02-09 17:06:41.711] Heartbeat acknowledged
[2026-02-09 17:06:42.214] Heartbeat sent
[2026-02-09 17:06:42.214] New primary found, switching
[2026-02-09 17:06:42.717] Heartbeat sent
[2026-02-09 17:06:42.718] Heartbeat acknowledged
[2026-02-09 17:06:43.219] Heartbeat sent
[2026-02-09 17:06:43.220] Heartbeat acknowledged
[2026-02-09 17:06:43.524] Sent 47
[2026-02-09 17:06:43.723] Heartbeat sent
[2026-02-09 17:06:43.723] Heartbeat acknowledged
[2026-02-09 17:06:44.226] Heartbeat sent
[2026-02-09 17:06:44.226] Heartbeat acknowledged
[2026-02-09 17:06:44.727] Heartbeat sent
[2026-02-09 17:06:44.727] Heartbeat acknowledged
[2026-02-09 17:06:45.229] Heartbeat sent
[2026-02-09 17:06:45.229] Heartbeat acknowledged
[2026-02-09 17:06:45.733] Heartbeat sent
[2026-02-09 17:06:45.735] Heartbeat acknowledged
[2026-02-09 17:06:46.237] Heartbeat sent
[2026-02-09 17:06:46.237] Heartbeat acknowledged
[2026-02-09 17:06:46.739] Heartbeat sent
[2026-02-09 17:06:46.740] Heartbeat acknowledged
[2026-02-09 17:06:47.243] Heartbeat sent
[2026-02-09 17:06:47.243] Heartbeat acknowledged
[2026-02-09 17:06:47.745] Heartbeat sent
[2026-02-09 17:06:47.746] Heartbeat acknowledged
[2026-02-09 17:06:48.248] Heartbeat sent
[2026-02-09 17:06:48.248] Heartbeat acknowledged
[2026-02-09 17:06:48.530] Sent 82
[2026-02-09 17:06:48.751] Heartbeat sent
[2026-02-09 17:06:48.751] Heartbeat acknowledged
[2026-02-09 17:06:49.252] Heartbeat sent
[2026-02-09 17:06:49.254] Heartbeat acknowledged
[2026-02-09 17:06:49.755] Heartbeat sent
[2026-02-09 17:06:49.755] Heartbeat acknowledged
[2026-02-09 17:06:50.257] Heartbeat sent
[2026-02-09 17:06:50.259] Heartbeat acknowledged
[2026-02-09 17:06:50.763] Heartbeat sent
[2026-02-09 17:06:50.769] Heartbeat acknowledged
[2026-02-09 17:06:51.273] Heartbeat sent
[2026-02-09 17:06:51.339] Heartbeat failed: No line found
[2026-02-09 17:06:51.842] Heartbeat failed: Connection refused: connect
[2026-02-09 17:27:03.000] Client 3 started
[2026-02-09 17:27:03.004] No know primary
[2026-02-09 17:27:03.041] Heartbeat sent
[2026-02-09 17:27:03.043] New primary found, switching
[2026-02-09 17:27:03.545] Heartbeat sent
[2026-02-09 17:27:03.545] Heartbeat acknowledged
[2026-02-09 17:27:04.047] Heartbeat sent
[2026-02-09 17:27:04.049] Heartbeat acknowledged
[2026-02-09 17:27:04.551] Heartbeat sent
[2026-02-09 17:27:04.552] Heartbeat acknowledged
[2026-02-09 17:27:05.055] Heartbeat sent
[2026-02-09 17:27:05.055] Heartbeat acknowledged
[2026-02-09 17:27:05.556] Heartbeat sent
[2026-02-09 17:27:05.558] Heartbeat acknowledged
[2026-02-09 17:27:06.059] Heartbeat sent
[2026-02-09 17:27:06.059] Heartbeat acknowledged
[2026-02-09 17:27:06.562] Heartbeat sent
[2026-02-09 17:27:06.562] Heartbeat acknowledged
[2026-02-09 17:27:07.065] Heartbeat sent
[2026-02-09 17:27:07.066] Heartbeat acknowledged
[2026-02-09 17:27:07.568] Heartbeat sent
[2026-02-09 17:27:07.570] Heartbeat acknowledged
[2026-02-09 17:27:08.006] Sent 64
[2026-02-09 17:27:08.072] Heartbeat sent
[2026-02-09 17:27:08.073] Heartbeat acknowledged
[2026-02-09 17:27:08.575] Heartbeat sent
[2026-02-09 17:27:08.576] Heartbeat acknowledged
[2026-02-09 17:27:09.078] Heartbeat sent
[2026-02-09 17:27:09.079] Heartbeat acknowledged
[2026-02-09 17:27:09.581] Heartbeat sent
[2026-02-09 17:27:09.581] Heartbeat acknowledged
[2026-02-09 17:27:10.084] Heartbeat sent
[2026-02-09 17:27:10.085] Heartbeat acknowledged
[2026-02-09 17:27:10.587] Heartbeat sent
[2026-02-09 17:27:10.587] Heartbeat acknowledged
[2026-02-09 17:27:11.090] Heartbeat sent
[2026-02-09 17:27:11.092] Heartbeat acknowledged
[2026-02-09 17:27:11.593] Heartbeat sent
[2026-02-09 17:27:11.593] Heartbeat acknowledged
[2026-02-09 17:27:12.096] Heartbeat sent
[2026-02-09 17:27:12.097] Heartbeat acknowledged
[2026-02-09 17:27:12.599] Heartbeat sent
[2026-02-09 17:27:12.599] Heartbeat acknowledged
[2026-02-09 17:27:13.014] Sent 71
[2026-02-09 17:27:13.101] Heartbeat sent
[2026-02-09 17:27:13.101] Heartbeat acknowledged
[2026-02-09 17:27:13.604] Heartbeat sent
[2026-02-09 17:27:13.604] Heartbeat acknowledged
[2026-02-09 17:27:14.106] Heartbeat sent
[2026-02-09 17:27:14.107] Heartbeat acknowledged
[2026-02-09 17:27:14.608] Heartbeat sent
[2026-02-09 17:27:14.608] Heartbeat acknowledged
[2026-02-09 17:27:15.111] Heartbeat sent
[2026-02-09 17:27:15.111] Heartbeat acknowledged
[2026-02-09 17:27:15.615] Heartbeat sent
[2026-02-09 17:27:15.616] Heartbeat acknowledged
[2026-02-09 17:27:16.118] Heartbeat sent
[2026-02-09 17:27:16.118] Heartbeat acknowledged
[2026-02-09 17:27:16.620] Heartbeat sent
[2026-02-09 17:27:16.620] Heartbeat acknowledged
[2026-02-09 17:27:17.122] Heartbeat sent
[2026-02-09 17:27:17.122] Heartbeat acknowledged
[2026-02-09 17:27:17.625] Heartbeat sent
[2026-02-09 17:27:17.625] Heartbeat acknowledged
[2026-02-09 17:27:18.017] Sent 87
[2026-02-09 17:27:18.128] Heartbeat sent
[2026-02-09 17:27:18.128] Heartbeat acknowledged
[2026-02-09 17:27:18.629] Heartbeat sent
[2026-02-09 17:27:18.629] Heartbeat acknowledged
[2026-02-09 17:27:19.132] Heartbeat sent
[2026-02-09 17:27:19.132] Heartbeat acknowledged
[2026-02-09 17:27:19.635] Heartbeat sent
[2026-02-09 17:27:19.636] Heartbeat acknowledged
[2026-02-09 17:27:20.138] Heartbeat sent
[2026-02-09 17:27:20.138] Heartbeat acknowledged
[2026-02-09 17:27:20.641] Heartbeat sent
[2026-02-09 17:27:20.642] Heartbeat acknowledged
[2026-02-09 17:27:21.143] Heartbeat sent
[2026-02-09 17:27:21.144] Heartbeat acknowledged
[2026-02-09 17:27:21.646] Heartbeat sent
[2026-02-09 17:27:21.646] Heartbeat acknowledged
[2026-02-09 17:27:22.147] Heartbeat sent
[2026-02-09 17:27:22.147] Heartbeat acknowledged
[2026-02-09 17:27:22.651] Heartbeat sent
[2026-02-09 17:27:22.651] Heartbeat acknowledged
[2026-02-09 17:27:23.021] Sent 47
[2026-02-09 17:27:23.153] Heartbeat sent
[2026-02-09 17:27:23.153] Heartbeat acknowledged
[2026-02-09 17:27:23.656] Heartbeat sent
[2026-02-09 17:27:23.657] Heartbeat acknowledged
[2026-02-09 17:27:24.160] Heartbeat sent
[2026-02-09 17:27:24.160] Heartbeat acknowledged
[2026-02-09 17:27:24.664] Heartbeat sent
[2026-02-09 17:27:24.664] Heartbeat acknowledged
[2026-02-09 17:27:25.165] Heartbeat sent
[2026-02-09 17:27:25.165] Heartbeat acknowledged
[2026-02-09 17:27:25.668] Heartbeat sent
[2026-02-09 17:27:25.668] Heartbeat acknowledged
[2026-02-09 17:27:26.170] Heartbeat sent
[2026-02-09 17:27:26.170] Heartbeat acknowledged
[2026-02-09 17:27:26.672] Heartbeat sent
[2026-02-09 17:27:26.673] Heartbeat acknowledged
[2026-02-09 17:27:27.175] Heartbeat sent
[2026-02-09 17:27:27.176] Heartbeat acknowledged
[2026-02-09 17:27:27.677] Heartbeat sent
[2026-02-09 17:27:27.677] Heartbeat acknowledged
[2026-02-09 17:27:28.026] Sent 21
[2026-02-09 17:27:28.179] Heartbeat sent
[2026-02-09 17:27:28.180] Heartbeat acknowledged
[2026-02-09 17:27:28.681] Heartbeat sent
[2026-02-09 17:27:28.682] Heartbeat acknowledged
[2026-02-09 17:27:29.184] Heartbeat sent
[2026-02-09 17:27:29.185] Heartbeat acknowledged
[2026-02-09 17:27:29.687] Heartbeat sent
[2026-02-09 17:27:29.687] Heartbeat acknowledged
[2026-02-09 17:27:30.188] Heartbeat sent
[2026-02-09 17:27:30.188] Heartbeat acknowledged
[2026-02-09 17:27:30.691] Heartbeat sent
[2026-02-09 17:27:30.691] Heartbeat acknowledged
[2026-02-09 17:27:31.194] Heartbeat sent
[2026-02-09 17:27:31.195] New primary found, switching
[2026-02-09 17:27:31.696] Heartbeat sent
[2026-02-09 17:27:31.697] Heartbeat acknowledged
[2026-02-09 17:27:32.199] Heartbeat sent
[2026-02-09 17:27:32.199] Heartbeat acknowledged
[2026-02-09 17:27:32.703] Heartbeat sent
[2026-02-09 17:27:32.703] Heartbeat acknowledged
[2026-02-09 17:27:33.032] Sent 36
[2026-02-09 17:27:33.206] Heartbeat sent
[2026-02-09 17:27:33.206] Heartbeat acknowledged
[2026-02-09 17:27:33.709] Heartbeat sent
[2026-02-09 17:27:33.709] Heartbeat acknowledged
[2026-02-09 17:27:34.210] Heartbeat sent
[2026-02-09 17:27:34.211] Heartbeat acknowledged
[2026-02-09 17:27:34.713] Heartbeat sent
[2026-02-09 17:27:34.714] Heartbeat acknowledged
[2026-02-09 17:27:35.217] Heartbeat sent
[2026-02-09 17:27:35.217] Heartbeat acknowledged
[2026-02-09 17:27:35.721] Heartbeat sent
[2026-02-09 17:27:35.721] Heartbeat acknowledged
[2026-02-09 17:27:36.222] Heartbeat sent
[2026-02-09 17:27:36.223] Heartbeat acknowledged
[2026-02-09 17:27:36.724] Heartbeat sent
[2026-02-09 17:27:36.724] Heartbeat acknowledged
[2026-02-09 17:27:37.226] Heartbeat sent
[2026-02-09 17:27:37.226] Heartbeat acknowledged
[2026-02-09 17:27:37.730] Heartbeat sent
[2026-02-09 17:27:37.731] Heartbeat acknowledged
[2026-02-09 17:27:38.037] Sent 13
[2026-02-09 17:27:38.233] Heartbeat sent
[2026-02-09 17:27:38.233] Heartbeat acknowledged
[2026-02-09 17:27:38.736] Heartbeat sent
[2026-02-09 17:27:38.737] Heartbeat acknowledged
[2026-02-09 17:27:39.238] Heartbeat sent
[2026-02-09 17:27:39.238] Heartbeat acknowledged
[2026-02-09 17:27:39.743] Heartbeat failed: Connection refused: connect
[2026-02-09 17:27:40.246] Heartbeat failed: Connection refused: connect
