[2026-02-09 17:06:32.364] Client 2 started
[2026-02-09 17:06:32.366] No know primary
[2026-02-09 17:06:32.402] Heartbeat sent
[2026-02-09 17:06:32.406] New primary found, switching
[2026-02-09 17:06:32.912] Heartbeat sent
[2026-02-09 17:06:32.915] Heartbeat acknowledged
[2026-02-09 17:06:33.420] Heartbeat sent
[2026-02-09 17:06:33.420] Heartbeat acknowledged
[2026-02-09 17:06:33.922] Heartbeat sent
[2026-02-09 17:06:33.922] Heartbeat acknowledged
[2026-02-09 17:06:34.426] Heartbeat sent
[2026-02-09 17:06:34.427] Heartbeat acknowledged
[2026-02-09 17:06:34.930] Heartbeat sent
[2026-02-09 17:06:34.931] Heartbeat acknowledged
[2026-02-09 17:06:35.433] Heartbeat sent
[2026-02-09 17:06:35.433] Heartbeat acknowledged
[2026-02-09 17:06:35.935] Heartbeat sent
[2026-02-09 17:06:35.936] Heartbeat acknowledged
[2026-02-09 17:06:36.437] Heartbeat sent
[2026-02-09 17:06:36.439] Heartbeat acknowledged
[2026-02-09 17:06:36.941] Heartbeat sent
[2026-02-09 17:06:36.941] Heartbeat acknowledged
[2026-02-09 17:06:37.368] Sent 62
[2026-02-09 17:06:37.442] Heartbeat sent
[2026-02-09 17:06:37.442] Heartbeat acknowledged
[2026-02-09 17:06:37.945] Heartbeat sent
[2026-02-09 17:06:37.945] Heartbeat acknowledged
[2026-02-09 17:06:38.448] Heartbeat sent
[2026-02-09 17:06:38.449] Heartbeat acknowledged
[2026-02-09 17:06:38.951] Heartbeat sent
[2026-02-09 17:06:38.951] Heartbeat acknowledged
[2026-02-09 17:06:39.454] Heartbeat sent
[2026-02-09 17:06:39.454] Heartbeat acknowledged
[2026-02-09 17:06:39.956] Heartbeat sent
[2026-02-09 17:06:39.958] Heartbeat acknowledged
[2026-02-09 17:06:40.460] Heartbeat sent
[2026-02-09 17:06:40.460] Heartbeat acknowledged
[2026-02-09 17:06:40.963] Heartbeat sent
[2026-02-09 17:06:40.963] Heartbeat acknowledged
[2026-02-09 17:06:41.465] Heartbeat sent
[2026-02-09 17:06:41.466] Heartbeat acknowledged
[2026-02-09 17:06:41.966] Heartbeat sent
[2026-02-09 17:06:41.967] Heartbeat acknowledged
[2026-02-09 17:06:42.469] Heartbeat sent
[2026-02-09 17:06:42.469] New primary found, switching
[2026-02-09 17:06:42.972] Heartbeat sent
[2026-02-09 17:06:42.973] Heartbeat acknowledged
[2026-02-09 17:06:43.277] Sent 90
[2026-02-09 17:06:43.473] Heartbeat sent
[2026-02-09 17:06:43.473] Heartbeat acknowledged
[2026-02-09 17:06:43.976] Heartbeat sent
[2026-02-09 17:06:43.976] Heartbeat acknowledged
[2026-02-09 17:06:44.479] Heartbeat sent
[2026-02-09 17:06:44.479] Heartbeat acknowledged
[2026-02-09 17:06:44.982] Heartbeat sent
[2026-02-09 17:06:44.983] Heartbeat acknowledged
[2026-02-09 17:06:45.484] Heartbeat sent
[2026-02-09 17:06:45.485] Heartbeat acknowledged
[2026-02-09 17:06:45.985] Heartbeat sent
[2026-02-09 17:06:45.986] Heartbeat acknowledged
[2026-02-09 17:06:46.488] Heartbeat sent
[2026-02-09 17:06:46.488] Heartbeat acknowledged
[2026-02-09 17:06:46.990] Heartbeat sent
[2026-02-09 17:06:46.992] Heartbeat acknowledged
[2026-02-09 17:06:47.494] Heartbeat sent
[2026-02-09 17:06:47.495] Heartbeat acknowledged
[2026-02-09 17:06:47.996] Heartbeat sent
[2026-02-09 17:06:47.997] Heartbeat acknowledged
[2026-02-09 17:06:48.285] Sent 60
[2026-02-09 17:06:48.498] Heartbeat sent
[2026-02-09 17:06:48.499] Heartbeat acknowledged
[2026-02-09 17:06:49.001] Heartbeat sent
[2026-02-09 17:06:49.002] Heartbeat acknowledged
[2026-02-09 17:06:49.504] Heartbeat sent
[2026-02-09 17:06:49.504] Heartbeat acknowledged
[2026-02-09 17:06:50.006] Heartbeat sent
[2026-02-09 17:06:50.006] Heartbeat acknowledged
[2026-02-09 17:06:50.510] Heartbeat sent
[2026-02-09 17:06:50.513] Heartbeat acknowledged
[2026-02-09 17:06:51.017] Heartbeat sent
[2026-02-09 17:06:51.026] Heartbeat acknowledged
[2026-02-09 17:06:51.532] Heartbeat failed: Connection refused: connect
[2026-02-09 17:27:02.749] Client 2 started
[2026-02-09 17:27:02.750] No know primary
[2026-02-09 17:27:02.787] Heartbeat sent
[2026-02-09 17:27:02.790] New primary found, switching
[2026-02-09 17:27:03.292] Heartbeat sent
[2026-02-09 17:27:03.292] Heartbeat acknowledged
[2026-02-09 17:27:03.794] Heartbeat sent
[2026-02-09 17:27:03.795] Heartbeat acknowledged
[2026-02-09 17:27:04.297] Heartbeat sent
[2026-02-09 17:27:04.297] Heartbeat acknowledged
[2026-02-09 17:27:04.800] Heartbeat sent
[2026-02-09 17:27:04.801] Heartbeat acknowledged
[2026-02-09 17:27:05.302] Heartbeat sent
[2026-02-09 17:27:05.302] Heartbeat acknowledged
[2026-02-09 17:27:05.805] Heartbeat sent
[2026-02-09 17:27:05.807] Heartbeat acknowledged
[2026-02-09 17:27:06.308] Heartbeat sent
[2026-02-09 17:27:06.309] Heartbeat acknowledged
[2026-02-09 17:27:06.810] Heartbeat sent
[2026-02-09 17:27:06.811] Heartbeat acknowledged
[2026-02-09 17:27:07.312] Heartbeat sent
[2026-02-09 17:27:07.312] Heartbeat acknowledged
[2026-02-09 17:27:07.751] Sent 71
[2026-02-09 17:27:07.816] Heartbeat sent
[2026-02-09 17:27:07.816] Heartbeat acknowledged
[2026-02-09 17:27:08.318] Heartbeat sent
[2026-02-09 17:27:08.318] Heartbeat acknowledged
[2026-02-09 17:27:08.821] Heartbeat sent
[2026-02-09 17:27:08.822] Heartbeat acknowledged
[2026-02-09 17:27:09.323] Heartbeat sent
[2026-02-09 17:27:09.323] Heartbeat acknowledged
[2026-02-09 17:27:09.825] Heartbeat sent
[2026-02-09 17:27:09.827] Heartbeat acknowledged
[2026-02-09 17:27:10.328] Heartbeat sent
[2026-02-09 17:27:10.328] Heartbeat acknowledged
[2026-02-09 17:27:10.832] Heartbeat sent
[2026-02-09 17:27:10.832] Heartbeat acknowledged
[2026-02-09 17:27:11.335] Heartbeat sent
[2026-02-09 17:27:11.336] Heartbeat acknowledged
[2026-02-09 17:27:11.838] Heartbeat sent
[2026-02-09 17:27:11.838] Heartbeat acknowledged
[2026-02-09 17:27:12.340] Heartbeat sent
[2026-02-09 17:27:12.341] Heartbeat acknowledged
[2026-02-09 17:27:12.761] Sent 6
[2026-02-09 17:27:12.843] Heartbeat sent
[2026-02-09 17:27:12.843] Heartbeat acknowledged
[2026-02-09 17:27:13.346] Heartbeat sent
[2026-02-09 17:27:13.346] Heartbeat acknowledged
[2026-02-09 17:27:13.848] Heartbeat sent
[2026-02-09 17:27:13.848] Heartbeat acknowledged
[2026-02-09 17:27:14.351] Heartbeat sent
[2026-02-09 17:27:14.351] Heartbeat acknowledged
[2026-02-09 17:27:14.852] Heartbeat sent
[2026-02-09 17:27:14.852] Heartbeat acknowledged
[2026-02-09 17:27:15.356] Heartbeat sent
[2026-02-09 17:27:15.356] Heartbeat acknowledged
[2026-02-09 17:27:15.858] Heartbeat sent
[2026-02-09 17:27:15.859] Heartbeat acknowledged
[2026-02-09 17:27:16.361] Heartbeat sent
[2026-02-09 17:27:16.363] Heartbeat acknowledged
[2026-02-09 17:27:16.863] Heartbeat sent
[2026-02-09 17:27:16.865] Heartbeat acknowledged
[2026-02-09 17:27:17.366] Heartbeat sent
[2026-02-09 17:27:17.366] Heartbeat acknowledged
[2026-02-09 17:27:17.766] Sent 75
[2026-02-09 17:27:17.870] Heartbeat sent
[2026-02-09 17:27:17.870] Heartbeat acknowledged
[2026-02-09 17:27:18.372] Heartbeat sent
[2026-02-09 17:27:18.372] Heartbeat acknowledged
[2026-02-09 17:27:18.874] Heartbeat sent
[2026-02-09 17:27:18.874] Heartbeat acknowledged
[2026-02-09 17:27:19.377] Heartbeat sent
[2026-02-09 17:27:19.378] Heartbeat acknowledged
[2026-02-09 17:27:19.880] Heartbeat sent
[2026-02-09 17:27:19.881] Heartbeat acknowledged
[2026-02-09 17:27:20.383] Heartbeat sent
[2026-02-09 17:27:20.383] Heartbeat acknowledged
[2026-02-09 17:27:20.884] Heartbeat sent
[2026-02-09 17:27:20.884] Heartbeat acknowledged
[2026-02-09 17:27:21.387] Heartbeat sent
[2026-02-09 17:27:21.387] Heartbeat acknowledged
[2026-02-09 17:27:21.890] Heartbeat sent
[2026-02-09 17:27:21.891] Heartbeat acknowledged
[2026-02-09 17:27:22.392] Heartbeat sent
[2026-02-09 17:27:22.393] Heartbeat acknowledged
[2026-02-09 17:27:22.771] Sent 21
[2026-02-09 17:27:22.895] Heartbeat sent
[2026-02-09 17:27:22.895] Heartbeat acknowledged
[2026-02-09 17:27:23.397] Heartbeat sent
[2026-02-09 17:27:23.397] Heartbeat acknowledged
[2026-02-09 17:27:23.900] Heartbeat sent
[2026-02-09 17:27:23.900] Heartbeat acknowledged
[2026-02-09 17:27:24.403] Heartbeat sent
[2026-02-09 17:27:24.403] Heartbeat acknowledged
[2026-02-09 17:27:24.905] Heartbeat sent
[2026-02-09 17:27:24.906] Heartbeat acknowledged
[2026-02-09 17:27:25.408] Heartbeat sent
[2026-02-09 17:27:25.408] Heartbeat acknowledged
[2026-02-09 17:27:25.909] Heartbeat sent
[2026-02-09 17:27:25.909] Heartbeat acknowledged
[2026-02-09 17:27:26.412] Heartbeat sent
[2026-02-09 17:27:26.413] Heartbeat acknowledged
[2026-02-09 17:27:26.915] Heartbeat sent
[2026-02-09 17:27:26.915] Heartbeat acknowledged
[2026-02-09 17:27:27.417] Heartbeat sent
[2026-02-09 17:27:27.418] Heartbeat acknowledged
[2026-02-09 17:27:27.774] Sent 95
[2026-02-09 17:27:27.918] Heartbeat sent
[2026-02-09 17:27:27.918] Heartbeat acknowledged
[2026-02-09 17:27:28.422] Heartbeat sent
[2026-02-09 17:27:28.422] Heartbeat acknowledged
[2026-02-09 17:27:28.925] Heartbeat sent
[2026-02-09 17:27:28.926] Heartbeat acknowledged
[2026-02-09 17:27:29.427] Heartbeat sent
[2026-02-09 17:27:29.427] Heartbeat acknowledged
[2026-02-09 17:27:29.929] Heartbeat sent
[2026-02-09 17:27:29.930] Heartbeat acknowledged
[2026-02-09 17:27:30.431] Heartbeat sent
[2026-02-09 17:27:30.431] Heartbeat acknowledged
[2026-02-09 17:27:30.933] Heartbeat sent
[2026-02-09 17:27:30.934] Heartbeat acknowledged
[2026-02-09 17:27:31.437] Heartbeat sent
[2026-02-09 17:27:31.437] New primary found, switching
[2026-02-09 17:27:31.938] Heartbeat sent
[2026-02-09 17:27:31.938] Heartbeat acknowledged
[2026-02-09 17:27:32.441] Heartbeat sent
[2026-02-09 17:27:32.443] Heartbeat acknowledged
[2026-02-09 17:27:32.780] Sent 72
[2026-02-09 17:27:32.945] Heartbeat sent
[2026-02-09 17:27:32.945] Heartbeat acknowledged
[2026-02-09 17:27:33.448] Heartbeat sent
[2026-02-09 17:27:33.449] Heartbeat acknowledged
[2026-02-09 17:27:33.951] Heartbeat sent
[2026-02-09 17:27:33.951] Heartbeat acknowledged
[2026-02-09 17:27:34.453] Heartbeat sent
[2026-02-09 17:27:34.453] Heartbeat acknowledged
[2026-02-09 17:27:34.955] Heartbeat sent
[2026-02-09 17:27:34.955] Heartbeat acknowledged
[2026-02-09 17:27:35.458] Heartbeat sent
[2026-02-09 17:27:35.458] Heartbeat acknowledged
[2026-02-09 17:27:35.959] Heartbeat sent
[2026-02-09 17:27:35.960] Heartbeat acknowledged
[2026-02-09 17:27:36.461] Heartbeat sent
[2026-02-09 17:27:36.461] Heartbeat acknowledged
[2026-02-09 17:27:36.963] Heartbeat sent
[2026-02-09 17:27:36.963] Heartbeat acknowledged
[2026-02-09 17:27:37.466] Heartbeat sent
[2026-02-09 17:27:37.467] Heartbeat acknowledged
[2026-02-09 17:27:37.787] Sent 89
[2026-02-09 17:27:37.968] Heartbeat sent
[2026-02-09 17:27:37.968] Heartbeat acknowledged
[2026-02-09 17:27:38.470] Heartbeat sent
[2026-02-09 17:27:38.470] Heartbeat acknowledged
[2026-02-09 17:27:38.972] Heartbeat sent
[2026-02-09 17:27:38.972] Heartbeat acknowledged
[2026-02-09 17:27:39.475] Heartbeat sent
[2026-02-09 17:27:39.533] Heartbeat failed: No line found
[2026-02-09 17:27:40.036] Heartbeat failed: Connection refused: connect
