[2026-02-09 17:06:32.942] Client 4 started
[2026-02-09 17:06:32.944] No know primary
[2026-02-09 17:06:32.986] Heartbeat sent
[2026-02-09 17:06:32.987] New primary found, switching
[2026-02-09 17:06:33.490] Heartbeat sent
[2026-02-09 17:06:33.490] Heartbeat acknowledged
[2026-02-09 17:06:33.994] Heartbeat sent
[2026-02-09 17:06:33.995] Heartbeat acknowledged
[2026-02-09 17:06:34.497] Heartbeat sent
[2026-02-09 17:06:34.497] Heartbeat acknowledged
[2026-02-09 17:06:35.000] Heartbeat sent
[2026-02-09 17:06:35.001] Heartbeat acknowledged
[2026-02-09 17:06:35.502] Heartbeat sent
[2026-02-09 17:06:35.503] Heartbeat acknowledged
[2026-02-09 17:06:36.004] Heartbeat sent
[2026-02-09 17:06:36.004] Heartbeat acknowledged
[2026-02-09 17:06:36.508] Heartbeat sent
[2026-02-09 17:06:36.510] Heartbeat acknowledged
[2026-02-09 17:06:37.015] Heartbeat sent
[2026-02-09 17:06:37.016] Heartbeat acknowledged
[2026-02-09 17:06:37.518] Heartbeat sent
[2026-02-09 17:06:37.519] Heartbeat acknowledged
[2026-02-09 17:06:37.948] Sent 56
[2026-02-09 17:06:38.020] Heartbeat sent
[2026-02-09 17:06:38.021] Heartbeat acknowledged
[2026-02-09 17:06:38.524] Heartbeat sent
[2026-02-09 17:06:38.525] Heartbeat acknowledged
[2026-02-09 17:06:39.026] Heartbeat sent
[2026-02-09 17:06:39.026] Heartbeat acknowledged
[2026-02-09 17:06:39.530] Heartbeat sent
[2026-02-09 17:06:39.531] Heartbeat acknowledged
[2026-02-09 17:06:40.032] Heartbeat sent
[2026-02-09 17:06:40.032] Heartbeat acknowledged
[2026-02-09 17:06:40.535] Heartbeat sent
[2026-02-09 17:06:40.536] Heartbeat acknowledged
[2026-02-09 17:06:41.037] Heartbeat sent
[2026-02-09 17:06:41.037] Heartbeat acknowledged
[2026-02-09 17:06:41.540] Heartbeat sent
[2026-02-09 17:06:41.542] Heartbeat acknowledged
[2026-02-09 17:06:42.043] Heartbeat sent
[2026-02-09 17:06:42.043] New primary found, switching
[2026-02-09 17:06:42.547] Heartbeat sent
[2026-02-09 17:06:42.547] Heartbeat acknowledged
[2026-02-09 17:06:43.050] Heartbeat sent
[2026-02-09 17:06:43.050] Heartbeat acknowledged
[2026-02-09 17:06:43.551] Heartbeat sent
[2026-02-09 17:06:43.553] Heartbeat acknowledged
[2026-02-09 17:06:43.857] Sent 13
[2026-02-09 17:06:44.054] Heartbeat sent
[2026-02-09 17:06:44.054] Heartbeat acknowledged
[2026-02-09 17:06:44.556] Heartbeat sent
[2026-02-09 17:06:44.557] Heartbeat acknowledged
[2026-02-09 17:06:45.058] Heartbeat sent
[2026-02-09 17:06:45.059] Heartbeat acknowledged
[2026-02-09 17:06:45.560] Heartbeat sent
[2026-02-09 17:06:45.560] Heartbeat acknowledged
[2026-02-09 17:06:46.062] Heartbeat sent
[2026-02-09 17:06:46.062] Heartbeat acknowledged
[2026-02-09 17:06:46.566] Heartbeat sent
[2026-02-09 17:06:46.569] Heartbeat acknowledged
[2026-02-09 17:06:47.079] Heartbeat sent
[2026-02-09 17:06:47.079] Heartbeat acknowledged
[2026-02-09 17:06:47.583] Heartbeat sent
[2026-02-09 17:06:47.583] Heartbeat acknowledged
[2026-02-09 17:06:48.085] Heartbeat sent
[2026-02-09 17:06:48.085] Heartbeat acknowledged
[2026-02-09 17:06:48.587] Heartbeat sent
[2026-02-09 17:06:48.587] Heartbeat acknowledged
[2026-02-09 17:06:48.863] Sent 45
[2026-02-09 17:06:49.088] Heartbeat sent
[2026-02-09 17:06:49.088] Heartbeat acknowledged
[2026-02-09 17:06:49.592] Heartbeat sent
[2026-02-09 17:06:49.592] Heartbeat acknowledged
[2026-02-09 17:06:50.095] Heartbeat sent
[2026-02-09 17:06:50.095] Heartbeat acknowledged
[2026-02-09 17:06:50.597] Heartbeat sent
[2026-02-09 17:06:50.600] Heartbeat acknowledged
[2026-02-09 17:06:51.109] Heartbeat sent
[2026-02-09 17:06:51.111] Heartbeat acknowledged
[2026-02-09 17:06:51.615] Heartbeat failed: Connection refused: connect
[2026-02-09 17:27:03.257] Client 4 started
[2026-02-09 17:27:03.258] No know primary
[2026-02-09 17:27:03.295] Heartbeat sent
[2026-02-09 17:27:03.298] New primary found, switching
[2026-02-09 17:27:03.802] Heartbeat sent
[2026-02-09 17:27:03.803] Heartbeat acknowledged
[2026-02-09 17:27:04.306] Heartbeat sent
[2026-02-09 17:27:04.307] Heartbeat acknowledged
[2026-02-09 17:27:04.807] Heartbeat sent
[2026-02-09 17:27:04.807] Heartbeat acknowledged
[2026-02-09 17:27:05.311] Heartbeat sent
[2026-02-09 17:27:05.312] Heartbeat acknowledged
[2026-02-09 17:27:05.814] Heartbeat sent
[2026-02-09 17:27:05.815] Heartbeat acknowledged
[2026-02-09 17:27:06.317] Heartbeat sent
[2026-02-09 17:27:06.317] Heartbeat acknowledged
[2026-02-09 17:27:06.819] Heartbeat sent
[2026-02-09 17:27:06.819] Heartbeat acknowledged
[2026-02-09 17:27:07.321] Heartbeat sent
[2026-02-09 17:27:07.323] Heartbeat acknowledged
[2026-02-09 17:27:07.825] Heartbeat sent
[2026-02-09 17:27:07.825] Heartbeat acknowledged
[2026-02-09 17:27:08.261] Sent 70
[2026-02-09 17:27:08.329] Heartbeat sent
[2026-02-09 17:27:08.329] Heartbeat acknowledged
[2026-02-09 17:27:08.832] Heartbeat sent
[2026-02-09 17:27:08.832] Heartbeat acknowledged
[2026-02-09 17:27:09.334] Heartbeat sent
[2026-02-09 17:27:09.335] Heartbeat acknowledged
[2026-02-09 17:27:09.837] Heartbeat sent
[2026-02-09 17:27:09.837] Heartbeat acknowledged
[2026-02-09 17:27:10.338] Heartbeat sent
[2026-02-09 17:27:10.340] Heartbeat acknowledged
[2026-02-09 17:27:10.840] Heartbeat sent
[2026-02-09 17:27:10.842] Heartbeat acknowledged
[2026-02-09 17:27:11.344] Heartbeat sent
[2026-02-09 17:27:11.345] Heartbeat acknowledged
[2026-02-09 17:27:11.847] Heartbeat sent
[2026-02-09 17:27:11.847] Heartbeat acknowledged
[2026-02-09 17:27:12.350] Heartbeat sent
[2026-02-09 17:27:12.350] Heartbeat acknowledged
[2026-02-09 17:27:12.854] Heartbeat sent
[2026-02-09 17:27:12.854] Heartbeat acknowledged
[2026-02-09 17:27:13.269] Sent 46
[2026-02-09 17:27:13.357] Heartbeat sent
[2026-02-09 17:27:13.357] Heartbeat acknowledged
[2026-02-09 17:27:13.859] Heartbeat sent
[2026-02-09 17:27:13.860] Heartbeat acknowledged
[2026-02-09 17:27:14.361] Heartbeat sent
[2026-02-09 17:27:14.362] Heartbeat acknowledged
[2026-02-09 17:27:14.865] Heartbeat sent
[2026-02-09 17:27:14.865] Heartbeat acknowledged
[2026-02-09 17:27:15.367] Heartbeat sent
[2026-02-09 17:27:15.367] Heartbeat acknowledged
[2026-02-09 17:27:15.870] Heartbeat sent
[2026-02-09 17:27:15.870] Heartbeat acknowledged
[2026-02-09 17:27:16.373] Heartbeat sent
[2026-02-09 17:27:16.373] Heartbeat acknowledged
[2026-02-09 17:27:16.875] Heartbeat sent
[2026-02-09 17:27:16.875] Heartbeat acknowledged
[2026-02-09 17:27:17.377] Heartbeat sent
[2026-02-09 17:27:17.377] Heartbeat acknowledged
[2026-02-09 17:27:17.879] Heartbeat sent
[2026-02-09 17:27:17.879] Heartbeat acknowledged
[2026-02-09 17:27:18.273] Sent 72
[2026-02-09 17:27:18.381] Heartbeat sent
[2026-02-09 17:27:18.381] Heartbeat acknowledged
[2026-02-09 17:27:18.883] Heartbeat sent
[2026-02-09 17:27:18.885] Heartbeat acknowledged
[2026-02-09 17:27:19.386] Heartbeat sent
[2026-02-09 17:27:19.387] Heartbeat acknowledged
[2026-02-09 17:27:19.890] Heartbeat sent
[2026-02-09 17:27:19.890] Heartbeat acknowledged
[2026-02-09 17:27:20.393] Heartbeat sent
[2026-02-09 17:27:20.394] Heartbeat acknowledged
[2026-02-09 17:27:20.896] Heartbeat sent
[2026-02-09 17:27:20.896] Heartbeat acknowledged
[2026-02-09 17:27:21.398] Heartbeat sent
[2026-02-09 17:27:21.398] Heartbeat acknowledged
[2026-02-09 17:27:21.900] Heartbeat sent
[2026-02-09 17:27:21.900] Heartbeat acknowledged
[2026-02-09 17:27:22.404] Heartbeat sent
[2026-02-09 17:27:22.405] Heartbeat acknowledged
[2026-02-09 17:27:22.907] Heartbeat sent
[2026-02-09 17:27:22.907] Heartbeat acknowledged
[2026-02-09 17:27:23.278] Sent 22
[2026-02-09 17:27:23.410] Heartbeat sent
[2026-02-09 17:27:23.410] Heartbeat acknowledged
[2026-02-09 17:27:23.911] Heartbeat sent
[2026-02-09 17:27:23.911] Heartbeat acknowledged
[2026-02-09 17:27:24.414] Heartbeat sent
[2026-02-09 17:27:24.414] Heartbeat acknowledged
[2026-02-09 17:27:24.916] Heartbeat sent
[2026-02-09 17:27:24.917] Heartbeat acknowledged
[2026-02-09 17:27:25.420] Heartbeat sent
[2026-02-09 17:27:25.420] Heartbeat acknowledged
[2026-02-09 17:27:25.922] Heartbeat sent
[2026-02-09 17:27:25.922] Heartbeat acknowledged
[2026-02-09 17:27:26.426] Heartbeat sent
[2026-02-09 17:27:26.427] Heartbeat acknowledged
[2026-02-09 17:27:26.929] Heartbeat sent
[2026-02-09 17:27:26.930] Heartbeat acknowledged
[2026-02-09 17:27:27.430] Heartbeat sent
[2026-02-09 17:27:27.430] Heartbeat acknowledged
[2026-02-09 17:27:27.933] Heartbeat sent
[2026-02-09 17:27:27.934] Heartbeat acknowledged
[2026-02-09 17:27:28.281] Sent 54
[2026-02-09 17:27:28.436] Heartbeat sent
[2026-02-09 17:27:28.436] Heartbeat acknowledged
[2026-02-09 17:27:28.938] Heartbeat sent
[2026-02-09 17:27:28.938] Heartbeat acknowledged
[2026-02-09 17:27:29.441] Heartbeat sent
[2026-02-09 17:27:29.441] Heartbeat acknowledged
[2026-02-09 17:27:29.944] Heartbeat sent
[2026-02-09 17:27:29.944] Heartbeat acknowledged
[2026-02-09 17:27:30.448] Heartbeat sent
[2026-02-09 17:27:30.448] Heartbeat acknowledged
[2026-02-09 17:27:30.950] Heartbeat sent
[2026-02-09 17:27:30.950] Heartbeat acknowledged
[2026-02-09 17:27:31.453] Heartbeat sent
[2026-02-09 17:27:31.453] New primary found, switching
[2026-02-09 17:27:31.955] Heartbeat sent
[2026-02-09 17:27:31.957] Heartbeat acknowledged
[2026-02-09 17:27:32.460] Heartbeat sent
[2026-02-09 17:27:32.462] Heartbeat acknowledged
[2026-02-09 17:27:32.963] Heartbeat sent
[2026-02-09 17:27:32.964] Heartbeat acknowledged
[2026-02-09 17:27:33.286] Sent 66
[2026-02-09 17:27:33.466] Heartbeat sent
[2026-02-09 17:27:33.468] Heartbeat acknowledged
[2026-02-09 17:27:33.969] Heartbeat sent
[2026-02-09 17:27:33.969] Heartbeat acknowledged
[2026-02-09 17:27:34.471] Heartbeat sent
[2026-02-09 17:27:34.471] Heartbeat acknowledged
[2026-02-09 17:27:34.974] Heartbeat sent
[2026-02-09 17:27:34.974] Heartbeat acknowledged
[2026-02-09 17:27:35.477] Heartbeat sent
[2026-02-09 17:27:35.477] Heartbeat acknowledged
[2026-02-09 17:27:35.979] Heartbeat sent
[2026-02-09 17:27:35.979] Heartbeat acknowledged
[2026-02-09 17:27:36.482] Heartbeat sent
[2026-02-09 17:27:36.482] Heartbeat acknowledged
[2026-02-09 17:27:36.985] Heartbeat sent
[2026-02-09 17:27:36.986] Heartbeat acknowledged
[2026-02-09 17:27:37.487] Heartbeat sent
[2026-02-09 17:27:37.487] Heartbeat acknowledged
[2026-02-09 17:27:37.989] Heartbeat sent
[2026-02-09 17:27:37.990] Heartbeat acknowledged
[2026-02-09 17:27:38.291] Sent 69
[2026-02-09 17:27:38.491] Heartbeat sent
[2026-02-09 17:27:38.491] Heartbeat acknowledged
[2026-02-09 17:27:38.993] Heartbeat sent
[2026-02-09 17:27:38.994] Heartbeat acknowledged
[2026-02-09 17:27:39.495] Heartbeat sent
[2026-02-09 17:27:39.533] Heartbeat failed: No line found
[2026-02-09 17:27:40.035] Heartbeat failed: Connection refused: connect
