[2026-02-09 17:06:23.557] Monitor started on port 9000
[2026-02-09 17:06:31.235] Server 2001 added
[2026-02-09 17:06:31.238] Server 2001 added, currently PRIMARY
[2026-02-09 17:06:31.238] Server 2001 heartbeat recieved
[2026-02-09 17:06:31.255] Client 1 added
[2026-02-09 17:06:31.255] Client 1 heartbeat recieved
[2026-02-09 17:06:31.637] Server 2002 added
[2026-02-09 17:06:31.638] Server 2002 added, currently SECONDARY
[2026-02-09 17:06:31.638] Server 2002 heartbeat recieved
[2026-02-09 17:06:31.883] Server 2003 added
[2026-02-09 17:06:31.883] Server 2003 added, currently SECONDARY
[2026-02-09 17:06:31.883] Server 2003 heartbeat recieved
[2026-02-09 17:06:31.946] PRIMARY Server 2001 heartbeat recieved
[2026-02-09 17:06:31.946] Server 2001 heartbeat recieved
[2026-02-09 17:06:31.961] Client 1 heartbeat recieved
[2026-02-09 17:06:32.139] Server 2004 added
[2026-02-09 17:06:32.139] Server 2004 added, currently SECONDARY
[2026-02-09 17:06:32.139] Server 2004 heartbeat recieved
[2026-02-09 17:06:32.145] SECONDARY Server 2002 heartbeat recieved
[2026-02-09 17:06:32.145] Server 2002 heartbeat recieved
[2026-02-09 17:06:32.387] SECONDARY Server 2003 heartbeat recieved
[2026-02-09 17:06:32.387] Server 2003 heartbeat recieved
[2026-02-09 17:06:32.402] Client 2 added
[2026-02-09 17:06:32.404] Client 2 heartbeat recieved
[2026-02-09 17:06:32.646] SECONDARY Server 2004 heartbeat recieved
[2026-02-09 17:06:32.646] Server 2004 heartbeat recieved
[2026-02-09 17:06:32.647] SECONDARY Server 2002 heartbeat recieved
[2026-02-09 17:06:32.648] Server 2002 heartbeat recieved
[2026-02-09 17:06:32.652] Client 3 added
[2026-02-09 17:06:32.654] Client 3 heartbeat recieved
[2026-02-09 17:06:32.751] PRIMARY Server 2001 heartbeat recieved
[2026-02-09 17:06:32.751] Server 2001 heartbeat recieved
[2026-02-09 17:06:32.765] Client 1 heartbeat recieved
[2026-02-09 17:06:32.892] SECONDARY Server 2003 heartbeat recieved
[2026-02-09 17:06:32.894] Server 2003 heartbeat recieved
[2026-02-09 17:06:32.913] Client 2 heartbeat recieved
[2026-02-09 17:06:32.986] Client 4 added
[2026-02-09 17:06:32.986] Client 4 heartbeat recieved
[2026-02-09 17:06:33.148] SECONDARY Server 2004 heartbeat recieved
[2026-02-09 17:06:33.148] Server 2004 heartbeat recieved
[2026-02-09 17:06:33.150] SECONDARY Server 2002 heartbeat recieved
[2026-02-09 17:06:33.151] Server 2002 heartbeat recieved
[2026-02-09 17:06:33.159] Client 3 heartbeat recieved
[2026-02-09 17:06:33.400] SECONDARY Server 2003 heartbeat recieved
[2026-02-09 17:06:33.400] Server 2003 heartbeat recieved
[2026-02-09 17:06:33.420] Client 2 heartbeat recieved
[2026-02-09 17:06:33.490] Client 4 heartbeat recieved
[2026-02-09 17:06:33.652] SECONDARY Server 2004 heartbeat recieved
[2026-02-09 17:06:33.652] SECONDARY Server 2002 heartbeat recieved
[2026-02-09 17:06:33.653] Server 2004 heartbeat recieved
[2026-02-09 17:06:33.653] Server 2002 heartbeat recieved
[2026-02-09 17:06:33.654] PRIMARY Server 2001 heartbeat recieved
[2026-02-09 17:06:33.655] Server 2001 heartbeat recieved
[2026-02-09 17:06:33.663] Client 3 heartbeat recieved
[2026-02-09 17:06:33.670] Client 1 heartbeat recieved
[2026-02-09 17:06:33.903] SECONDARY Server 2003 heartbeat recieved
[2026-02-09 17:06:33.904] Server 2003 heartbeat recieved
[2026-02-09 17:06:33.922] Client 2 heartbeat recieved
[2026-02-09 17:06:33.995] Client 4 heartbeat recieved
[2026-02-09 17:06:34.156] SECONDARY Server 2004 heartbeat recieved
[2026-02-09 17:06:34.156] Server 2004 heartbeat recieved
[2026-02-09 17:06:34.156] SECONDARY Server 2002 heartbeat recieved
[2026-02-09 17:06:34.156] Server 2002 heartbeat recieved
[2026-02-09 17:06:34.165] Client 3 heartbeat recieved
[2026-02-09 17:06:34.406] SECONDARY Server 2003 heartbeat recieved
[2026-02-09 17:06:34.406] Server 2003 heartbeat recieved
[2026-02-09 17:06:34.426] Client 2 heartbeat recieved
[2026-02-09 17:06:34.497] Client 4 heartbeat recieved
[2026-02-09 17:06:34.659] SECONDARY Server 2004 heartbeat recieved
[2026-02-09 17:06:34.659] Server 2004 heartbeat recieved
[2026-02-09 17:06:34.659] PRIMARY Server 2001 heartbeat recieved
[2026-02-09 17:06:34.659] Server 2001 heartbeat recieved
[2026-02-09 17:06:34.659] SECONDARY Server 2002 heartbeat recieved
[2026-02-09 17:06:34.661] Server 2002 heartbeat recieved
[2026-02-09 17:06:34.667] Client 3 heartbeat recieved
[2026-02-09 17:06:34.675] Client 1 heartbeat recieved
[2026-02-09 17:06:34.911] SECONDARY Server 2003 heartbeat recieved
[2026-02-09 17:06:34.911] Server 2003 heartbeat recieved
[2026-02-09 17:06:34.930] Client 2 heartbeat recieved
[2026-02-09 17:06:35.000] Client 4 heartbeat recieved
[2026-02-09 17:06:35.162] SECONDARY Server 2004 heartbeat recieved
[2026-02-09 17:06:35.162] SECONDARY Server 2002 heartbeat recieved
[2026-02-09 17:06:35.162] Server 2004 heartbeat recieved
[2026-02-09 17:06:35.162] Server 2002 heartbeat recieved
[2026-02-09 17:06:35.171] Client 3 heartbeat recieved
[2026-02-09 17:06:35.414] SECONDARY Server 2003 heartbeat recieved
[2026-02-09 17:06:35.414] Server 2003 heartbeat recieved
[2026-02-09 17:06:35.433] Client 2 heartbeat recieved
[2026-02-09 17:06:35.502] Client 4 heartbeat recieved
[2026-02-09 17:06:35.667] SECONDARY Server 2002 heartbeat recieved
[2026-02-09 17:06:35.667] SECONDARY Server 2004 heartbeat recieved
[2026-02-09 17:06:35.668] Server 2002 heartbeat recieved
[2026-02-09 17:06:35.668] Server 2004 heartbeat recieved
[2026-02-09 17:06:35.673] Client 3 heartbeat recieved
[2026-02-09 17:06:35.764] PRIMARY Server 2001 heartbeat recieved
[2026-02-09 17:06:35.764] Server 2001 heartbeat recieved
[2026-02-09 17:06:35.778] Client 1 heartbeat recieved
[2026-02-09 17:06:35.917] SECONDARY Server 2003 heartbeat recieved
[2026-02-09 17:06:35.917] Server 2003 heartbeat recieved
[2026-02-09 17:06:35.935] Client 2 heartbeat recieved
[2026-02-09 17:06:36.004] Client 4 heartbeat recieved
[2026-02-09 17:06:36.170] SECONDARY Server 2004 heartbeat recieved
[2026-02-09 17:06:36.170] SECONDARY Server 2002 heartbeat recieved
[2026-02-09 17:06:36.170] Server 2004 heartbeat recieved
[2026-02-09 17:06:36.172] Server 2002 heartbeat recieved
[2026-02-09 17:06:36.176] Client 3 heartbeat recieved
[2026-02-09 17:06:36.419] SECONDARY Server 2003 heartbeat recieved
[2026-02-09 17:06:36.419] Server 2003 heartbeat recieved
[2026-02-09 17:06:36.437] Client 2 heartbeat recieved
[2026-02-09 17:06:36.508] Client 4 heartbeat recieved
[2026-02-09 17:06:36.673] SECONDARY Server 2002 heartbeat recieved
[2026-02-09 17:06:36.673] Server 2002 heartbeat recieved
[2026-02-09 17:06:36.674] SECONDARY Server 2004 heartbeat recieved
[2026-02-09 17:06:36.674] Server 2004 heartbeat recieved
[2026-02-09 17:06:36.679] Client 3 heartbeat recieved
[2026-02-09 17:06:36.818] PRIMARY Server 2001 heartbeat recieved
[2026-02-09 17:06:36.818] Server 2001 heartbeat recieved
[2026-02-09 17:06:36.923] SECONDARY Server 2003 heartbeat recieved
[2026-02-09 17:06:36.924] Server 2003 heartbeat recieved
[2026-02-09 17:06:36.941] Client 2 heartbeat recieved
[2026-02-09 17:06:36.968] PRIMARY Server 2001 heartbeat recieved
[2026-02-09 17:06:36.968] Server 2001 heartbeat recieved
[2026-02-09 17:06:36.982] Client 1 heartbeat recieved
[2026-02-09 17:06:37.015] Client 4 heartbeat recieved
[2026-02-09 17:06:37.175] SECONDARY Server 2002 heartbeat recieved
[2026-02-09 17:06:37.175] Server 2002 heartbeat recieved
[2026-02-09 17:06:37.177] SECONDARY Server 2004 heartbeat recieved
[2026-02-09 17:06:37.177] Server 2004 heartbeat recieved
[2026-02-09 17:06:37.182] Client 3 heartbeat recieved
[2026-02-09 17:06:37.426] SECONDARY Server 2003 heartbeat recieved
[2026-02-09 17:06:37.426] Server 2003 heartbeat recieved
[2026-02-09 17:06:37.442] Client 2 heartbeat recieved
[2026-02-09 17:06:37.518] Client 4 heartbeat recieved
[2026-02-09 17:06:37.679] SECONDARY Server 2002 heartbeat recieved
[2026-02-09 17:06:37.679] Server 2002 heartbeat recieved
[2026-02-09 17:06:37.682] SECONDARY Server 2004 heartbeat recieved
[2026-02-09 17:06:37.682] Server 2004 heartbeat recieved
[2026-02-09 17:06:37.685] Client 3 heartbeat recieved
[2026-02-09 17:06:37.928] SECONDARY Server 2003 heartbeat recieved
[2026-02-09 17:06:37.928] Server 2003 heartbeat recieved
[2026-02-09 17:06:37.945] Client 2 heartbeat recieved
[2026-02-09 17:06:38.021] Client 4 heartbeat recieved
[2026-02-09 17:06:38.182] SECONDARY Server 2002 heartbeat recieved
[2026-02-09 17:06:38.183] Server 2002 heartbeat recieved
[2026-02-09 17:06:38.183] SECONDARY Server 2004 heartbeat recieved
[2026-02-09 17:06:38.183] Server 2004 heartbeat recieved
[2026-02-09 17:06:38.187] Client 3 heartbeat recieved
[2026-02-09 17:06:38.272] PRIMARY Server 2001 heartbeat recieved
[2026-02-09 17:06:38.272] Server 2001 heartbeat recieved
[2026-02-09 17:06:38.287] Client 1 heartbeat recieved
[2026-02-09 17:06:38.371] PRIMARY Server 2001 heartbeat recieved
[2026-02-09 17:06:38.371] Server 2001 heartbeat recieved
[2026-02-09 17:06:38.431] SECONDARY Server 2003 heartbeat recieved
[2026-02-09 17:06:38.432] Server 2003 heartbeat recieved
[2026-02-09 17:06:38.448] Client 2 heartbeat recieved
[2026-02-09 17:06:38.518] PRIMARY Server 2001 heartbeat recieved
[2026-02-09 17:06:38.519] Server 2001 heartbeat recieved
[2026-02-09 17:06:38.524] Client 4 heartbeat recieved
[2026-02-09 17:06:38.685] SECONDARY Server 2002 heartbeat recieved
[2026-02-09 17:06:38.685] Server 2002 heartbeat recieved
[2026-02-09 17:06:38.686] SECONDARY Server 2004 heartbeat recieved
[2026-02-09 17:06:38.686] Server 2004 heartbeat recieved
[2026-02-09 17:06:38.690] Client 3 heartbeat recieved
[2026-02-09 17:06:38.851] PRIMARY Server 2001 heartbeat recieved
[2026-02-09 17:06:38.852] Server 2001 heartbeat recieved
[2026-02-09 17:06:38.935] SECONDARY Server 2003 heartbeat recieved
[2026-02-09 17:06:38.936] Server 2003 heartbeat recieved
[2026-02-09 17:06:38.951] Client 2 heartbeat recieved
[2026-02-09 17:06:39.026] Client 4 heartbeat recieved
[2026-02-09 17:06:39.188] SECONDARY Server 2002 heartbeat recieved
[2026-02-09 17:06:39.188] Server 2002 heartbeat recieved
[2026-02-09 17:06:39.190] SECONDARY Server 2004 heartbeat recieved
[2026-02-09 17:06:39.190] Server 2004 heartbeat recieved
[2026-02-09 17:06:39.191] Client 3 heartbeat recieved
[2026-02-09 17:06:39.437] SECONDARY Server 2003 heartbeat recieved
[2026-02-09 17:06:39.438] Server 2003 heartbeat recieved
[2026-02-09 17:06:39.454] Client 2 heartbeat recieved
[2026-02-09 17:06:39.530] Client 4 heartbeat recieved
[2026-02-09 17:06:39.691] Client 1 heartbeat recieved
[2026-02-09 17:06:39.691] SECONDARY Server 2002 heartbeat recieved
[2026-02-09 17:06:39.691] Server 2002 heartbeat recieved
[2026-02-09 17:06:39.693] SECONDARY Server 2004 heartbeat recieved
[2026-02-09 17:06:39.693] Server 2004 heartbeat recieved
[2026-02-09 17:06:39.694] Client 3 heartbeat recieved
[2026-02-09 17:06:39.940] SECONDARY Server 2003 heartbeat recieved
[2026-02-09 17:06:39.940] Server 2003 heartbeat recieved
[2026-02-09 17:06:39.956] Client 2 heartbeat recieved
[2026-02-09 17:06:40.032] Client 4 heartbeat recieved
[2026-02-09 17:06:40.176] PRIMARY Server 2001 heartbeat recieved
[2026-02-09 17:06:40.176] Server 2001 heartbeat recieved
[2026-02-09 17:06:40.195] SECONDARY Server 2002 heartbeat recieved
[2026-02-09 17:06:40.195] Server 2002 heartbeat recieved
[2026-02-09 17:06:40.195] SECONDARY Server 2004 heartbeat recieved
[2026-02-09 17:06:40.195] Server 2004 heartbeat recieved
[2026-02-09 17:06:40.197] Client 3 heartbeat recieved
[2026-02-09 17:06:40.443] SECONDARY Server 2003 heartbeat recieved
[2026-02-09 17:06:40.443] Server 2003 heartbeat recieved
[2026-02-09 17:06:40.460] Client 2 heartbeat recieved
[2026-02-09 17:06:40.535] Client 4 heartbeat recieved
[2026-02-09 17:06:40.697] SECONDARY Server 2002 heartbeat recieved
[2026-02-09 17:06:40.697] Server 2002 heartbeat recieved
[2026-02-09 17:06:40.700] Client 3 heartbeat recieved
[2026-02-09 17:06:40.702] SECONDARY Server 2004 heartbeat recieved
[2026-02-09 17:06:40.703] Server 2004 heartbeat recieved
[2026-02-09 17:06:40.947] SECONDARY Server 2003 heartbeat recieved
[2026-02-09 17:06:40.948] Server 2003 heartbeat recieved
[2026-02-09 17:06:40.963] Client 2 heartbeat recieved
[2026-02-09 17:06:41.037] Client 4 heartbeat recieved
[2026-02-09 17:06:41.196] Client 1 heartbeat recieved
[2026-02-09 17:06:41.203] SECONDARY Server 2002 heartbeat recieved
[2026-02-09 17:06:41.203] Server 2002 heartbeat recieved
[2026-02-09 17:06:41.204] Client 3 heartbeat recieved
[2026-02-09 17:06:41.204] SECONDARY Server 2004 heartbeat recieved
[2026-02-09 17:06:41.205] Server 2004 heartbeat recieved
[2026-02-09 17:06:41.449] SECONDARY Server 2003 heartbeat recieved
[2026-02-09 17:06:41.449] Server 2003 heartbeat recieved
[2026-02-09 17:06:41.465] Client 2 heartbeat recieved
[2026-02-09 17:06:41.540] Client 4 heartbeat recieved
[2026-02-09 17:06:41.706] SECONDARY Server 2002 heartbeat recieved
[2026-02-09 17:06:41.707] SECONDARY Server 2004 heartbeat recieved
[2026-02-09 17:06:41.707] Server 2002 heartbeat recieved
[2026-02-09 17:06:41.707] Server 2004 heartbeat recieved
[2026-02-09 17:06:41.710] Client 3 heartbeat recieved
[2026-02-09 17:06:41.952] SECONDARY Server 2003 heartbeat recieved
[2026-02-09 17:06:41.952] Server 2003 heartbeat recieved
[2026-02-09 17:06:41.967] Client 2 heartbeat recieved
[2026-02-09 17:06:42.005] Primary server 2001 not responding, triggering failover
[2026-02-09 17:06:42.005] FAILOVER to Server 2002 with restored sum 183 on next heartbeat
[2026-02-09 17:06:42.005] Secondary server 2001 not responding
[2026-02-09 17:06:42.043] Client 4 heartbeat recieved
[2026-02-09 17:06:42.080] Server 2001 shutdown requested
[2026-02-09 17:06:42.211] SECONDARY Server 2004 heartbeat recieved
[2026-02-09 17:06:42.211] Server 2004 heartbeat recieved
[2026-02-09 17:06:42.213] PRIMARY Server 2002 heartbeat recieved
[2026-02-09 17:06:42.213] Server 2002 heartbeat recieved
[2026-02-09 17:06:42.214] Client 3 heartbeat recieved
[2026-02-09 17:06:42.455] SECONDARY Server 2003 heartbeat recieved
[2026-02-09 17:06:42.455] Server 2003 heartbeat recieved
[2026-02-09 17:06:42.469] Client 2 heartbeat recieved
[2026-02-09 17:06:42.547] Client 4 heartbeat recieved
[2026-02-09 17:06:42.713] SECONDARY Server 2004 heartbeat recieved
[2026-02-09 17:06:42.713] Server 2004 heartbeat recieved
[2026-02-09 17:06:42.717] Client 3 heartbeat recieved
[2026-02-09 17:06:42.717] PRIMARY Server 2002 heartbeat recieved
[2026-02-09 17:06:42.718] Server 2002 heartbeat recieved
[2026-02-09 17:06:42.799] Client 1 heartbeat recieved
[2026-02-09 17:06:42.957] SECONDARY Server 2003 heartbeat recieved
[2026-02-09 17:06:42.957] Server 2003 heartbeat recieved
[2026-02-09 17:06:42.972] Client 2 heartbeat recieved
[2026-02-09 17:06:43.050] Client 4 heartbeat recieved
[2026-02-09 17:06:43.215] SECONDARY Server 2004 heartbeat recieved
[2026-02-09 17:06:43.215] Server 2004 heartbeat recieved
[2026-02-09 17:06:43.220] Client 3 heartbeat recieved
[2026-02-09 17:06:43.220] PRIMARY Server 2002 heartbeat recieved
[2026-02-09 17:06:43.222] Server 2002 heartbeat recieved
[2026-02-09 17:06:43.282] PRIMARY Server 2002 heartbeat recieved
[2026-02-09 17:06:43.282] Server 2002 heartbeat recieved
[2026-02-09 17:06:43.392] PRIMARY Server 2002 heartbeat recieved
[2026-02-09 17:06:43.392] Server 2002 heartbeat recieved
[2026-02-09 17:06:43.459] SECONDARY Server 2003 heartbeat recieved
[2026-02-09 17:06:43.460] Server 2003 heartbeat recieved
[2026-02-09 17:06:43.473] Client 2 heartbeat recieved
[2026-02-09 17:06:43.526] PRIMARY Server 2002 heartbeat recieved
[2026-02-09 17:06:43.526] Server 2002 heartbeat recieved
[2026-02-09 17:06:43.551] Client 4 heartbeat recieved
[2026-02-09 17:06:43.718] SECONDARY Server 2004 heartbeat recieved
[2026-02-09 17:06:43.718] Server 2004 heartbeat recieved
[2026-02-09 17:06:43.723] PRIMARY Server 2002 heartbeat recieved
[2026-02-09 17:06:43.723] Client 3 heartbeat recieved
[2026-02-09 17:06:43.723] Server 2002 heartbeat recieved
[2026-02-09 17:06:43.859] PRIMARY Server 2002 heartbeat recieved
[2026-02-09 17:06:43.859] Server 2002 heartbeat recieved
[2026-02-09 17:06:43.963] SECONDARY Server 2003 heartbeat recieved
[2026-02-09 17:06:43.963] Server 2003 heartbeat recieved
[2026-02-09 17:06:43.976] Client 2 heartbeat recieved
[2026-02-09 17:06:44.054] Client 4 heartbeat recieved
[2026-02-09 17:06:44.222] SECONDARY Server 2004 heartbeat recieved
[2026-02-09 17:06:44.222] Server 2004 heartbeat recieved
[2026-02-09 17:06:44.226] Client 3 heartbeat recieved
[2026-02-09 17:06:44.227] PRIMARY Server 2002 heartbeat recieved
[2026-02-09 17:06:44.227] Server 2002 heartbeat recieved
[2026-02-09 17:06:44.466] SECONDARY Server 2003 heartbeat recieved
[2026-02-09 17:06:44.467] Server 2003 heartbeat recieved
[2026-02-09 17:06:44.479] Client 2 heartbeat recieved
[2026-02-09 17:06:44.503] Client 1 heartbeat recieved
[2026-02-09 17:06:44.556] Client 4 heartbeat recieved
[2026-02-09 17:06:44.724] SECONDARY Server 2004 heartbeat recieved
[2026-02-09 17:06:44.725] Server 2004 heartbeat recieved
[2026-02-09 17:06:44.727] Client 3 heartbeat recieved
[2026-02-09 17:06:44.729] PRIMARY Server 2002 heartbeat recieved
[2026-02-09 17:06:44.729] Server 2002 heartbeat recieved
[2026-02-09 17:06:44.968] SECONDARY Server 2003 heartbeat recieved
[2026-02-09 17:06:44.968] Server 2003 heartbeat recieved
[2026-02-09 17:06:44.982] Client 2 heartbeat recieved
[2026-02-09 17:06:45.058] Client 4 heartbeat recieved
[2026-02-09 17:06:45.227] SECONDARY Server 2004 heartbeat recieved
[2026-02-09 17:06:45.227] Server 2004 heartbeat recieved
[2026-02-09 17:06:45.229] Client 3 heartbeat recieved
[2026-02-09 17:06:45.231] PRIMARY Server 2002 heartbeat recieved
[2026-02-09 17:06:45.231] Server 2002 heartbeat recieved
[2026-02-09 17:06:45.471] SECONDARY Server 2003 heartbeat recieved
[2026-02-09 17:06:45.471] Server 2003 heartbeat recieved
[2026-02-09 17:06:45.484] Client 2 heartbeat recieved
[2026-02-09 17:06:45.560] Client 4 heartbeat recieved
[2026-02-09 17:06:45.730] SECONDARY Server 2004 heartbeat recieved
[2026-02-09 17:06:45.730] Server 2004 heartbeat recieved
[2026-02-09 17:06:45.733] Client 3 heartbeat recieved
[2026-02-09 17:06:45.735] PRIMARY Server 2002 heartbeat recieved
[2026-02-09 17:06:45.735] Server 2002 heartbeat recieved
[2026-02-09 17:06:45.974] SECONDARY Server 2003 heartbeat recieved
[2026-02-09 17:06:45.974] Server 2003 heartbeat recieved
[2026-02-09 17:06:45.985] Client 2 heartbeat recieved
[2026-02-09 17:06:46.009] Client 1 not responding
[2026-02-09 17:06:46.062] Client 4 heartbeat recieved
[2026-02-09 17:06:46.233] SECONDARY Server 2004 heartbeat recieved
[2026-02-09 17:06:46.233] Server 2004 heartbeat recieved
[2026-02-09 17:06:46.237] PRIMARY Server 2002 heartbeat recieved
[2026-02-09 17:06:46.237] Client 3 heartbeat recieved
[2026-02-09 17:06:46.237] Server 2002 heartbeat recieved
[2026-02-09 17:06:46.307] Client 1 shutdown requested
[2026-02-09 17:06:46.477] SECONDARY Server 2003 heartbeat recieved
[2026-02-09 17:06:46.477] Server 2003 heartbeat recieved
[2026-02-09 17:06:46.488] Client 2 heartbeat recieved
[2026-02-09 17:06:46.566] Client 4 heartbeat recieved
[2026-02-09 17:06:46.736] SECONDARY Server 2004 heartbeat recieved
[2026-02-09 17:06:46.736] Server 2004 heartbeat recieved
[2026-02-09 17:06:46.739] Client 3 heartbeat recieved
[2026-02-09 17:06:46.739] PRIMARY Server 2002 heartbeat recieved
[2026-02-09 17:06:46.739] Server 2002 heartbeat recieved
[2026-02-09 17:06:46.979] SECONDARY Server 2003 heartbeat recieved
[2026-02-09 17:06:46.979] Server 2003 heartbeat recieved
[2026-02-09 17:06:46.990] Client 2 heartbeat recieved
[2026-02-09 17:06:47.079] Client 4 heartbeat recieved
[2026-02-09 17:06:47.238] SECONDARY Server 2004 heartbeat recieved
[2026-02-09 17:06:47.238] Server 2004 heartbeat recieved
[2026-02-09 17:06:47.242] PRIMARY Server 2002 heartbeat recieved
[2026-02-09 17:06:47.242] Server 2002 heartbeat recieved
[2026-02-09 17:06:47.243] Client 3 heartbeat recieved
[2026-02-09 17:06:47.481] SECONDARY Server 2003 heartbeat recieved
[2026-02-09 17:06:47.481] Server 2003 heartbeat recieved
[2026-02-09 17:06:47.494] Client 2 heartbeat recieved
[2026-02-09 17:06:47.583] Client 4 heartbeat recieved
[2026-02-09 17:06:47.741] SECONDARY Server 2004 heartbeat recieved
[2026-02-09 17:06:47.742] Server 2004 heartbeat recieved
[2026-02-09 17:06:47.745] PRIMARY Server 2002 heartbeat recieved
[2026-02-09 17:06:47.745] Client 3 heartbeat recieved
[2026-02-09 17:06:47.745] Server 2002 heartbeat recieved
[2026-02-09 17:06:47.985] SECONDARY Server 2003 heartbeat recieved
[2026-02-09 17:06:47.985] Server 2003 heartbeat recieved
[2026-02-09 17:06:47.996] Client 2 heartbeat recieved
[2026-02-09 17:06:48.085] Client 4 heartbeat recieved
[2026-02-09 17:06:48.243] SECONDARY Server 2004 heartbeat recieved
[2026-02-09 17:06:48.243] Server 2004 heartbeat recieved
[2026-02-09 17:06:48.248] Client 3 heartbeat recieved
[2026-02-09 17:06:48.248] PRIMARY Server 2002 heartbeat recieved
[2026-02-09 17:06:48.248] Server 2002 heartbeat recieved
[2026-02-09 17:06:48.287] PRIMARY Server 2002 heartbeat recieved
[2026-02-09 17:06:48.287] Server 2002 heartbeat recieved
[2026-02-09 17:06:48.487] SECONDARY Server 2003 heartbeat recieved
[2026-02-09 17:06:48.487] Server 2003 heartbeat recieved
[2026-02-09 17:06:48.498] Client 2 heartbeat recieved
[2026-02-09 17:06:48.531] PRIMARY Server 2002 heartbeat recieved
[2026-02-09 17:06:48.531] Server 2002 heartbeat recieved
[2026-02-09 17:06:48.587] Client 4 heartbeat recieved
[2026-02-09 17:06:48.746] SECONDARY Server 2004 heartbeat recieved
[2026-02-09 17:06:48.746] Server 2004 heartbeat recieved
[2026-02-09 17:06:48.751] Client 3 heartbeat recieved
[2026-02-09 17:06:48.751] PRIMARY Server 2002 heartbeat recieved
[2026-02-09 17:06:48.751] Server 2002 heartbeat recieved
[2026-02-09 17:06:48.865] PRIMARY Server 2002 heartbeat recieved
[2026-02-09 17:06:48.865] Server 2002 heartbeat recieved
[2026-02-09 17:06:48.991] SECONDARY Server 2003 heartbeat recieved
[2026-02-09 17:06:48.991] Server 2003 heartbeat recieved
[2026-02-09 17:06:49.001] Client 2 heartbeat recieved
[2026-02-09 17:06:49.088] Client 4 heartbeat recieved
[2026-02-09 17:06:49.249] SECONDARY Server 2004 heartbeat recieved
[2026-02-09 17:06:49.249] Server 2004 heartbeat recieved
[2026-02-09 17:06:49.253] Client 3 heartbeat recieved
[2026-02-09 17:06:49.253] PRIMARY Server 2002 heartbeat recieved
[2026-02-09 17:06:49.253] Server 2002 heartbeat recieved
[2026-02-09 17:06:49.493] SECONDARY Server 2003 heartbeat recieved
[2026-02-09 17:06:49.493] Server 2003 heartbeat recieved
[2026-02-09 17:06:49.504] Client 2 heartbeat recieved
[2026-02-09 17:06:49.592] Client 4 heartbeat recieved
[2026-02-09 17:06:49.750] SECONDARY Server 2004 heartbeat recieved
[2026-02-09 17:06:49.750] Server 2004 heartbeat recieved
[2026-02-09 17:06:49.755] Client 3 heartbeat recieved
[2026-02-09 17:06:49.755] PRIMARY Server 2002 heartbeat recieved
[2026-02-09 17:06:49.755] Server 2002 heartbeat recieved
[2026-02-09 17:06:49.996] SECONDARY Server 2003 heartbeat recieved
[2026-02-09 17:06:49.996] Server 2003 heartbeat recieved
[2026-02-09 17:06:50.006] Client 2 heartbeat recieved
[2026-02-09 17:06:50.095] Client 4 heartbeat recieved
[2026-02-09 17:06:50.253] SECONDARY Server 2004 heartbeat recieved
[2026-02-09 17:06:50.253] Server 2004 heartbeat recieved
[2026-02-09 17:06:50.257] Client 3 heartbeat recieved
[2026-02-09 17:06:50.258] PRIMARY Server 2002 heartbeat recieved
[2026-02-09 17:06:50.259] Server 2002 heartbeat recieved
[2026-02-09 17:06:50.500] SECONDARY Server 2003 heartbeat recieved
[2026-02-09 17:06:50.500] Server 2003 heartbeat recieved
[2026-02-09 17:06:50.511] Client 2 heartbeat recieved
[2026-02-09 17:06:50.598] Client 4 heartbeat recieved
[2026-02-09 17:06:50.757] SECONDARY Server 2004 heartbeat recieved
[2026-02-09 17:06:50.762] PRIMARY Server 2002 heartbeat recieved
[2026-02-09 17:06:50.763] Client 3 heartbeat recieved
[2026-02-09 17:06:50.766] Server 2004 heartbeat recieved
[2026-02-09 17:06:50.766] Server 2002 heartbeat recieved
[2026-02-09 17:06:51.002] SECONDARY Server 2003 heartbeat recieved
[2026-02-09 17:06:51.006] Server 2003 heartbeat recieved
[2026-02-09 17:06:51.017] Client 2 heartbeat recieved
[2026-02-09 17:06:51.109] Client 4 heartbeat recieved
[2026-02-09 17:26:51.654] Monitor started on port 9000
[2026-02-09 17:27:01.626] Server 2001 added
[2026-02-09 17:27:01.628] Server 2001 added, currently PRIMARY
[2026-02-09 17:27:01.629] Server 2001 heartbeat recieved
[2026-02-09 17:27:01.642] Client 1 added
[2026-02-09 17:27:01.642] Client 1 heartbeat recieved
[2026-02-09 17:27:02.020] Server 2002 added
[2026-02-09 17:27:02.020] Server 2002 added, currently SECONDARY
[2026-02-09 17:27:02.020] Server 2002 heartbeat recieved
[2026-02-09 17:27:02.276] Server 2003 added
[2026-02-09 17:27:02.277] Server 2003 added, currently SECONDARY
[2026-02-09 17:27:02.278] Server 2003 heartbeat recieved
[2026-02-09 17:27:02.283] PRIMARY Server 2001 heartbeat recieved
[2026-02-09 17:27:02.283] Server 2001 heartbeat recieved
[2026-02-09 17:27:02.299] Client 1 heartbeat recieved
[2026-02-09 17:27:02.528] SECONDARY Server 2002 heartbeat recieved
[2026-02-09 17:27:02.528] Server 2002 heartbeat recieved
[2026-02-09 17:27:02.536] Server 2004 added
[2026-02-09 17:27:02.538] Server 2004 added, currently SECONDARY
[2026-02-09 17:27:02.539] Server 2004 heartbeat recieved
[2026-02-09 17:27:02.780] SECONDARY Server 2003 heartbeat recieved
[2026-02-09 17:27:02.781] Server 2003 heartbeat recieved
[2026-02-09 17:27:02.788] Client 2 added
[2026-02-09 17:27:02.788] Client 2 heartbeat recieved
[2026-02-09 17:27:02.988] PRIMARY Server 2001 heartbeat recieved
[2026-02-09 17:27:02.989] Server 2001 heartbeat recieved
[2026-02-09 17:27:03.003] Client 1 heartbeat recieved
[2026-02-09 17:27:03.030] SECONDARY Server 2002 heartbeat recieved
[2026-02-09 17:27:03.030] Server 2002 heartbeat recieved
[2026-02-09 17:27:03.041] Client 3 added
[2026-02-09 17:27:03.041] Client 3 heartbeat recieved
[2026-02-09 17:27:03.044] SECONDARY Server 2004 heartbeat recieved
[2026-02-09 17:27:03.044] Server 2004 heartbeat recieved
[2026-02-09 17:27:03.283] SECONDARY Server 2003 heartbeat recieved
[2026-02-09 17:27:03.283] Server 2003 heartbeat recieved
[2026-02-09 17:27:03.292] Client 2 heartbeat recieved
[2026-02-09 17:27:03.295] Client 4 added
[2026-02-09 17:27:03.296] Client 4 heartbeat recieved
[2026-02-09 17:27:03.533] SECONDARY Server 2002 heartbeat recieved
[2026-02-09 17:27:03.533] Server 2002 heartbeat recieved
[2026-02-09 17:27:03.545] Client 3 heartbeat recieved
[2026-02-09 17:27:03.547] SECONDARY Server 2004 heartbeat recieved
[2026-02-09 17:27:03.547] Server 2004 heartbeat recieved
[2026-02-09 17:27:03.743] PRIMARY Server 2001 heartbeat recieved
[2026-02-09 17:27:03.743] Server 2001 heartbeat recieved
[2026-02-09 17:27:03.757] Client 1 heartbeat recieved
[2026-02-09 17:27:03.788] SECONDARY Server 2003 heartbeat recieved
[2026-02-09 17:27:03.788] Server 2003 heartbeat recieved
[2026-02-09 17:27:03.795] Client 2 heartbeat recieved
[2026-02-09 17:27:03.802] Client 4 heartbeat recieved
[2026-02-09 17:27:04.037] SECONDARY Server 2002 heartbeat recieved
[2026-02-09 17:27:04.037] Server 2002 heartbeat recieved
[2026-02-09 17:27:04.047] Client 3 heartbeat recieved
[2026-02-09 17:27:04.049] SECONDARY Server 2004 heartbeat recieved
[2026-02-09 17:27:04.049] Server 2004 heartbeat recieved
[2026-02-09 17:27:04.291] SECONDARY Server 2003 heartbeat recieved
[2026-02-09 17:27:04.291] Server 2003 heartbeat recieved
[2026-02-09 17:27:04.297] Client 2 heartbeat recieved
[2026-02-09 17:27:04.306] Client 4 heartbeat recieved
[2026-02-09 17:27:04.539] SECONDARY Server 2002 heartbeat recieved
[2026-02-09 17:27:04.539] Server 2002 heartbeat recieved
[2026-02-09 17:27:04.546] PRIMARY Server 2001 heartbeat recieved
[2026-02-09 17:27:04.547] Server 2001 heartbeat recieved
[2026-02-09 17:27:04.551] Client 3 heartbeat recieved
[2026-02-09 17:27:04.553] SECONDARY Server 2004 heartbeat recieved
[2026-02-09 17:27:04.554] Server 2004 heartbeat recieved
[2026-02-09 17:27:04.561] Client 1 heartbeat recieved
[2026-02-09 17:27:04.793] SECONDARY Server 2003 heartbeat recieved
[2026-02-09 17:27:04.793] Server 2003 heartbeat recieved
[2026-02-09 17:27:04.800] Client 2 heartbeat recieved
[2026-02-09 17:27:04.807] Client 4 heartbeat recieved
[2026-02-09 17:27:05.041] SECONDARY Server 2002 heartbeat recieved
[2026-02-09 17:27:05.041] Server 2002 heartbeat recieved
[2026-02-09 17:27:05.055] Client 3 heartbeat recieved
[2026-02-09 17:27:05.057] SECONDARY Server 2004 heartbeat recieved
[2026-02-09 17:27:05.057] Server 2004 heartbeat recieved
[2026-02-09 17:27:05.296] SECONDARY Server 2003 heartbeat recieved
[2026-02-09 17:27:05.296] Server 2003 heartbeat recieved
[2026-02-09 17:27:05.302] Client 2 heartbeat recieved
[2026-02-09 17:27:05.311] Client 4 heartbeat recieved
[2026-02-09 17:27:05.400] PRIMARY Server 2001 heartbeat recieved
[2026-02-09 17:27:05.400] Server 2001 heartbeat recieved
[2026-02-09 17:27:05.416] Client 1 heartbeat recieved
[2026-02-09 17:27:05.545] SECONDARY Server 2002 heartbeat recieved
[2026-02-09 17:27:05.545] Server 2002 heartbeat recieved
[2026-02-09 17:27:05.557] Client 3 heartbeat recieved
[2026-02-09 17:27:05.559] SECONDARY Server 2004 heartbeat recieved
[2026-02-09 17:27:05.559] Server 2004 heartbeat recieved
[2026-02-09 17:27:05.799] SECONDARY Server 2003 heartbeat recieved
[2026-02-09 17:27:05.799] Server 2003 heartbeat recieved
[2026-02-09 17:27:05.805] Client 2 heartbeat recieved
[2026-02-09 17:27:05.814] Client 4 heartbeat recieved
[2026-02-09 17:27:06.049] SECONDARY Server 2002 heartbeat recieved
[2026-02-09 17:27:06.049] Server 2002 heartbeat recieved
[2026-02-09 17:27:06.059] Client 3 heartbeat recieved
[2026-02-09 17:27:06.061] SECONDARY Server 2004 heartbeat recieved
[2026-02-09 17:27:06.061] Server 2004 heartbeat recieved
[2026-02-09 17:27:06.301] SECONDARY Server 2003 heartbeat recieved
[2026-02-09 17:27:06.301] Server 2003 heartbeat recieved
[2026-02-09 17:27:06.304] PRIMARY Server 2001 heartbeat recieved
[2026-02-09 17:27:06.304] Server 2001 heartbeat recieved
[2026-02-09 17:27:06.308] Client 2 heartbeat recieved
[2026-02-09 17:27:06.317] Client 4 heartbeat recieved
[2026-02-09 17:27:06.319] Client 1 heartbeat recieved
[2026-02-09 17:27:06.508] PRIMARY Server 2001 heartbeat recieved
[2026-02-09 17:27:06.509] Server 2001 heartbeat recieved
[2026-02-09 17:27:06.552] SECONDARY Server 2002 heartbeat recieved
[2026-02-09 17:27:06.552] Server 2002 heartbeat recieved
[2026-02-09 17:27:06.562] Client 3 heartbeat recieved
[2026-02-09 17:27:06.564] SECONDARY Server 2004 heartbeat recieved
[2026-02-09 17:27:06.564] Server 2004 heartbeat recieved
[2026-02-09 17:27:06.805] SECONDARY Server 2003 heartbeat recieved
[2026-02-09 17:27:06.805] Server 2003 heartbeat recieved
[2026-02-09 17:27:06.810] Client 2 heartbeat recieved
[2026-02-09 17:27:06.819] Client 4 heartbeat recieved
[2026-02-09 17:27:07.055] SECONDARY Server 2002 heartbeat recieved
[2026-02-09 17:27:07.055] Server 2002 heartbeat recieved
[2026-02-09 17:27:07.065] Client 3 heartbeat recieved
[2026-02-09 17:27:07.066] SECONDARY Server 2004 heartbeat recieved
[2026-02-09 17:27:07.066] Server 2004 heartbeat recieved
[2026-02-09 17:27:07.259] PRIMARY Server 2001 heartbeat recieved
[2026-02-09 17:27:07.259] Server 2001 heartbeat recieved
[2026-02-09 17:27:07.272] Client 1 heartbeat recieved
[2026-02-09 17:27:07.307] SECONDARY Server 2003 heartbeat recieved
[2026-02-09 17:27:07.307] Server 2003 heartbeat recieved
[2026-02-09 17:27:07.312] Client 2 heartbeat recieved
[2026-02-09 17:27:07.321] Client 4 heartbeat recieved
[2026-02-09 17:27:07.557] SECONDARY Server 2002 heartbeat recieved
[2026-02-09 17:27:07.559] Server 2002 heartbeat recieved
[2026-02-09 17:27:07.568] Client 3 heartbeat recieved
[2026-02-09 17:27:07.571] SECONDARY Server 2004 heartbeat recieved
[2026-02-09 17:27:07.571] Server 2004 heartbeat recieved
[2026-02-09 17:27:07.753] PRIMARY Server 2001 heartbeat recieved
[2026-02-09 17:27:07.753] Server 2001 heartbeat recieved
[2026-02-09 17:27:07.811] SECONDARY Server 2003 heartbeat recieved
[2026-02-09 17:27:07.811] Server 2003 heartbeat recieved
[2026-02-09 17:27:07.816] Client 2 heartbeat recieved
[2026-02-09 17:27:07.825] Client 4 heartbeat recieved
[2026-02-09 17:27:08.008] PRIMARY Server 2001 heartbeat recieved
[2026-02-09 17:27:08.008] Server 2001 heartbeat recieved
[2026-02-09 17:27:08.064] SECONDARY Server 2002 heartbeat recieved
[2026-02-09 17:27:08.064] Server 2002 heartbeat recieved
[2026-02-09 17:27:08.072] Client 3 heartbeat recieved
[2026-02-09 17:27:08.073] SECONDARY Server 2004 heartbeat recieved
[2026-02-09 17:27:08.073] Server 2004 heartbeat recieved
[2026-02-09 17:27:08.262] PRIMARY Server 2001 heartbeat recieved
[2026-02-09 17:27:08.263] Server 2001 heartbeat recieved
[2026-02-09 17:27:08.263] PRIMARY Server 2001 heartbeat recieved
[2026-02-09 17:27:08.264] Server 2001 heartbeat recieved
[2026-02-09 17:27:08.277] Client 1 heartbeat recieved
[2026-02-09 17:27:08.314] SECONDARY Server 2003 heartbeat recieved
[2026-02-09 17:27:08.314] Server 2003 heartbeat recieved
[2026-02-09 17:27:08.318] Client 2 heartbeat recieved
[2026-02-09 17:27:08.329] Client 4 heartbeat recieved
[2026-02-09 17:27:08.567] SECONDARY Server 2002 heartbeat recieved
[2026-02-09 17:27:08.567] Server 2002 heartbeat recieved
[2026-02-09 17:27:08.575] Client 3 heartbeat recieved
[2026-02-09 17:27:08.577] SECONDARY Server 2004 heartbeat recieved
[2026-02-09 17:27:08.577] Server 2004 heartbeat recieved
[2026-02-09 17:27:08.817] SECONDARY Server 2003 heartbeat recieved
[2026-02-09 17:27:08.817] Server 2003 heartbeat recieved
[2026-02-09 17:27:08.822] Client 2 heartbeat recieved
[2026-02-09 17:27:08.832] Client 4 heartbeat recieved
[2026-02-09 17:27:09.070] SECONDARY Server 2002 heartbeat recieved
[2026-02-09 17:27:09.070] Server 2002 heartbeat recieved
[2026-02-09 17:27:09.078] Client 3 heartbeat recieved
[2026-02-09 17:27:09.080] SECONDARY Server 2004 heartbeat recieved
[2026-02-09 17:27:09.080] Server 2004 heartbeat recieved
[2026-02-09 17:27:09.318] PRIMARY Server 2001 heartbeat recieved
[2026-02-09 17:27:09.318] Server 2001 heartbeat recieved
[2026-02-09 17:27:09.321] SECONDARY Server 2003 heartbeat recieved
[2026-02-09 17:27:09.321] Server 2003 heartbeat recieved
[2026-02-09 17:27:09.323] Client 2 heartbeat recieved
[2026-02-09 17:27:09.330] Client 1 heartbeat recieved
[2026-02-09 17:27:09.334] Client 4 heartbeat recieved
[2026-02-09 17:27:09.572] SECONDARY Server 2002 heartbeat recieved
[2026-02-09 17:27:09.573] Server 2002 heartbeat recieved
[2026-02-09 17:27:09.581] Client 3 heartbeat recieved
[2026-02-09 17:27:09.581] SECONDARY Server 2004 heartbeat recieved
[2026-02-09 17:27:09.582] Server 2004 heartbeat recieved
[2026-02-09 17:27:09.823] SECONDARY Server 2003 heartbeat recieved
[2026-02-09 17:27:09.823] Server 2003 heartbeat recieved
[2026-02-09 17:27:09.825] Client 2 heartbeat recieved
[2026-02-09 17:27:09.837] Client 4 heartbeat recieved
[2026-02-09 17:27:10.076] SECONDARY Server 2002 heartbeat recieved
[2026-02-09 17:27:10.077] Server 2002 heartbeat recieved
[2026-02-09 17:27:10.084] SECONDARY Server 2004 heartbeat recieved
[2026-02-09 17:27:10.084] Server 2004 heartbeat recieved
[2026-02-09 17:27:10.085] Client 3 heartbeat recieved
[2026-02-09 17:27:10.326] SECONDARY Server 2003 heartbeat recieved
[2026-02-09 17:27:10.326] Server 2003 heartbeat recieved
[2026-02-09 17:27:10.328] Client 2 heartbeat recieved
[2026-02-09 17:27:10.339] Client 4 heartbeat recieved
[2026-02-09 17:27:10.422] PRIMARY Server 2001 heartbeat recieved
[2026-02-09 17:27:10.422] Server 2001 heartbeat recieved
[2026-02-09 17:27:10.435] Client 1 heartbeat recieved
[2026-02-09 17:27:10.580] SECONDARY Server 2002 heartbeat recieved
[2026-02-09 17:27:10.580] Server 2002 heartbeat recieved
[2026-02-09 17:27:10.586] SECONDARY Server 2004 heartbeat recieved
[2026-02-09 17:27:10.586] Server 2004 heartbeat recieved
[2026-02-09 17:27:10.587] Client 3 heartbeat recieved
[2026-02-09 17:27:10.830] SECONDARY Server 2003 heartbeat recieved
[2026-02-09 17:27:10.830] Server 2003 heartbeat recieved
[2026-02-09 17:27:10.832] Client 2 heartbeat recieved
[2026-02-09 17:27:10.842] Client 4 heartbeat recieved
[2026-02-09 17:27:11.082] SECONDARY Server 2002 heartbeat recieved
[2026-02-09 17:27:11.082] Server 2002 heartbeat recieved
[2026-02-09 17:27:11.089] SECONDARY Server 2004 heartbeat recieved
[2026-02-09 17:27:11.089] Server 2004 heartbeat recieved
[2026-02-09 17:27:11.090] Client 3 heartbeat recieved
[2026-02-09 17:27:11.335] SECONDARY Server 2003 heartbeat recieved
[2026-02-09 17:27:11.335] Server 2003 heartbeat recieved
[2026-02-09 17:27:11.335] Client 2 heartbeat recieved
[2026-02-09 17:27:11.344] Client 4 heartbeat recieved
[2026-02-09 17:27:11.516] PRIMARY Server 2001 heartbeat recieved
[2026-02-09 17:27:11.516] Server 2001 heartbeat recieved
[2026-02-09 17:27:11.577] PRIMARY Server 2001 heartbeat recieved
[2026-02-09 17:27:11.577] Server 2001 heartbeat recieved
[2026-02-09 17:27:11.585] SECONDARY Server 2002 heartbeat recieved
[2026-02-09 17:27:11.585] Server 2002 heartbeat recieved
[2026-02-09 17:27:11.588] Client 1 heartbeat recieved
[2026-02-09 17:27:11.591] SECONDARY Server 2004 heartbeat recieved
[2026-02-09 17:27:11.591] Server 2004 heartbeat recieved
[2026-02-09 17:27:11.593] Client 3 heartbeat recieved
[2026-02-09 17:27:11.838] Client 2 heartbeat recieved
[2026-02-09 17:27:11.838] SECONDARY Server 2003 heartbeat recieved
[2026-02-09 17:27:11.838] Server 2003 heartbeat recieved
[2026-02-09 17:27:11.847] Client 4 heartbeat recieved
[2026-02-09 17:27:12.087] SECONDARY Server 2002 heartbeat recieved
[2026-02-09 17:27:12.089] Server 2002 heartbeat recieved
[2026-02-09 17:27:12.094] SECONDARY Server 2004 heartbeat recieved
[2026-02-09 17:27:12.094] Server 2004 heartbeat recieved
[2026-02-09 17:27:12.096] Client 3 heartbeat recieved
[2026-02-09 17:27:12.340] Client 2 heartbeat recieved
[2026-02-09 17:27:12.341] SECONDARY Server 2003 heartbeat recieved
[2026-02-09 17:27:12.341] Server 2003 heartbeat recieved
[2026-02-09 17:27:12.350] Client 4 heartbeat recieved
[2026-02-09 17:27:12.590] SECONDARY Server 2002 heartbeat recieved
[2026-02-09 17:27:12.591] Server 2002 heartbeat recieved
[2026-02-09 17:27:12.597] SECONDARY Server 2004 heartbeat recieved
[2026-02-09 17:27:12.597] Server 2004 heartbeat recieved
[2026-02-09 17:27:12.599] Client 3 heartbeat recieved
[2026-02-09 17:27:12.762] PRIMARY Server 2001 heartbeat recieved
[2026-02-09 17:27:12.762] Server 2001 heartbeat recieved
[2026-02-09 17:27:12.780] PRIMARY Server 2001 heartbeat recieved
[2026-02-09 17:27:12.780] Server 2001 heartbeat recieved
[2026-02-09 17:27:12.791] Client 1 heartbeat recieved
[2026-02-09 17:27:12.843] Client 2 heartbeat recieved
[2026-02-09 17:27:12.844] SECONDARY Server 2003 heartbeat recieved
[2026-02-09 17:27:12.844] Server 2003 heartbeat recieved
[2026-02-09 17:27:12.854] Client 4 heartbeat recieved
[2026-02-09 17:27:13.015] PRIMARY Server 2001 heartbeat recieved
[2026-02-09 17:27:13.016] Server 2001 heartbeat recieved
[2026-02-09 17:27:13.093] SECONDARY Server 2002 heartbeat recieved
[2026-02-09 17:27:13.093] Server 2002 heartbeat recieved
[2026-02-09 17:27:13.099] SECONDARY Server 2004 heartbeat recieved
[2026-02-09 17:27:13.099] Server 2004 heartbeat recieved
[2026-02-09 17:27:13.101] Client 3 heartbeat recieved
[2026-02-09 17:27:13.271] PRIMARY Server 2001 heartbeat recieved
[2026-02-09 17:27:13.271] Server 2001 heartbeat recieved
[2026-02-09 17:27:13.346] Client 2 heartbeat recieved
[2026-02-09 17:27:13.347] SECONDARY Server 2003 heartbeat recieved
[2026-02-09 17:27:13.347] Server 2003 heartbeat recieved
[2026-02-09 17:27:13.357] Client 4 heartbeat recieved
[2026-02-09 17:27:13.596] SECONDARY Server 2002 heartbeat recieved
[2026-02-09 17:27:13.596] Server 2002 heartbeat recieved
[2026-02-09 17:27:13.602] SECONDARY Server 2004 heartbeat recieved
[2026-02-09 17:27:13.602] Server 2004 heartbeat recieved
[2026-02-09 17:27:13.604] Client 3 heartbeat recieved
[2026-02-09 17:27:13.848] Client 2 heartbeat recieved
[2026-02-09 17:27:13.850] SECONDARY Server 2003 heartbeat recieved
[2026-02-09 17:27:13.850] Server 2003 heartbeat recieved
[2026-02-09 17:27:13.859] Client 4 heartbeat recieved
[2026-02-09 17:27:14.035] PRIMARY Server 2001 heartbeat recieved
[2026-02-09 17:27:14.035] Server 2001 heartbeat recieved
[2026-02-09 17:27:14.046] Client 1 heartbeat recieved
[2026-02-09 17:27:14.098] SECONDARY Server 2002 heartbeat recieved
[2026-02-09 17:27:14.098] Server 2002 heartbeat recieved
[2026-02-09 17:27:14.106] SECONDARY Server 2004 heartbeat recieved
[2026-02-09 17:27:14.106] Client 3 heartbeat recieved
[2026-02-09 17:27:14.106] Server 2004 heartbeat recieved
[2026-02-09 17:27:14.351] Client 2 heartbeat recieved
[2026-02-09 17:27:14.353] SECONDARY Server 2003 heartbeat recieved
[2026-02-09 17:27:14.353] Server 2003 heartbeat recieved
[2026-02-09 17:27:14.361] Client 4 heartbeat recieved
[2026-02-09 17:27:14.600] SECONDARY Server 2002 heartbeat recieved
[2026-02-09 17:27:14.601] Server 2002 heartbeat recieved
[2026-02-09 17:27:14.608] Client 3 heartbeat recieved
[2026-02-09 17:27:14.609] SECONDARY Server 2004 heartbeat recieved
[2026-02-09 17:27:14.609] Server 2004 heartbeat recieved
[2026-02-09 17:27:14.852] Client 2 heartbeat recieved
[2026-02-09 17:27:14.856] SECONDARY Server 2003 heartbeat recieved
[2026-02-09 17:27:14.856] Server 2003 heartbeat recieved
[2026-02-09 17:27:14.865] Client 4 heartbeat recieved
[2026-02-09 17:27:15.103] SECONDARY Server 2002 heartbeat recieved
[2026-02-09 17:27:15.103] Server 2002 heartbeat recieved
[2026-02-09 17:27:15.111] Client 3 heartbeat recieved
[2026-02-09 17:27:15.114] SECONDARY Server 2004 heartbeat recieved
[2026-02-09 17:27:15.114] Server 2004 heartbeat recieved
[2026-02-09 17:27:15.337] PRIMARY Server 2001 heartbeat recieved
[2026-02-09 17:27:15.337] Server 2001 heartbeat recieved
[2026-02-09 17:27:15.349] Client 1 heartbeat recieved
[2026-02-09 17:27:15.356] Client 2 heartbeat recieved
[2026-02-09 17:27:15.359] SECONDARY Server 2003 heartbeat recieved
[2026-02-09 17:27:15.359] Server 2003 heartbeat recieved
[2026-02-09 17:27:15.367] Client 4 heartbeat recieved
[2026-02-09 17:27:15.606] SECONDARY Server 2002 heartbeat recieved
[2026-02-09 17:27:15.606] Server 2002 heartbeat recieved
[2026-02-09 17:27:15.615] Client 3 heartbeat recieved
[2026-02-09 17:27:15.617] SECONDARY Server 2004 heartbeat recieved
[2026-02-09 17:27:15.617] Server 2004 heartbeat recieved
[2026-02-09 17:27:15.858] Client 2 heartbeat recieved
[2026-02-09 17:27:15.862] SECONDARY Server 2003 heartbeat recieved
[2026-02-09 17:27:15.862] Server 2003 heartbeat recieved
[2026-02-09 17:27:15.870] Client 4 heartbeat recieved
[2026-02-09 17:27:16.109] SECONDARY Server 2002 heartbeat recieved
[2026-02-09 17:27:16.109] Server 2002 heartbeat recieved
[2026-02-09 17:27:16.118] Client 3 heartbeat recieved
[2026-02-09 17:27:16.119] SECONDARY Server 2004 heartbeat recieved
[2026-02-09 17:27:16.119] Server 2004 heartbeat recieved
[2026-02-09 17:27:16.362] Client 2 heartbeat recieved
[2026-02-09 17:27:16.367] SECONDARY Server 2003 heartbeat recieved
[2026-02-09 17:27:16.367] Server 2003 heartbeat recieved
[2026-02-09 17:27:16.373] Client 4 heartbeat recieved
[2026-02-09 17:27:16.522] PRIMARY Server 2001 heartbeat recieved
[2026-02-09 17:27:16.522] Server 2001 heartbeat recieved
[2026-02-09 17:27:16.612] SECONDARY Server 2002 heartbeat recieved
[2026-02-09 17:27:16.612] Server 2002 heartbeat recieved
[2026-02-09 17:27:16.620] Client 3 heartbeat recieved
[2026-02-09 17:27:16.622] SECONDARY Server 2004 heartbeat recieved
[2026-02-09 17:27:16.622] Server 2004 heartbeat recieved
[2026-02-09 17:27:16.692] PRIMARY Server 2001 heartbeat recieved
[2026-02-09 17:27:16.692] Server 2001 heartbeat recieved
[2026-02-09 17:27:16.702] Client 1 heartbeat recieved
[2026-02-09 17:27:16.863] Client 2 heartbeat recieved
[2026-02-09 17:27:16.869] SECONDARY Server 2003 heartbeat recieved
[2026-02-09 17:27:16.869] Server 2003 heartbeat recieved
[2026-02-09 17:27:16.875] Client 4 heartbeat recieved
[2026-02-09 17:27:17.114] SECONDARY Server 2002 heartbeat recieved
[2026-02-09 17:27:17.114] Server 2002 heartbeat recieved
[2026-02-09 17:27:17.122] Client 3 heartbeat recieved
[2026-02-09 17:27:17.124] SECONDARY Server 2004 heartbeat recieved
[2026-02-09 17:27:17.124] Server 2004 heartbeat recieved
[2026-02-09 17:27:17.366] Client 2 heartbeat recieved
[2026-02-09 17:27:17.373] SECONDARY Server 2003 heartbeat recieved
[2026-02-09 17:27:17.373] Server 2003 heartbeat recieved
[2026-02-09 17:27:17.377] Client 4 heartbeat recieved
[2026-02-09 17:27:17.617] SECONDARY Server 2002 heartbeat recieved
[2026-02-09 17:27:17.617] Server 2002 heartbeat recieved
[2026-02-09 17:27:17.625] Client 3 heartbeat recieved
[2026-02-09 17:27:17.627] SECONDARY Server 2004 heartbeat recieved
[2026-02-09 17:27:17.627] Server 2004 heartbeat recieved
[2026-02-09 17:27:17.767] PRIMARY Server 2001 heartbeat recieved
[2026-02-09 17:27:17.767] Server 2001 heartbeat recieved
[2026-02-09 17:27:17.870] Client 2 heartbeat recieved
[2026-02-09 17:27:17.876] SECONDARY Server 2003 heartbeat recieved
[2026-02-09 17:27:17.876] Server 2003 heartbeat recieved
[2026-02-09 17:27:17.879] Client 4 heartbeat recieved
[2026-02-09 17:27:18.019] PRIMARY Server 2001 heartbeat recieved
[2026-02-09 17:27:18.019] Server 2001 heartbeat recieved
[2026-02-09 17:27:18.096] PRIMARY Server 2001 heartbeat recieved
[2026-02-09 17:27:18.097] Server 2001 heartbeat recieved
[2026-02-09 17:27:18.106] Client 1 heartbeat recieved
[2026-02-09 17:27:18.119] SECONDARY Server 2002 heartbeat recieved
[2026-02-09 17:27:18.119] Server 2002 heartbeat recieved
[2026-02-09 17:27:18.128] Client 3 heartbeat recieved
[2026-02-09 17:27:18.129] SECONDARY Server 2004 heartbeat recieved
[2026-02-09 17:27:18.129] Server 2004 heartbeat recieved
[2026-02-09 17:27:18.274] PRIMARY Server 2001 heartbeat recieved
[2026-02-09 17:27:18.274] Server 2001 heartbeat recieved
[2026-02-09 17:27:18.372] Client 2 heartbeat recieved
[2026-02-09 17:27:18.378] SECONDARY Server 2003 heartbeat recieved
[2026-02-09 17:27:18.379] Server 2003 heartbeat recieved
[2026-02-09 17:27:18.381] Client 4 heartbeat recieved
[2026-02-09 17:27:18.623] SECONDARY Server 2002 heartbeat recieved
[2026-02-09 17:27:18.623] Server 2002 heartbeat recieved
[2026-02-09 17:27:18.629] Client 3 heartbeat recieved
[2026-02-09 17:27:18.631] SECONDARY Server 2004 heartbeat recieved
[2026-02-09 17:27:18.631] Server 2004 heartbeat recieved
[2026-02-09 17:27:18.874] Client 2 heartbeat recieved
[2026-02-09 17:27:18.880] SECONDARY Server 2003 heartbeat recieved
[2026-02-09 17:27:18.880] Server 2003 heartbeat recieved
[2026-02-09 17:27:18.883] Client 4 heartbeat recieved
[2026-02-09 17:27:19.125] SECONDARY Server 2002 heartbeat recieved
[2026-02-09 17:27:19.125] Server 2002 heartbeat recieved
[2026-02-09 17:27:19.132] Client 3 heartbeat recieved
[2026-02-09 17:27:19.135] SECONDARY Server 2004 heartbeat recieved
[2026-02-09 17:27:19.135] Server 2004 heartbeat recieved
[2026-02-09 17:27:19.377] Client 2 heartbeat recieved
[2026-02-09 17:27:19.383] SECONDARY Server 2003 heartbeat recieved
[2026-02-09 17:27:19.383] Server 2003 heartbeat recieved
[2026-02-09 17:27:19.386] Client 4 heartbeat recieved
[2026-02-09 17:27:19.551] PRIMARY Server 2001 heartbeat recieved
[2026-02-09 17:27:19.551] Server 2001 heartbeat recieved
[2026-02-09 17:27:19.560] Client 1 heartbeat recieved
[2026-02-09 17:27:19.627] SECONDARY Server 2002 heartbeat recieved
[2026-02-09 17:27:19.627] Server 2002 heartbeat recieved
[2026-02-09 17:27:19.636] Client 3 heartbeat recieved
[2026-02-09 17:27:19.637] SECONDARY Server 2004 heartbeat recieved
[2026-02-09 17:27:19.637] Server 2004 heartbeat recieved
[2026-02-09 17:27:19.880] Client 2 heartbeat recieved
[2026-02-09 17:27:19.887] SECONDARY Server 2003 heartbeat recieved
[2026-02-09 17:27:19.887] Server 2003 heartbeat recieved
[2026-02-09 17:27:19.890] Client 4 heartbeat recieved
[2026-02-09 17:27:20.129] SECONDARY Server 2002 heartbeat recieved
[2026-02-09 17:27:20.129] Server 2002 heartbeat recieved
[2026-02-09 17:27:20.138] Client 3 heartbeat recieved
[2026-02-09 17:27:20.141] SECONDARY Server 2004 heartbeat recieved
[2026-02-09 17:27:20.141] Server 2004 heartbeat recieved
[2026-02-09 17:27:20.383] Client 2 heartbeat recieved
[2026-02-09 17:27:20.390] SECONDARY Server 2003 heartbeat recieved
[2026-02-09 17:27:20.390] Server 2003 heartbeat recieved
[2026-02-09 17:27:20.393] Client 4 heartbeat recieved
[2026-02-09 17:27:20.633] SECONDARY Server 2002 heartbeat recieved
[2026-02-09 17:27:20.633] Server 2002 heartbeat recieved
[2026-02-09 17:27:20.641] Client 3 heartbeat recieved
[2026-02-09 17:27:20.643] SECONDARY Server 2004 heartbeat recieved
[2026-02-09 17:27:20.643] Server 2004 heartbeat recieved
[2026-02-09 17:27:20.884] Client 2 heartbeat recieved
[2026-02-09 17:27:20.893] SECONDARY Server 2003 heartbeat recieved
[2026-02-09 17:27:20.894] Server 2003 heartbeat recieved
[2026-02-09 17:27:20.896] Client 4 heartbeat recieved
[2026-02-09 17:27:21.055] PRIMARY Server 2001 heartbeat recieved
[2026-02-09 17:27:21.055] Server 2001 heartbeat recieved
[2026-02-09 17:27:21.065] Client 1 heartbeat recieved
[2026-02-09 17:27:21.136] SECONDARY Server 2002 heartbeat recieved
[2026-02-09 17:27:21.136] Server 2002 heartbeat recieved
[2026-02-09 17:27:21.143] Client 3 heartbeat recieved
[2026-02-09 17:27:21.145] SECONDARY Server 2004 heartbeat recieved
[2026-02-09 17:27:21.145] Server 2004 heartbeat recieved
[2026-02-09 17:27:21.387] Client 2 heartbeat recieved
[2026-02-09 17:27:21.395] SECONDARY Server 2003 heartbeat recieved
[2026-02-09 17:27:21.395] Server 2003 heartbeat recieved
[2026-02-09 17:27:21.398] Client 4 heartbeat recieved
[2026-02-09 17:27:21.527] PRIMARY Server 2001 heartbeat recieved
[2026-02-09 17:27:21.527] Server 2001 heartbeat recieved
[2026-02-09 17:27:21.639] SECONDARY Server 2002 heartbeat recieved
[2026-02-09 17:27:21.639] Server 2002 heartbeat recieved
[2026-02-09 17:27:21.646] Client 3 heartbeat recieved
[2026-02-09 17:27:21.647] SECONDARY Server 2004 heartbeat recieved
[2026-02-09 17:27:21.647] Server 2004 heartbeat recieved
[2026-02-09 17:27:21.890] Client 2 heartbeat recieved
[2026-02-09 17:27:21.897] SECONDARY Server 2003 heartbeat recieved
[2026-02-09 17:27:21.897] Server 2003 heartbeat recieved
[2026-02-09 17:27:21.900] Client 4 heartbeat recieved
[2026-02-09 17:27:22.142] SECONDARY Server 2002 heartbeat recieved
[2026-02-09 17:27:22.142] Server 2002 heartbeat recieved
[2026-02-09 17:27:22.147] Client 3 heartbeat recieved
[2026-02-09 17:27:22.149] SECONDARY Server 2004 heartbeat recieved
[2026-02-09 17:27:22.149] Server 2004 heartbeat recieved
[2026-02-09 17:27:22.392] Client 2 heartbeat recieved
[2026-02-09 17:27:22.400] SECONDARY Server 2003 heartbeat recieved
[2026-02-09 17:27:22.400] Server 2003 heartbeat recieved
[2026-02-09 17:27:22.404] Client 4 heartbeat recieved
[2026-02-09 17:27:22.599] Client 1 not responding
[2026-02-09 17:27:22.609] PRIMARY Server 2001 heartbeat recieved
[2026-02-09 17:27:22.609] Server 2001 heartbeat recieved
[2026-02-09 17:27:22.618] Client 1 shutdown requested
[2026-02-09 17:27:22.644] SECONDARY Server 2002 heartbeat recieved
[2026-02-09 17:27:22.644] Server 2002 heartbeat recieved
[2026-02-09 17:27:22.651] Client 3 heartbeat recieved
[2026-02-09 17:27:22.652] SECONDARY Server 2004 heartbeat recieved
[2026-02-09 17:27:22.652] Server 2004 heartbeat recieved
[2026-02-09 17:27:22.772] PRIMARY Server 2001 heartbeat recieved
[2026-02-09 17:27:22.772] Server 2001 heartbeat recieved
[2026-02-09 17:27:22.895] Client 2 heartbeat recieved
[2026-02-09 17:27:22.904] SECONDARY Server 2003 heartbeat recieved
[2026-02-09 17:27:22.904] Server 2003 heartbeat recieved
[2026-02-09 17:27:22.907] Client 4 heartbeat recieved
[2026-02-09 17:27:23.023] PRIMARY Server 2001 heartbeat recieved
[2026-02-09 17:27:23.023] Server 2001 heartbeat recieved
[2026-02-09 17:27:23.147] SECONDARY Server 2002 heartbeat recieved
[2026-02-09 17:27:23.147] Server 2002 heartbeat recieved
[2026-02-09 17:27:23.153] Client 3 heartbeat recieved
[2026-02-09 17:27:23.156] SECONDARY Server 2004 heartbeat recieved
[2026-02-09 17:27:23.156] Server 2004 heartbeat recieved
[2026-02-09 17:27:23.279] PRIMARY Server 2001 heartbeat recieved
[2026-02-09 17:27:23.279] Server 2001 heartbeat recieved
[2026-02-09 17:27:23.397] Client 2 heartbeat recieved
[2026-02-09 17:27:23.407] SECONDARY Server 2003 heartbeat recieved
[2026-02-09 17:27:23.407] Server 2003 heartbeat recieved
[2026-02-09 17:27:23.410] Client 4 heartbeat recieved
[2026-02-09 17:27:23.648] SECONDARY Server 2002 heartbeat recieved
[2026-02-09 17:27:23.649] Server 2002 heartbeat recieved
[2026-02-09 17:27:23.656] Client 3 heartbeat recieved
[2026-02-09 17:27:23.659] SECONDARY Server 2004 heartbeat recieved
[2026-02-09 17:27:23.659] Server 2004 heartbeat recieved
[2026-02-09 17:27:23.900] Client 2 heartbeat recieved
[2026-02-09 17:27:23.910] SECONDARY Server 2003 heartbeat recieved
[2026-02-09 17:27:23.910] Server 2003 heartbeat recieved
[2026-02-09 17:27:23.911] Client 4 heartbeat recieved
[2026-02-09 17:27:24.152] SECONDARY Server 2002 heartbeat recieved
[2026-02-09 17:27:24.152] Server 2002 heartbeat recieved
[2026-02-09 17:27:24.160] Client 3 heartbeat recieved
[2026-02-09 17:27:24.162] SECONDARY Server 2004 heartbeat recieved
[2026-02-09 17:27:24.162] Server 2004 heartbeat recieved
[2026-02-09 17:27:24.212] PRIMARY Server 2001 heartbeat recieved
[2026-02-09 17:27:24.212] Server 2001 heartbeat recieved
[2026-02-09 17:27:24.403] Client 2 heartbeat recieved
[2026-02-09 17:27:24.413] SECONDARY Server 2003 heartbeat recieved
[2026-02-09 17:27:24.413] Server 2003 heartbeat recieved
[2026-02-09 17:27:24.414] Client 4 heartbeat recieved
[2026-02-09 17:27:24.654] SECONDARY Server 2002 heartbeat recieved
[2026-02-09 17:27:24.655] Server 2002 heartbeat recieved
[2026-02-09 17:27:24.664] Client 3 heartbeat recieved
[2026-02-09 17:27:24.665] SECONDARY Server 2004 heartbeat recieved
[2026-02-09 17:27:24.665] Server 2004 heartbeat recieved
[2026-02-09 17:27:24.906] Client 2 heartbeat recieved
[2026-02-09 17:27:24.915] SECONDARY Server 2003 heartbeat recieved
[2026-02-09 17:27:24.915] Server 2003 heartbeat recieved
[2026-02-09 17:27:24.916] Client 4 heartbeat recieved
[2026-02-09 17:27:25.157] SECONDARY Server 2002 heartbeat recieved
[2026-02-09 17:27:25.157] Server 2002 heartbeat recieved
[2026-02-09 17:27:25.165] Client 3 heartbeat recieved
[2026-02-09 17:27:25.167] SECONDARY Server 2004 heartbeat recieved
[2026-02-09 17:27:25.167] Server 2004 heartbeat recieved
[2026-02-09 17:27:25.408] Client 2 heartbeat recieved
[2026-02-09 17:27:25.418] SECONDARY Server 2003 heartbeat recieved
[2026-02-09 17:27:25.418] Server 2003 heartbeat recieved
[2026-02-09 17:27:25.420] Client 4 heartbeat recieved
[2026-02-09 17:27:25.660] SECONDARY Server 2002 heartbeat recieved
[2026-02-09 17:27:25.660] Server 2002 heartbeat recieved
[2026-02-09 17:27:25.668] Client 3 heartbeat recieved
[2026-02-09 17:27:25.670] SECONDARY Server 2004 heartbeat recieved
[2026-02-09 17:27:25.670] Server 2004 heartbeat recieved
[2026-02-09 17:27:25.868] PRIMARY Server 2001 heartbeat recieved
[2026-02-09 17:27:25.869] Server 2001 heartbeat recieved
[2026-02-09 17:27:25.909] Client 2 heartbeat recieved
[2026-02-09 17:27:25.921] SECONDARY Server 2003 heartbeat recieved
[2026-02-09 17:27:25.921] Server 2003 heartbeat recieved
[2026-02-09 17:27:25.922] Client 4 heartbeat recieved
[2026-02-09 17:27:26.162] SECONDARY Server 2002 heartbeat recieved
[2026-02-09 17:27:26.162] Server 2002 heartbeat recieved
[2026-02-09 17:27:26.170] Client 3 heartbeat recieved
[2026-02-09 17:27:26.174] SECONDARY Server 2004 heartbeat recieved
[2026-02-09 17:27:26.176] Server 2004 heartbeat recieved
[2026-02-09 17:27:26.412] Client 2 heartbeat recieved
[2026-02-09 17:27:26.425] SECONDARY Server 2003 heartbeat recieved
[2026-02-09 17:27:26.426] Server 2003 heartbeat recieved
[2026-02-09 17:27:26.426] Client 4 heartbeat recieved
[2026-02-09 17:27:26.665] SECONDARY Server 2002 heartbeat recieved
[2026-02-09 17:27:26.665] Server 2002 heartbeat recieved
[2026-02-09 17:27:26.672] Client 3 heartbeat recieved
[2026-02-09 17:27:26.678] SECONDARY Server 2004 heartbeat recieved
[2026-02-09 17:27:26.678] Server 2004 heartbeat recieved
[2026-02-09 17:27:26.915] Client 2 heartbeat recieved
[2026-02-09 17:27:26.929] SECONDARY Server 2003 heartbeat recieved
[2026-02-09 17:27:26.929] Client 4 heartbeat recieved
[2026-02-09 17:27:26.929] Server 2003 heartbeat recieved
[2026-02-09 17:27:27.168] SECONDARY Server 2002 heartbeat recieved
[2026-02-09 17:27:27.168] Server 2002 heartbeat recieved
[2026-02-09 17:27:27.175] Client 3 heartbeat recieved
[2026-02-09 17:27:27.182] SECONDARY Server 2004 heartbeat recieved
[2026-02-09 17:27:27.182] Server 2004 heartbeat recieved
[2026-02-09 17:27:27.417] Client 2 heartbeat recieved
[2026-02-09 17:27:27.430] Client 4 heartbeat recieved
[2026-02-09 17:27:27.430] SECONDARY Server 2003 heartbeat recieved
[2026-02-09 17:27:27.430] Server 2003 heartbeat recieved
[2026-02-09 17:27:27.581] PRIMARY Server 2001 heartbeat recieved
[2026-02-09 17:27:27.581] Server 2001 heartbeat recieved
[2026-02-09 17:27:27.671] SECONDARY Server 2002 heartbeat recieved
[2026-02-09 17:27:27.671] Server 2002 heartbeat recieved
[2026-02-09 17:27:27.677] Client 3 heartbeat recieved
[2026-02-09 17:27:27.683] SECONDARY Server 2004 heartbeat recieved
[2026-02-09 17:27:27.683] Server 2004 heartbeat recieved
[2026-02-09 17:27:27.776] PRIMARY Server 2001 heartbeat recieved
[2026-02-09 17:27:27.776] Server 2001 heartbeat recieved
[2026-02-09 17:27:27.918] Client 2 heartbeat recieved
[2026-02-09 17:27:27.933] Client 4 heartbeat recieved
[2026-02-09 17:27:27.934] SECONDARY Server 2003 heartbeat recieved
[2026-02-09 17:27:27.935] Server 2003 heartbeat recieved
[2026-02-09 17:27:28.028] PRIMARY Server 2001 heartbeat recieved
[2026-02-09 17:27:28.028] Server 2001 heartbeat recieved
[2026-02-09 17:27:28.172] SECONDARY Server 2002 heartbeat recieved
[2026-02-09 17:27:28.172] Server 2002 heartbeat recieved
[2026-02-09 17:27:28.179] Client 3 heartbeat recieved
[2026-02-09 17:27:28.186] SECONDARY Server 2004 heartbeat recieved
[2026-02-09 17:27:28.186] Server 2004 heartbeat recieved
[2026-02-09 17:27:28.283] PRIMARY Server 2001 heartbeat recieved
[2026-02-09 17:27:28.283] Server 2001 heartbeat recieved
[2026-02-09 17:27:28.422] Client 2 heartbeat recieved
[2026-02-09 17:27:28.436] Client 4 heartbeat recieved
[2026-02-09 17:27:28.438] SECONDARY Server 2003 heartbeat recieved
[2026-02-09 17:27:28.438] Server 2003 heartbeat recieved
[2026-02-09 17:27:28.675] SECONDARY Server 2002 heartbeat recieved
[2026-02-09 17:27:28.675] Server 2002 heartbeat recieved
[2026-02-09 17:27:28.682] Client 3 heartbeat recieved
[2026-02-09 17:27:28.689] SECONDARY Server 2004 heartbeat recieved
[2026-02-09 17:27:28.689] Server 2004 heartbeat recieved
[2026-02-09 17:27:28.925] Client 2 heartbeat recieved
[2026-02-09 17:27:28.938] Client 4 heartbeat recieved
[2026-02-09 17:27:28.940] SECONDARY Server 2003 heartbeat recieved
[2026-02-09 17:27:28.940] Server 2003 heartbeat recieved
[2026-02-09 17:27:29.178] SECONDARY Server 2002 heartbeat recieved
[2026-02-09 17:27:29.178] Server 2002 heartbeat recieved
[2026-02-09 17:27:29.184] Client 3 heartbeat recieved
[2026-02-09 17:27:29.191] SECONDARY Server 2004 heartbeat recieved
[2026-02-09 17:27:29.191] Server 2004 heartbeat recieved
[2026-02-09 17:27:29.334] PRIMARY Server 2001 heartbeat recieved
[2026-02-09 17:27:29.334] Server 2001 heartbeat recieved
[2026-02-09 17:27:29.427] Client 2 heartbeat recieved
[2026-02-09 17:27:29.441] Client 4 heartbeat recieved
[2026-02-09 17:27:29.443] SECONDARY Server 2003 heartbeat recieved
[2026-02-09 17:27:29.443] Server 2003 heartbeat recieved
[2026-02-09 17:27:29.680] SECONDARY Server 2002 heartbeat recieved
[2026-02-09 17:27:29.681] Server 2002 heartbeat recieved
[2026-02-09 17:27:29.687] Client 3 heartbeat recieved
[2026-02-09 17:27:29.693] SECONDARY Server 2004 heartbeat recieved
[2026-02-09 17:27:29.693] Server 2004 heartbeat recieved
[2026-02-09 17:27:29.929] Client 2 heartbeat recieved
[2026-02-09 17:27:29.944] Client 4 heartbeat recieved
[2026-02-09 17:27:29.945] SECONDARY Server 2003 heartbeat recieved
[2026-02-09 17:27:29.946] Server 2003 heartbeat recieved
[2026-02-09 17:27:30.183] SECONDARY Server 2002 heartbeat recieved
[2026-02-09 17:27:30.183] Server 2002 heartbeat recieved
[2026-02-09 17:27:30.188] Client 3 heartbeat recieved
[2026-02-09 17:27:30.195] SECONDARY Server 2004 heartbeat recieved
[2026-02-09 17:27:30.195] Server 2004 heartbeat recieved
[2026-02-09 17:27:30.431] Client 2 heartbeat recieved
[2026-02-09 17:27:30.448] Client 4 heartbeat recieved
[2026-02-09 17:27:30.449] SECONDARY Server 2003 heartbeat recieved
[2026-02-09 17:27:30.449] Server 2003 heartbeat recieved
[2026-02-09 17:27:30.687] SECONDARY Server 2002 heartbeat recieved
[2026-02-09 17:27:30.687] Server 2002 heartbeat recieved
[2026-02-09 17:27:30.691] Client 3 heartbeat recieved
[2026-02-09 17:27:30.699] SECONDARY Server 2004 heartbeat recieved
[2026-02-09 17:27:30.699] Server 2004 heartbeat recieved
[2026-02-09 17:27:30.934] Client 2 heartbeat recieved
[2026-02-09 17:27:30.950] Client 4 heartbeat recieved
[2026-02-09 17:27:30.951] SECONDARY Server 2003 heartbeat recieved
[2026-02-09 17:27:30.951] Server 2003 heartbeat recieved
[2026-02-09 17:27:31.112] Primary server 2001 not responding, triggering failover
[2026-02-09 17:27:31.112] FAILOVER to Server 2002 with restored sum 1031 on next heartbeat
[2026-02-09 17:27:31.112] Secondary server 2001 not responding
[2026-02-09 17:27:31.138] Server 2001 shutdown requested
[2026-02-09 17:27:31.189] PRIMARY Server 2002 heartbeat recieved
[2026-02-09 17:27:31.189] Server 2002 heartbeat recieved
[2026-02-09 17:27:31.195] Client 3 heartbeat recieved
[2026-02-09 17:27:31.201] SECONDARY Server 2004 heartbeat recieved
[2026-02-09 17:27:31.201] Server 2004 heartbeat recieved
[2026-02-09 17:27:31.437] Client 2 heartbeat recieved
[2026-02-09 17:27:31.453] Client 4 heartbeat recieved
[2026-02-09 17:27:31.454] SECONDARY Server 2003 heartbeat recieved
[2026-02-09 17:27:31.454] Server 2003 heartbeat recieved
[2026-02-09 17:27:31.692] PRIMARY Server 2002 heartbeat recieved
[2026-02-09 17:27:31.692] Server 2002 heartbeat recieved
[2026-02-09 17:27:31.696] Client 3 heartbeat recieved
[2026-02-09 17:27:31.704] SECONDARY Server 2004 heartbeat recieved
[2026-02-09 17:27:31.704] Server 2004 heartbeat recieved
[2026-02-09 17:27:31.938] Client 2 heartbeat recieved
[2026-02-09 17:27:31.955] Client 4 heartbeat recieved
[2026-02-09 17:27:31.957] SECONDARY Server 2003 heartbeat recieved
[2026-02-09 17:27:31.957] Server 2003 heartbeat recieved
[2026-02-09 17:27:32.194] PRIMARY Server 2002 heartbeat recieved
[2026-02-09 17:27:32.195] Server 2002 heartbeat recieved
[2026-02-09 17:27:32.199] Client 3 heartbeat recieved
[2026-02-09 17:27:32.206] SECONDARY Server 2004 heartbeat recieved
[2026-02-09 17:27:32.206] Server 2004 heartbeat recieved
[2026-02-09 17:27:32.441] Client 2 heartbeat recieved
[2026-02-09 17:27:32.460] Client 4 heartbeat recieved
[2026-02-09 17:27:32.461] SECONDARY Server 2003 heartbeat recieved
[2026-02-09 17:27:32.462] Server 2003 heartbeat recieved
[2026-02-09 17:27:32.696] PRIMARY Server 2002 heartbeat recieved
[2026-02-09 17:27:32.696] Server 2002 heartbeat recieved
[2026-02-09 17:27:32.703] Client 3 heartbeat recieved
[2026-02-09 17:27:32.709] SECONDARY Server 2004 heartbeat recieved
[2026-02-09 17:27:32.709] Server 2004 heartbeat recieved
[2026-02-09 17:27:32.784] PRIMARY Server 2002 heartbeat recieved
[2026-02-09 17:27:32.784] Server 2002 heartbeat recieved
[2026-02-09 17:27:32.945] Client 2 heartbeat recieved
[2026-02-09 17:27:32.963] SECONDARY Server 2003 heartbeat recieved
[2026-02-09 17:27:32.963] Client 4 heartbeat recieved
[2026-02-09 17:27:32.963] Server 2003 heartbeat recieved
[2026-02-09 17:27:33.034] PRIMARY Server 2002 heartbeat recieved
[2026-02-09 17:27:33.034] Server 2002 heartbeat recieved
[2026-02-09 17:27:33.198] PRIMARY Server 2002 heartbeat recieved
[2026-02-09 17:27:33.198] Server 2002 heartbeat recieved
[2026-02-09 17:27:33.206] Client 3 heartbeat recieved
[2026-02-09 17:27:33.212] SECONDARY Server 2004 heartbeat recieved
[2026-02-09 17:27:33.212] Server 2004 heartbeat recieved
[2026-02-09 17:27:33.288] PRIMARY Server 2002 heartbeat recieved
[2026-02-09 17:27:33.288] Server 2002 heartbeat recieved
[2026-02-09 17:27:33.448] Client 2 heartbeat recieved
[2026-02-09 17:27:33.466] SECONDARY Server 2003 heartbeat recieved
[2026-02-09 17:27:33.466] Client 4 heartbeat recieved
[2026-02-09 17:27:33.466] Server 2003 heartbeat recieved
[2026-02-09 17:27:33.701] PRIMARY Server 2002 heartbeat recieved
[2026-02-09 17:27:33.701] Server 2002 heartbeat recieved
[2026-02-09 17:27:33.709] Client 3 heartbeat recieved
[2026-02-09 17:27:33.715] SECONDARY Server 2004 heartbeat recieved
[2026-02-09 17:27:33.715] Server 2004 heartbeat recieved
[2026-02-09 17:27:33.951] Client 2 heartbeat recieved
[2026-02-09 17:27:33.969] Client 4 heartbeat recieved
[2026-02-09 17:27:33.969] SECONDARY Server 2003 heartbeat recieved
[2026-02-09 17:27:33.969] Server 2003 heartbeat recieved
[2026-02-09 17:27:34.204] PRIMARY Server 2002 heartbeat recieved
[2026-02-09 17:27:34.204] Server 2002 heartbeat recieved
[2026-02-09 17:27:34.210] Client 3 heartbeat recieved
[2026-02-09 17:27:34.218] SECONDARY Server 2004 heartbeat recieved
[2026-02-09 17:27:34.218] Server 2004 heartbeat recieved
[2026-02-09 17:27:34.453] Client 2 heartbeat recieved
[2026-02-09 17:27:34.471] Client 4 heartbeat recieved
[2026-02-09 17:27:34.473] SECONDARY Server 2003 heartbeat recieved
[2026-02-09 17:27:34.473] Server 2003 heartbeat recieved
[2026-02-09 17:27:34.706] PRIMARY Server 2002 heartbeat recieved
[2026-02-09 17:27:34.706] Server 2002 heartbeat recieved
[2026-02-09 17:27:34.713] Client 3 heartbeat recieved
[2026-02-09 17:27:34.721] SECONDARY Server 2004 heartbeat recieved
[2026-02-09 17:27:34.721] Server 2004 heartbeat recieved
[2026-02-09 17:27:34.955] Client 2 heartbeat recieved
[2026-02-09 17:27:34.974] Client 4 heartbeat recieved
[2026-02-09 17:27:34.975] SECONDARY Server 2003 heartbeat recieved
[2026-02-09 17:27:34.975] Server 2003 heartbeat recieved
[2026-02-09 17:27:35.208] PRIMARY Server 2002 heartbeat recieved
[2026-02-09 17:27:35.208] Server 2002 heartbeat recieved
[2026-02-09 17:27:35.217] Client 3 heartbeat recieved
[2026-02-09 17:27:35.223] SECONDARY Server 2004 heartbeat recieved
[2026-02-09 17:27:35.223] Server 2004 heartbeat recieved
[2026-02-09 17:27:35.458] Client 2 heartbeat recieved
[2026-02-09 17:27:35.477] Client 4 heartbeat recieved
[2026-02-09 17:27:35.478] SECONDARY Server 2003 heartbeat recieved
[2026-02-09 17:27:35.479] Server 2003 heartbeat recieved
[2026-02-09 17:27:35.711] PRIMARY Server 2002 heartbeat recieved
[2026-02-09 17:27:35.711] Server 2002 heartbeat recieved
[2026-02-09 17:27:35.721] Client 3 heartbeat recieved
[2026-02-09 17:27:35.725] SECONDARY Server 2004 heartbeat recieved
[2026-02-09 17:27:35.725] Server 2004 heartbeat recieved
[2026-02-09 17:27:35.959] Client 2 heartbeat recieved
[2026-02-09 17:27:35.979] Client 4 heartbeat recieved
[2026-02-09 17:27:35.982] SECONDARY Server 2003 heartbeat recieved
[2026-02-09 17:27:35.982] Server 2003 heartbeat recieved
[2026-02-09 17:27:36.215] PRIMARY Server 2002 heartbeat recieved
[2026-02-09 17:27:36.215] Server 2002 heartbeat recieved
[2026-02-09 17:27:36.222] Client 3 heartbeat recieved
[2026-02-09 17:27:36.228] SECONDARY Server 2004 heartbeat recieved
[2026-02-09 17:27:36.228] Server 2004 heartbeat recieved
[2026-02-09 17:27:36.461] Client 2 heartbeat recieved
[2026-02-09 17:27:36.482] Client 4 heartbeat recieved
[2026-02-09 17:27:36.484] SECONDARY Server 2003 heartbeat recieved
[2026-02-09 17:27:36.485] Server 2003 heartbeat recieved
[2026-02-09 17:27:36.716] PRIMARY Server 2002 heartbeat recieved
[2026-02-09 17:27:36.716] Server 2002 heartbeat recieved
[2026-02-09 17:27:36.724] Client 3 heartbeat recieved
[2026-02-09 17:27:36.730] SECONDARY Server 2004 heartbeat recieved
[2026-02-09 17:27:36.730] Server 2004 heartbeat recieved
[2026-02-09 17:27:36.963] Client 2 heartbeat recieved
[2026-02-09 17:27:36.985] Client 4 heartbeat recieved
[2026-02-09 17:27:36.987] SECONDARY Server 2003 heartbeat recieved
[2026-02-09 17:27:36.987] Server 2003 heartbeat recieved
[2026-02-09 17:27:37.219] PRIMARY Server 2002 heartbeat recieved
[2026-02-09 17:27:37.219] Server 2002 heartbeat recieved
[2026-02-09 17:27:37.226] Client 3 heartbeat recieved
[2026-02-09 17:27:37.232] SECONDARY Server 2004 heartbeat recieved
[2026-02-09 17:27:37.232] Server 2004 heartbeat recieved
[2026-02-09 17:27:37.466] Client 2 heartbeat recieved
[2026-02-09 17:27:37.487] Client 4 heartbeat recieved
[2026-02-09 17:27:37.490] SECONDARY Server 2003 heartbeat recieved
[2026-02-09 17:27:37.490] Server 2003 heartbeat recieved
[2026-02-09 17:27:37.722] PRIMARY Server 2002 heartbeat recieved
[2026-02-09 17:27:37.722] Server 2002 heartbeat recieved
[2026-02-09 17:27:37.730] Client 3 heartbeat recieved
[2026-02-09 17:27:37.734] SECONDARY Server 2004 heartbeat recieved
[2026-02-09 17:27:37.734] Server 2004 heartbeat recieved
[2026-02-09 17:27:37.788] PRIMARY Server 2002 heartbeat recieved
[2026-02-09 17:27:37.788] Server 2002 heartbeat recieved
[2026-02-09 17:27:37.968] Client 2 heartbeat recieved
[2026-02-09 17:27:37.989] Client 4 heartbeat recieved
[2026-02-09 17:27:37.992] SECONDARY Server 2003 heartbeat recieved
[2026-02-09 17:27:37.993] Server 2003 heartbeat recieved
[2026-02-09 17:27:38.039] PRIMARY Server 2002 heartbeat recieved
[2026-02-09 17:27:38.039] Server 2002 heartbeat recieved
[2026-02-09 17:27:38.225] PRIMARY Server 2002 heartbeat recieved
[2026-02-09 17:27:38.226] Server 2002 heartbeat recieved
[2026-02-09 17:27:38.233] Client 3 heartbeat recieved
[2026-02-09 17:27:38.238] SECONDARY Server 2004 heartbeat recieved
[2026-02-09 17:27:38.238] Server 2004 heartbeat recieved
[2026-02-09 17:27:38.292] PRIMARY Server 2002 heartbeat recieved
[2026-02-09 17:27:38.292] Server 2002 heartbeat recieved
[2026-02-09 17:27:38.470] Client 2 heartbeat recieved
[2026-02-09 17:27:38.491] Client 4 heartbeat recieved
[2026-02-09 17:27:38.495] SECONDARY Server 2003 heartbeat recieved
[2026-02-09 17:27:38.495] Server 2003 heartbeat recieved
[2026-02-09 17:27:38.727] PRIMARY Server 2002 heartbeat recieved
[2026-02-09 17:27:38.727] Server 2002 heartbeat recieved
[2026-02-09 17:27:38.736] Client 3 heartbeat recieved
[2026-02-09 17:27:38.741] SECONDARY Server 2004 heartbeat recieved
[2026-02-09 17:27:38.741] Server 2004 heartbeat recieved
[2026-02-09 17:27:38.972] Client 2 heartbeat recieved
[2026-02-09 17:27:38.993] Client 4 heartbeat recieved
[2026-02-09 17:27:38.998] SECONDARY Server 2003 heartbeat recieved
[2026-02-09 17:27:38.998] Server 2003 heartbeat recieved
[2026-02-09 17:27:39.231] PRIMARY Server 2002 heartbeat recieved
[2026-02-09 17:27:39.231] Server 2002 heartbeat recieved
[2026-02-09 17:27:39.238] Client 3 heartbeat recieved
[2026-02-09 17:27:39.244] SECONDARY Server 2004 heartbeat recieved
[2026-02-09 17:27:39.244] Server 2004 heartbeat recieved
