[2026-02-09 17:06:32.127] Server 2004 started
[2026-02-09 17:06:32.139] Heartbeat sent
[2026-02-09 17:06:32.141] Heartbeat acknowledged.
[2026-02-09 17:06:32.646] Heartbeat sent
[2026-02-09 17:06:32.647] Heartbeat acknowledged.
[2026-02-09 17:06:33.148] Heartbeat sent
[2026-02-09 17:06:33.150] Heartbeat acknowledged.
[2026-02-09 17:06:33.652] Heartbeat sent
[2026-02-09 17:06:33.654] Heartbeat acknowledged.
[2026-02-09 17:06:34.155] Heartbeat sent
[2026-02-09 17:06:34.156] Heartbeat acknowledged.
[2026-02-09 17:06:34.658] Heartbeat sent
[2026-02-09 17:06:34.659] Heartbeat acknowledged.
[2026-02-09 17:06:35.162] Heartbeat sent
[2026-02-09 17:06:35.164] Heartbeat acknowledged.
[2026-02-09 17:06:35.667] Heartbeat sent
[2026-02-09 17:06:35.668] Heartbeat acknowledged.
[2026-02-09 17:06:36.170] Heartbeat sent
[2026-02-09 17:06:36.172] Heartbeat acknowledged.
[2026-02-09 17:06:36.673] Heartbeat sent
[2026-02-09 17:06:36.675] Heartbeat acknowledged.
[2026-02-09 17:06:37.177] Heartbeat sent
[2026-02-09 17:06:37.179] Sum set to 47
[2026-02-09 17:06:37.179] Heartbeat acknowledged.
[2026-02-09 17:06:37.682] Heartbeat sent
[2026-02-09 17:06:37.682] Heartbeat acknowledged.
[2026-02-09 17:06:38.183] Heartbeat sent
[2026-02-09 17:06:38.183] Heartbeat acknowledged.
[2026-02-09 17:06:38.686] Heartbeat sent
[2026-02-09 17:06:38.688] Sum set to 183
[2026-02-09 17:06:38.688] Heartbeat acknowledged.
[2026-02-09 17:06:39.190] Heartbeat sent
[2026-02-09 17:06:39.190] Heartbeat acknowledged.
[2026-02-09 17:06:39.693] Heartbeat sent
[2026-02-09 17:06:39.694] Heartbeat acknowledged.
[2026-02-09 17:06:40.195] Heartbeat sent
[2026-02-09 17:06:40.195] Heartbeat acknowledged.
[2026-02-09 17:06:40.702] Heartbeat sent
[2026-02-09 17:06:40.703] Heartbeat acknowledged.
[2026-02-09 17:06:41.204] Heartbeat sent
[2026-02-09 17:06:41.205] Heartbeat acknowledged.
[2026-02-09 17:06:41.707] Heartbeat sent
[2026-02-09 17:06:41.707] Heartbeat acknowledged.
[2026-02-09 17:06:42.211] Heartbeat sent
[2026-02-09 17:06:42.211] Heartbeat acknowledged.
[2026-02-09 17:06:42.712] Heartbeat sent
[2026-02-09 17:06:42.714] Heartbeat acknowledged.
[2026-02-09 17:06:43.215] Heartbeat sent
[2026-02-09 17:06:43.217] Heartbeat acknowledged.
[2026-02-09 17:06:43.718] Heartbeat sent
[2026-02-09 17:06:43.720] Sum set to 395
[2026-02-09 17:06:43.720] Heartbeat acknowledged.
[2026-02-09 17:06:44.222] Heartbeat sent
[2026-02-09 17:06:44.224] Sum set to 408
[2026-02-09 17:06:44.224] Heartbeat acknowledged.
[2026-02-09 17:06:44.724] Heartbeat sent
[2026-02-09 17:06:44.725] Heartbeat acknowledged.
[2026-02-09 17:06:45.227] Heartbeat sent
[2026-02-09 17:06:45.227] Heartbeat acknowledged.
[2026-02-09 17:06:45.730] Heartbeat sent
[2026-02-09 17:06:45.731] Heartbeat acknowledged.
[2026-02-09 17:06:46.233] Heartbeat sent
[2026-02-09 17:06:46.235] Heartbeat acknowledged.
[2026-02-09 17:06:46.736] Heartbeat sent
[2026-02-09 17:06:46.736] Heartbeat acknowledged.
[2026-02-09 17:06:47.238] Heartbeat sent
[2026-02-09 17:06:47.239] Heartbeat acknowledged.
[2026-02-09 17:06:47.741] Heartbeat sent
[2026-02-09 17:06:47.742] Heartbeat acknowledged.
[2026-02-09 17:06:48.243] Heartbeat sent
[2026-02-09 17:06:48.243] Heartbeat acknowledged.
[2026-02-09 17:06:48.746] Heartbeat sent
[2026-02-09 17:06:48.747] Sum set to 550
[2026-02-09 17:06:48.747] Heartbeat acknowledged.
[2026-02-09 17:06:49.248] Heartbeat sent
[2026-02-09 17:06:49.249] Sum set to 595
[2026-02-09 17:06:49.249] Heartbeat acknowledged.
[2026-02-09 17:06:49.750] Heartbeat sent
[2026-02-09 17:06:49.750] Heartbeat acknowledged.
[2026-02-09 17:06:50.253] Heartbeat sent
[2026-02-09 17:06:50.253] Heartbeat acknowledged.
[2026-02-09 17:06:50.756] Heartbeat sent
[2026-02-09 17:06:50.769] Heartbeat acknowledged.
[2026-02-09 17:06:51.274] Heartbeat sent
[2026-02-09 17:06:51.337] Heartbeat failed: No line found
[2026-02-09 17:06:51.843] Heartbeat failed: Connection refused: connect
[2026-02-09 17:27:02.523] Server 2004 started
[2026-02-09 17:27:02.536] Heartbeat sent
[2026-02-09 17:27:02.540] Heartbeat acknowledged.
[2026-02-09 17:27:03.044] Heartbeat sent
[2026-02-09 17:27:03.045] Heartbeat acknowledged.
[2026-02-09 17:27:03.547] Heartbeat sent
[2026-02-09 17:27:03.549] Heartbeat acknowledged.
[2026-02-09 17:27:04.049] Heartbeat sent
[2026-02-09 17:27:04.051] Heartbeat acknowledged.
[2026-02-09 17:27:04.553] Heartbeat sent
[2026-02-09 17:27:04.555] Heartbeat acknowledged.
[2026-02-09 17:27:05.056] Heartbeat sent
[2026-02-09 17:27:05.057] Heartbeat acknowledged.
[2026-02-09 17:27:05.559] Heartbeat sent
[2026-02-09 17:27:05.560] Heartbeat acknowledged.
[2026-02-09 17:27:06.061] Heartbeat sent
[2026-02-09 17:27:06.061] Heartbeat acknowledged.
[2026-02-09 17:27:06.564] Heartbeat sent
[2026-02-09 17:27:06.565] Sum set to 15
[2026-02-09 17:27:06.565] Heartbeat acknowledged.
[2026-02-09 17:27:07.066] Heartbeat sent
[2026-02-09 17:27:07.068] Heartbeat acknowledged.
[2026-02-09 17:27:07.571] Heartbeat sent
[2026-02-09 17:27:07.571] Heartbeat acknowledged.
[2026-02-09 17:27:08.073] Heartbeat sent
[2026-02-09 17:27:08.075] Sum set to 150
[2026-02-09 17:27:08.075] Heartbeat acknowledged.
[2026-02-09 17:27:08.577] Heartbeat sent
[2026-02-09 17:27:08.578] Sum set to 220
[2026-02-09 17:27:08.578] Heartbeat acknowledged.
[2026-02-09 17:27:09.080] Heartbeat sent
[2026-02-09 17:27:09.081] Heartbeat acknowledged.
[2026-02-09 17:27:09.581] Heartbeat sent
[2026-02-09 17:27:09.582] Heartbeat acknowledged.
[2026-02-09 17:27:10.084] Heartbeat sent
[2026-02-09 17:27:10.085] Heartbeat acknowledged.
[2026-02-09 17:27:10.586] Heartbeat sent
[2026-02-09 17:27:10.587] Heartbeat acknowledged.
[2026-02-09 17:27:11.089] Heartbeat sent
[2026-02-09 17:27:11.090] Heartbeat acknowledged.
[2026-02-09 17:27:11.591] Heartbeat sent
[2026-02-09 17:27:11.591] Sum set to 314
[2026-02-09 17:27:11.593] Heartbeat acknowledged.
[2026-02-09 17:27:12.094] Heartbeat sent
[2026-02-09 17:27:12.096] Heartbeat acknowledged.
[2026-02-09 17:27:12.597] Heartbeat sent
[2026-02-09 17:27:12.598] Heartbeat acknowledged.
[2026-02-09 17:27:13.099] Heartbeat sent
[2026-02-09 17:27:13.099] Sum set to 391
[2026-02-09 17:27:13.101] Heartbeat acknowledged.
[2026-02-09 17:27:13.602] Heartbeat sent
[2026-02-09 17:27:13.602] Sum set to 437
[2026-02-09 17:27:13.604] Heartbeat acknowledged.
[2026-02-09 17:27:14.106] Heartbeat sent
[2026-02-09 17:27:14.107] Heartbeat acknowledged.
[2026-02-09 17:27:14.609] Heartbeat sent
[2026-02-09 17:27:14.609] Heartbeat acknowledged.
[2026-02-09 17:27:15.114] Heartbeat sent
[2026-02-09 17:27:15.115] Heartbeat acknowledged.
[2026-02-09 17:27:15.617] Heartbeat sent
[2026-02-09 17:27:15.618] Heartbeat acknowledged.
[2026-02-09 17:27:16.119] Heartbeat sent
[2026-02-09 17:27:16.119] Heartbeat acknowledged.
[2026-02-09 17:27:16.622] Heartbeat sent
[2026-02-09 17:27:16.623] Sum set to 508
[2026-02-09 17:27:16.623] Heartbeat acknowledged.
[2026-02-09 17:27:17.124] Heartbeat sent
[2026-02-09 17:27:17.124] Heartbeat acknowledged.
[2026-02-09 17:27:17.627] Heartbeat sent
[2026-02-09 17:27:17.627] Heartbeat acknowledged.
[2026-02-09 17:27:18.129] Heartbeat sent
[2026-02-09 17:27:18.129] Sum set to 670
[2026-02-09 17:27:18.130] Heartbeat acknowledged.
[2026-02-09 17:27:18.631] Heartbeat sent
[2026-02-09 17:27:18.631] Sum set to 742
[2026-02-09 17:27:18.632] Heartbeat acknowledged.
[2026-02-09 17:27:19.135] Heartbeat sent
[2026-02-09 17:27:19.135] Heartbeat acknowledged.
[2026-02-09 17:27:19.637] Heartbeat sent
[2026-02-09 17:27:19.639] Heartbeat acknowledged.
[2026-02-09 17:27:20.141] Heartbeat sent
[2026-02-09 17:27:20.141] Heartbeat acknowledged.
[2026-02-09 17:27:20.643] Heartbeat sent
[2026-02-09 17:27:20.643] Heartbeat acknowledged.
[2026-02-09 17:27:21.145] Heartbeat sent
[2026-02-09 17:27:21.145] Heartbeat acknowledged.
[2026-02-09 17:27:21.647] Heartbeat sent
[2026-02-09 17:27:21.647] Sum set to 771
[2026-02-09 17:27:21.648] Heartbeat acknowledged.
[2026-02-09 17:27:22.149] Heartbeat sent
[2026-02-09 17:27:22.150] Heartbeat acknowledged.
[2026-02-09 17:27:22.652] Heartbeat sent
[2026-02-09 17:27:22.652] Heartbeat acknowledged.
[2026-02-09 17:27:23.156] Heartbeat sent
[2026-02-09 17:27:23.157] Sum set to 839
[2026-02-09 17:27:23.157] Heartbeat acknowledged.
[2026-02-09 17:27:23.659] Heartbeat sent
[2026-02-09 17:27:23.661] Sum set to 861
[2026-02-09 17:27:23.661] Heartbeat acknowledged.
[2026-02-09 17:27:24.162] Heartbeat sent
[2026-02-09 17:27:24.162] Heartbeat acknowledged.
[2026-02-09 17:27:24.665] Heartbeat sent
[2026-02-09 17:27:24.665] Heartbeat acknowledged.
[2026-02-09 17:27:25.167] Heartbeat sent
[2026-02-09 17:27:25.167] Heartbeat acknowledged.
[2026-02-09 17:27:25.670] Heartbeat sent
[2026-02-09 17:27:25.670] Heartbeat acknowledged.
[2026-02-09 17:27:26.175] Heartbeat sent
[2026-02-09 17:27:26.176] Heartbeat acknowledged.
[2026-02-09 17:27:26.678] Heartbeat sent
[2026-02-09 17:27:26.678] Heartbeat acknowledged.
[2026-02-09 17:27:27.182] Heartbeat sent
[2026-02-09 17:27:27.183] Heartbeat acknowledged.
[2026-02-09 17:27:27.683] Heartbeat sent
[2026-02-09 17:27:27.683] Heartbeat acknowledged.
[2026-02-09 17:27:28.186] Heartbeat sent
[2026-02-09 17:27:28.186] Sum set to 977
[2026-02-09 17:27:28.186] Heartbeat acknowledged.
[2026-02-09 17:27:28.689] Heartbeat sent
[2026-02-09 17:27:28.689] Sum set to 1031
[2026-02-09 17:27:28.690] Heartbeat acknowledged.
[2026-02-09 17:27:29.191] Heartbeat sent
[2026-02-09 17:27:29.191] Heartbeat acknowledged.
[2026-02-09 17:27:29.693] Heartbeat sent
[2026-02-09 17:27:29.694] Heartbeat acknowledged.
[2026-02-09 17:27:30.195] Heartbeat sent
[2026-02-09 17:27:30.197] Heartbeat acknowledged.
[2026-02-09 17:27:30.699] Heartbeat sent
[2026-02-09 17:27:30.700] Heartbeat acknowledged.
[2026-02-09 17:27:31.201] Heartbeat sent
[2026-02-09 17:27:31.201] Heartbeat acknowledged.
[2026-02-09 17:27:31.704] Heartbeat sent
[2026-02-09 17:27:31.704] Heartbeat acknowledged.
[2026-02-09 17:27:32.206] Heartbeat sent
[2026-02-09 17:27:32.207] Heartbeat acknowledged.
[2026-02-09 17:27:32.709] Heartbeat sent
[2026-02-09 17:27:32.710] Heartbeat acknowledged.
[2026-02-09 17:27:33.212] Heartbeat sent
[2026-02-09 17:27:33.212] Sum set to 1139
[2026-02-09 17:27:33.213] Heartbeat acknowledged.
[2026-02-09 17:27:33.715] Heartbeat sent
[2026-02-09 17:27:33.715] Sum set to 1205
[2026-02-09 17:27:33.716] Heartbeat acknowledged.
[2026-02-09 17:27:34.218] Heartbeat sent
[2026-02-09 17:27:34.219] Heartbeat acknowledged.
[2026-02-09 17:27:34.721] Heartbeat sent
[2026-02-09 17:27:34.721] Heartbeat acknowledged.
[2026-02-09 17:27:35.223] Heartbeat sent
[2026-02-09 17:27:35.223] Heartbeat acknowledged.
[2026-02-09 17:27:35.725] Heartbeat sent
[2026-02-09 17:27:35.725] Heartbeat acknowledged.
[2026-02-09 17:27:36.228] Heartbeat sent
[2026-02-09 17:27:36.228] Heartbeat acknowledged.
[2026-02-09 17:27:36.730] Heartbeat sent
[2026-02-09 17:27:36.730] Heartbeat acknowledged.
[2026-02-09 17:27:37.232] Heartbeat sent
[2026-02-09 17:27:37.232] Heartbeat acknowledged.
[2026-02-09 17:27:37.734] Heartbeat sent
[2026-02-09 17:27:37.735] Heartbeat acknowledged.
[2026-02-09 17:27:38.238] Heartbeat sent
[2026-02-09 17:27:38.238] Sum set to 1307
[2026-02-09 17:27:38.238] Heartbeat acknowledged.
[2026-02-09 17:27:38.741] Heartbeat sent
[2026-02-09 17:27:38.741] Sum set to 1376
[2026-02-09 17:27:38.742] Heartbeat acknowledged.
[2026-02-09 17:27:39.244] Heartbeat sent
[2026-02-09 17:27:39.244] Heartbeat acknowledged.
[2026-02-09 17:27:39.749] Heartbeat failed: Connection refused: connect
[2026-02-09 17:27:40.250] Heartbeat failed: Connection refused: connect
