[2026-02-09 17:06:31.872] Server 2003 started
[2026-02-09 17:06:31.883] Heartbeat sent
[2026-02-09 17:06:31.885] Heartbeat acknowledged.
[2026-02-09 17:06:32.387] Heartbeat sent
[2026-02-09 17:06:32.388] Heartbeat acknowledged.
[2026-02-09 17:06:32.892] Heartbeat sent
[2026-02-09 17:06:32.896] Heartbeat acknowledged.
[2026-02-09 17:06:33.399] Heartbeat sent
[2026-02-09 17:06:33.401] Heartbeat acknowledged.
[2026-02-09 17:06:33.903] Heartbeat sent
[2026-02-09 17:06:33.904] Heartbeat acknowledged.
[2026-02-09 17:06:34.406] Heartbeat sent
[2026-02-09 17:06:34.406] Heartbeat acknowledged.
[2026-02-09 17:06:34.911] Heartbeat sent
[2026-02-09 17:06:34.913] Heartbeat acknowledged.
[2026-02-09 17:06:35.414] Heartbeat sent
[2026-02-09 17:06:35.414] Heartbeat acknowledged.
[2026-02-09 17:06:35.917] Heartbeat sent
[2026-02-09 17:06:35.918] Heartbeat acknowledged.
[2026-02-09 17:06:36.419] Heartbeat sent
[2026-02-09 17:06:36.421] Heartbeat acknowledged.
[2026-02-09 17:06:36.923] Heartbeat sent
[2026-02-09 17:06:36.924] Sum set to 47
[2026-02-09 17:06:36.925] Heartbeat acknowledged.
[2026-02-09 17:06:37.426] Heartbeat sent
[2026-02-09 17:06:37.427] Heartbeat acknowledged.
[2026-02-09 17:06:37.928] Heartbeat sent
[2026-02-09 17:06:37.929] Heartbeat acknowledged.
[2026-02-09 17:06:38.431] Heartbeat sent
[2026-02-09 17:06:38.432] Sum set to 183
[2026-02-09 17:06:38.432] Heartbeat acknowledged.
[2026-02-09 17:06:38.935] Heartbeat sent
[2026-02-09 17:06:38.936] Heartbeat acknowledged.
[2026-02-09 17:06:39.437] Heartbeat sent
[2026-02-09 17:06:39.438] Heartbeat acknowledged.
[2026-02-09 17:06:39.940] Heartbeat sent
[2026-02-09 17:06:39.942] Heartbeat acknowledged.
[2026-02-09 17:06:40.443] Heartbeat sent
[2026-02-09 17:06:40.445] Heartbeat acknowledged.
[2026-02-09 17:06:40.947] Heartbeat sent
[2026-02-09 17:06:40.948] Heartbeat acknowledged.
[2026-02-09 17:06:41.449] Heartbeat sent
[2026-02-09 17:06:41.451] Heartbeat acknowledged.
[2026-02-09 17:06:41.952] Heartbeat sent
[2026-02-09 17:06:41.953] Heartbeat acknowledged.
[2026-02-09 17:06:42.455] Heartbeat sent
[2026-02-09 17:06:42.455] Heartbeat acknowledged.
[2026-02-09 17:06:42.957] Heartbeat sent
[2026-02-09 17:06:42.958] Heartbeat acknowledged.
[2026-02-09 17:06:43.459] Heartbeat sent
[2026-02-09 17:06:43.461] Sum set to 348
[2026-02-09 17:06:43.461] Heartbeat acknowledged.
[2026-02-09 17:06:43.963] Heartbeat sent
[2026-02-09 17:06:43.963] Sum set to 408
[2026-02-09 17:06:43.963] Heartbeat acknowledged.
[2026-02-09 17:06:44.466] Heartbeat sent
[2026-02-09 17:06:44.467] Heartbeat acknowledged.
[2026-02-09 17:06:44.968] Heartbeat sent
[2026-02-09 17:06:44.968] Heartbeat acknowledged.
[2026-02-09 17:06:45.471] Heartbeat sent
[2026-02-09 17:06:45.472] Heartbeat acknowledged.
[2026-02-09 17:06:45.973] Heartbeat sent
[2026-02-09 17:06:45.974] Heartbeat acknowledged.
[2026-02-09 17:06:46.476] Heartbeat sent
[2026-02-09 17:06:46.477] Heartbeat acknowledged.
[2026-02-09 17:06:46.978] Heartbeat sent
[2026-02-09 17:06:46.980] Heartbeat acknowledged.
[2026-02-09 17:06:47.481] Heartbeat sent
[2026-02-09 17:06:47.483] Heartbeat acknowledged.
[2026-02-09 17:06:47.985] Heartbeat sent
[2026-02-09 17:06:47.986] Heartbeat acknowledged.
[2026-02-09 17:06:48.487] Heartbeat sent
[2026-02-09 17:06:48.488] Sum set to 468
[2026-02-09 17:06:48.488] Heartbeat acknowledged.
[2026-02-09 17:06:48.991] Heartbeat sent
[2026-02-09 17:06:48.991] Sum set to 595
[2026-02-09 17:06:48.991] Heartbeat acknowledged.
[2026-02-09 17:06:49.493] Heartbeat sent
[2026-02-09 17:06:49.493] Heartbeat acknowledged.
[2026-02-09 17:06:49.996] Heartbeat sent
[2026-02-09 17:06:49.997] Heartbeat acknowledged.
[2026-02-09 17:06:50.500] Heartbeat sent
[2026-02-09 17:06:50.500] Heartbeat acknowledged.
[2026-02-09 17:06:51.002] Heartbeat sent
[2026-02-09 17:06:51.014] Heartbeat acknowledged.
[2026-02-09 17:06:51.517] Heartbeat failed: Connection refused: connect
[2026-02-09 17:27:02.265] Server 2003 started
[2026-02-09 17:27:02.276] Heartbeat sent
[2026-02-09 17:27:02.279] Heartbeat acknowledged.
[2026-02-09 17:27:02.780] Heartbeat sent
[2026-02-09 17:27:02.782] Heartbeat acknowledged.
[2026-02-09 17:27:03.283] Heartbeat sent
[2026-02-09 17:27:03.285] Heartbeat acknowledged.
[2026-02-09 17:27:03.787] Heartbeat sent
[2026-02-09 17:27:03.789] Heartbeat acknowledged.
[2026-02-09 17:27:04.291] Heartbeat sent
[2026-02-09 17:27:04.292] Heartbeat acknowledged.
[2026-02-09 17:27:04.793] Heartbeat sent
[2026-02-09 17:27:04.795] Heartbeat acknowledged.
[2026-02-09 17:27:05.296] Heartbeat sent
[2026-02-09 17:27:05.297] Heartbeat acknowledged.
[2026-02-09 17:27:05.799] Heartbeat sent
[2026-02-09 17:27:05.800] Heartbeat acknowledged.
[2026-02-09 17:27:06.301] Heartbeat sent
[2026-02-09 17:27:06.303] Heartbeat acknowledged.
[2026-02-09 17:27:06.805] Heartbeat sent
[2026-02-09 17:27:06.806] Sum set to 15
[2026-02-09 17:27:06.806] Heartbeat acknowledged.
[2026-02-09 17:27:07.307] Heartbeat sent
[2026-02-09 17:27:07.309] Heartbeat acknowledged.
[2026-02-09 17:27:07.811] Heartbeat sent
[2026-02-09 17:27:07.812] Sum set to 86
[2026-02-09 17:27:07.812] Heartbeat acknowledged.
[2026-02-09 17:27:08.314] Heartbeat sent
[2026-02-09 17:27:08.316] Sum set to 220
[2026-02-09 17:27:08.316] Heartbeat acknowledged.
[2026-02-09 17:27:08.817] Heartbeat sent
[2026-02-09 17:27:08.819] Heartbeat acknowledged.
[2026-02-09 17:27:09.321] Heartbeat sent
[2026-02-09 17:27:09.323] Heartbeat acknowledged.
[2026-02-09 17:27:09.823] Heartbeat sent
[2026-02-09 17:27:09.825] Heartbeat acknowledged.
[2026-02-09 17:27:10.326] Heartbeat sent
[2026-02-09 17:27:10.328] Heartbeat acknowledged.
[2026-02-09 17:27:10.830] Heartbeat sent
[2026-02-09 17:27:10.832] Heartbeat acknowledged.
[2026-02-09 17:27:11.334] Heartbeat sent
[2026-02-09 17:27:11.335] Heartbeat acknowledged.
[2026-02-09 17:27:11.838] Heartbeat sent
[2026-02-09 17:27:11.839] Sum set to 314
[2026-02-09 17:27:11.840] Heartbeat acknowledged.
[2026-02-09 17:27:12.341] Heartbeat sent
[2026-02-09 17:27:12.341] Heartbeat acknowledged.
[2026-02-09 17:27:12.844] Heartbeat sent
[2026-02-09 17:27:12.846] Sum set to 320
[2026-02-09 17:27:12.846] Heartbeat acknowledged.
[2026-02-09 17:27:13.347] Heartbeat sent
[2026-02-09 17:27:13.347] Sum set to 437
[2026-02-09 17:27:13.348] Heartbeat acknowledged.
[2026-02-09 17:27:13.850] Heartbeat sent
[2026-02-09 17:27:13.852] Heartbeat acknowledged.
[2026-02-09 17:27:14.353] Heartbeat sent
[2026-02-09 17:27:14.354] Heartbeat acknowledged.
[2026-02-09 17:27:14.856] Heartbeat sent
[2026-02-09 17:27:14.857] Heartbeat acknowledged.
[2026-02-09 17:27:15.359] Heartbeat sent
[2026-02-09 17:27:15.359] Heartbeat acknowledged.
[2026-02-09 17:27:15.862] Heartbeat sent
[2026-02-09 17:27:15.864] Heartbeat acknowledged.
[2026-02-09 17:27:16.367] Heartbeat sent
[2026-02-09 17:27:16.368] Heartbeat acknowledged.
[2026-02-09 17:27:16.869] Heartbeat sent
[2026-02-09 17:27:16.869] Sum set to 508
[2026-02-09 17:27:16.871] Heartbeat acknowledged.
[2026-02-09 17:27:17.373] Heartbeat sent
[2026-02-09 17:27:17.373] Heartbeat acknowledged.
[2026-02-09 17:27:17.876] Heartbeat sent
[2026-02-09 17:27:17.876] Sum set to 583
[2026-02-09 17:27:17.877] Heartbeat acknowledged.
[2026-02-09 17:27:18.378] Heartbeat sent
[2026-02-09 17:27:18.379] Sum set to 742
[2026-02-09 17:27:18.380] Heartbeat acknowledged.
[2026-02-09 17:27:18.880] Heartbeat sent
[2026-02-09 17:27:18.880] Heartbeat acknowledged.
[2026-02-09 17:27:19.383] Heartbeat sent
[2026-02-09 17:27:19.384] Heartbeat acknowledged.
[2026-02-09 17:27:19.887] Heartbeat sent
[2026-02-09 17:27:19.888] Heartbeat acknowledged.
[2026-02-09 17:27:20.390] Heartbeat sent
[2026-02-09 17:27:20.390] Heartbeat acknowledged.
[2026-02-09 17:27:20.893] Heartbeat sent
[2026-02-09 17:27:20.894] Heartbeat acknowledged.
[2026-02-09 17:27:21.395] Heartbeat sent
[2026-02-09 17:27:21.396] Heartbeat acknowledged.
[2026-02-09 17:27:21.897] Heartbeat sent
[2026-02-09 17:27:21.897] Sum set to 771
[2026-02-09 17:27:21.898] Heartbeat acknowledged.
[2026-02-09 17:27:22.400] Heartbeat sent
[2026-02-09 17:27:22.400] Heartbeat acknowledged.
[2026-02-09 17:27:22.904] Heartbeat sent
[2026-02-09 17:27:22.905] Sum set to 792
[2026-02-09 17:27:22.906] Heartbeat acknowledged.
[2026-02-09 17:27:23.407] Heartbeat sent
[2026-02-09 17:27:23.408] Sum set to 861
[2026-02-09 17:27:23.408] Heartbeat acknowledged.
[2026-02-09 17:27:23.910] Heartbeat sent
[2026-02-09 17:27:23.911] Heartbeat acknowledged.
[2026-02-09 17:27:24.413] Heartbeat sent
[2026-02-09 17:27:24.414] Heartbeat acknowledged.
[2026-02-09 17:27:24.915] Heartbeat sent
[2026-02-09 17:27:24.915] Heartbeat acknowledged.
[2026-02-09 17:27:25.418] Heartbeat sent
[2026-02-09 17:27:25.418] Heartbeat acknowledged.
[2026-02-09 17:27:25.921] Heartbeat sent
[2026-02-09 17:27:25.922] Heartbeat acknowledged.
[2026-02-09 17:27:26.425] Heartbeat sent
[2026-02-09 17:27:26.427] Heartbeat acknowledged.
[2026-02-09 17:27:26.929] Heartbeat sent
[2026-02-09 17:27:26.930] Heartbeat acknowledged.
[2026-02-09 17:27:27.430] Heartbeat sent
[2026-02-09 17:27:27.432] Heartbeat acknowledged.
[2026-02-09 17:27:27.934] Heartbeat sent
[2026-02-09 17:27:27.936] Sum set to 956
[2026-02-09 17:27:27.936] Heartbeat acknowledged.
[2026-02-09 17:27:28.438] Heartbeat sent
[2026-02-09 17:27:28.438] Sum set to 1031
[2026-02-09 17:27:28.439] Heartbeat acknowledged.
[2026-02-09 17:27:28.940] Heartbeat sent
[2026-02-09 17:27:28.940] Heartbeat acknowledged.
[2026-02-09 17:27:29.443] Heartbeat sent
[2026-02-09 17:27:29.443] Heartbeat acknowledged.
[2026-02-09 17:27:29.945] Heartbeat sent
[2026-02-09 17:27:29.947] Heartbeat acknowledged.
[2026-02-09 17:27:30.449] Heartbeat sent
[2026-02-09 17:27:30.449] Heartbeat acknowledged.
[2026-02-09 17:27:30.951] Heartbeat sent
[2026-02-09 17:27:30.951] Heartbeat acknowledged.
[2026-02-09 17:27:31.454] Heartbeat sent
[2026-02-09 17:27:31.454] Heartbeat acknowledged.
[2026-02-09 17:27:31.957] Heartbeat sent
[2026-02-09 17:27:31.957] Heartbeat acknowledged.
[2026-02-09 17:27:32.461] Heartbeat sent
[2026-02-09 17:27:32.462] Heartbeat acknowledged.
[2026-02-09 17:27:32.963] Heartbeat sent
[2026-02-09 17:27:32.964] Sum set to 1103
[2026-02-09 17:27:32.965] Heartbeat acknowledged.
[2026-02-09 17:27:33.466] Heartbeat sent
[2026-02-09 17:27:33.468] Sum set to 1205
[2026-02-09 17:27:33.468] Heartbeat acknowledged.
[2026-02-09 17:27:33.969] Heartbeat sent
[2026-02-09 17:27:33.969] Heartbeat acknowledged.
[2026-02-09 17:27:34.473] Heartbeat sent
[2026-02-09 17:27:34.473] Heartbeat acknowledged.
[2026-02-09 17:27:34.975] Heartbeat sent
[2026-02-09 17:27:34.975] Heartbeat acknowledged.
[2026-02-09 17:27:35.478] Heartbeat sent
[2026-02-09 17:27:35.479] Heartbeat acknowledged.
[2026-02-09 17:27:35.982] Heartbeat sent
[2026-02-09 17:27:35.982] Heartbeat acknowledged.
[2026-02-09 17:27:36.484] Heartbeat sent
[2026-02-09 17:27:36.485] Heartbeat acknowledged.
[2026-02-09 17:27:36.987] Heartbeat sent
[2026-02-09 17:27:36.988] Heartbeat acknowledged.
[2026-02-09 17:27:37.490] Heartbeat sent
[2026-02-09 17:27:37.490] Heartbeat acknowledged.
[2026-02-09 17:27:37.992] Heartbeat sent
[2026-02-09 17:27:37.993] Sum set to 1294
[2026-02-09 17:27:37.993] Heartbeat acknowledged.
[2026-02-09 17:27:38.495] Heartbeat sent
[2026-02-09 17:27:38.497] Sum set to 1376
[2026-02-09 17:27:38.497] Heartbeat acknowledged.
[2026-02-09 17:27:38.998] Heartbeat sent
[2026-02-09 17:27:38.998] Heartbeat acknowledged.
[2026-02-09 17:27:39.500] Heartbeat sent
[2026-02-09 17:27:39.533] Heartbeat failed: No line found
[2026-02-09 17:27:40.035] Heartbeat failed: Connection refused: connect
