[2026-02-09 17:06:31.120] Server 2001 started
[2026-02-09 17:06:31.234] Heartbeat sent
[2026-02-09 17:06:31.241] Server promoted to primary
[2026-02-09 17:06:31.243] Server promoted to PRIMARY
[2026-02-09 17:06:31.946] Heartbeat sent
[2026-02-09 17:06:31.947] Heartbeat acknowledged
[2026-02-09 17:06:32.751] Heartbeat sent
[2026-02-09 17:06:32.751] Heartbeat acknowledged
[2026-02-09 17:06:33.654] Heartbeat sent
[2026-02-09 17:06:33.655] Heartbeat acknowledged
[2026-02-09 17:06:34.659] Heartbeat sent
[2026-02-09 17:06:34.659] Heartbeat acknowledged
[2026-02-09 17:06:35.764] Heartbeat sent
[2026-02-09 17:06:35.766] Heartbeat acknowledged
[2026-02-09 17:06:36.116] Recieved 47
[2026-02-09 17:06:36.117] Sum updated to 47
[2026-02-09 17:06:36.818] Heartbeat sent
[2026-02-09 17:06:36.818] Heartbeat acknowledged
[2026-02-09 17:06:36.968] Heartbeat sent
[2026-02-09 17:06:36.969] Heartbeat acknowledged
[2026-02-09 17:06:37.368] Recieved 62
[2026-02-09 17:06:37.369] Sum updated to 109
[2026-02-09 17:06:37.616] Recieved 18
[2026-02-09 17:06:37.616] Sum updated to 127
[2026-02-09 17:06:37.949] Recieved 56
[2026-02-09 17:06:37.950] Sum updated to 183
[2026-02-09 17:06:38.272] Heartbeat sent
[2026-02-09 17:06:38.272] Heartbeat acknowledged
[2026-02-09 17:06:38.371] Heartbeat sent
[2026-02-09 17:06:38.371] Heartbeat acknowledged
[2026-02-09 17:06:38.518] Heartbeat sent
[2026-02-09 17:06:38.519] Heartbeat acknowledged
[2026-02-09 17:06:38.851] Heartbeat sent
[2026-02-09 17:06:38.852] Heartbeat acknowledged
[2026-02-09 17:06:40.176] Heartbeat sent
[2026-02-09 17:06:40.176] Heartbeat acknowledged
[2026-02-09 17:06:41.824] Recieved 75
[2026-02-09 17:06:41.824] Sum updated to 258
[2026-02-09 17:06:42.080] Heartbeat sent
[2026-02-09 17:06:42.080] Shutdown command recieved, closing...
[2026-02-09 17:27:01.511] Server 2001 started
[2026-02-09 17:27:01.625] Heartbeat sent
[2026-02-09 17:27:01.630] Server promoted to primary
[2026-02-09 17:27:01.630] Server promoted to PRIMARY
[2026-02-09 17:27:02.283] Heartbeat sent
[2026-02-09 17:27:02.285] Heartbeat acknowledged
[2026-02-09 17:27:02.989] Heartbeat sent
[2026-02-09 17:27:02.989] Heartbeat acknowledged
[2026-02-09 17:27:03.743] Heartbeat sent
[2026-02-09 17:27:03.743] Heartbeat acknowledged
[2026-02-09 17:27:04.546] Heartbeat sent
[2026-02-09 17:27:04.547] Heartbeat acknowledged
[2026-02-09 17:27:05.400] Heartbeat sent
[2026-02-09 17:27:05.400] Heartbeat acknowledged
[2026-02-09 17:27:06.304] Heartbeat sent
[2026-02-09 17:27:06.304] Heartbeat acknowledged
[2026-02-09 17:27:06.506] Recieved 15
[2026-02-09 17:27:06.507] Sum updated to 15
[2026-02-09 17:27:07.259] Heartbeat sent
[2026-02-09 17:27:07.259] Heartbeat acknowledged
[2026-02-09 17:27:07.751] Recieved 71
[2026-02-09 17:27:07.751] Sum updated to 86
[2026-02-09 17:27:08.006] Recieved 64
[2026-02-09 17:27:08.006] Sum updated to 150
[2026-02-09 17:27:08.261] Recieved 70
[2026-02-09 17:27:08.262] Sum updated to 220
[2026-02-09 17:27:08.263] Heartbeat sent
[2026-02-09 17:27:08.264] Heartbeat acknowledged
[2026-02-09 17:27:09.318] Heartbeat sent
[2026-02-09 17:27:09.318] Heartbeat acknowledged
[2026-02-09 17:27:10.422] Heartbeat sent
[2026-02-09 17:27:10.422] Heartbeat acknowledged
[2026-02-09 17:27:11.515] Recieved 94
[2026-02-09 17:27:11.515] Sum updated to 314
[2026-02-09 17:27:11.577] Heartbeat sent
[2026-02-09 17:27:11.577] Heartbeat acknowledged
[2026-02-09 17:27:12.761] Recieved 6
[2026-02-09 17:27:12.762] Sum updated to 320
[2026-02-09 17:27:12.780] Heartbeat sent
[2026-02-09 17:27:12.781] Heartbeat acknowledged
[2026-02-09 17:27:13.014] Recieved 71
[2026-02-09 17:27:13.014] Sum updated to 391
[2026-02-09 17:27:13.269] Recieved 46
[2026-02-09 17:27:13.269] Sum updated to 437
[2026-02-09 17:27:14.035] Heartbeat sent
[2026-02-09 17:27:14.035] Heartbeat acknowledged
[2026-02-09 17:27:15.337] Heartbeat sent
[2026-02-09 17:27:15.337] Heartbeat acknowledged
[2026-02-09 17:27:16.520] Recieved 71
[2026-02-09 17:27:16.520] Sum updated to 508
[2026-02-09 17:27:16.692] Heartbeat sent
[2026-02-09 17:27:16.692] Heartbeat acknowledged
[2026-02-09 17:27:17.766] Recieved 75
[2026-02-09 17:27:17.767] Sum updated to 583
[2026-02-09 17:27:18.017] Recieved 87
[2026-02-09 17:27:18.017] Sum updated to 670
[2026-02-09 17:27:18.096] Heartbeat sent
[2026-02-09 17:27:18.097] Heartbeat acknowledged
[2026-02-09 17:27:18.273] Recieved 72
[2026-02-09 17:27:18.273] Sum updated to 742
[2026-02-09 17:27:19.551] Heartbeat sent
[2026-02-09 17:27:19.552] Heartbeat acknowledged
[2026-02-09 17:27:21.055] Heartbeat sent
[2026-02-09 17:27:21.056] Heartbeat acknowledged
[2026-02-09 17:27:21.525] Recieved 29
[2026-02-09 17:27:21.525] Sum updated to 771
[2026-02-09 17:27:22.609] Heartbeat sent
[2026-02-09 17:27:22.609] Heartbeat acknowledged
[2026-02-09 17:27:22.771] Recieved 21
[2026-02-09 17:27:22.771] Sum updated to 792
[2026-02-09 17:27:23.021] Recieved 47
[2026-02-09 17:27:23.021] Sum updated to 839
[2026-02-09 17:27:23.278] Recieved 22
[2026-02-09 17:27:23.278] Sum updated to 861
[2026-02-09 17:27:24.212] Heartbeat sent
[2026-02-09 17:27:24.212] Heartbeat acknowledged
[2026-02-09 17:27:25.867] Heartbeat sent
[2026-02-09 17:27:25.875] Heartbeat acknowledged
[2026-02-09 17:27:27.581] Heartbeat sent
[2026-02-09 17:27:27.581] Heartbeat acknowledged
[2026-02-09 17:27:27.774] Recieved 95
[2026-02-09 17:27:27.774] Sum updated to 956
[2026-02-09 17:27:28.026] Recieved 21
[2026-02-09 17:27:28.026] Sum updated to 977
[2026-02-09 17:27:28.281] Recieved 54
[2026-02-09 17:27:28.281] Sum updated to 1031
[2026-02-09 17:27:29.334] Heartbeat sent
[2026-02-09 17:27:29.335] Heartbeat acknowledged
[2026-02-09 17:27:31.138] Heartbeat sent
[2026-02-09 17:27:31.138] Shutdown command recieved, closing...
